ARM GAS  /tmp/ccEaz5Ep.s 			page 1


   1              		.cpu cortex-m7
   2              		.eabi_attribute 28, 1
   3              		.eabi_attribute 20, 1
   4              		.eabi_attribute 21, 1
   5              		.eabi_attribute 23, 3
   6              		.eabi_attribute 24, 1
   7              		.eabi_attribute 25, 1
   8              		.eabi_attribute 26, 1
   9              		.eabi_attribute 30, 1
  10              		.eabi_attribute 34, 1
  11              		.eabi_attribute 18, 4
  12              		.file	"icmp.c"
  13              		.text
  14              	.Ltext0:
  15              		.cfi_sections	.debug_frame
  16              		.section	.text.icmp_send_response,"ax",%progbits
  17              		.align	1
  18              		.syntax unified
  19              		.thumb
  20              		.thumb_func
  21              		.fpu fpv5-d16
  23              	icmp_send_response:
  24              	.LFB161:
  25              		.file 1 "Middlewares/Third_Party/LwIP/src/core/ipv4/icmp.c"
   1:Middlewares/Third_Party/LwIP/src/core/ipv4/icmp.c **** /**
   2:Middlewares/Third_Party/LwIP/src/core/ipv4/icmp.c ****  * @file
   3:Middlewares/Third_Party/LwIP/src/core/ipv4/icmp.c ****  * ICMP - Internet Control Message Protocol
   4:Middlewares/Third_Party/LwIP/src/core/ipv4/icmp.c ****  *
   5:Middlewares/Third_Party/LwIP/src/core/ipv4/icmp.c ****  */
   6:Middlewares/Third_Party/LwIP/src/core/ipv4/icmp.c **** 
   7:Middlewares/Third_Party/LwIP/src/core/ipv4/icmp.c **** /*
   8:Middlewares/Third_Party/LwIP/src/core/ipv4/icmp.c ****  * Copyright (c) 2001-2004 Swedish Institute of Computer Science.
   9:Middlewares/Third_Party/LwIP/src/core/ipv4/icmp.c ****  * All rights reserved.
  10:Middlewares/Third_Party/LwIP/src/core/ipv4/icmp.c ****  *
  11:Middlewares/Third_Party/LwIP/src/core/ipv4/icmp.c ****  * Redistribution and use in source and binary forms, with or without modification,
  12:Middlewares/Third_Party/LwIP/src/core/ipv4/icmp.c ****  * are permitted provided that the following conditions are met:
  13:Middlewares/Third_Party/LwIP/src/core/ipv4/icmp.c ****  *
  14:Middlewares/Third_Party/LwIP/src/core/ipv4/icmp.c ****  * 1. Redistributions of source code must retain the above copyright notice,
  15:Middlewares/Third_Party/LwIP/src/core/ipv4/icmp.c ****  *    this list of conditions and the following disclaimer.
  16:Middlewares/Third_Party/LwIP/src/core/ipv4/icmp.c ****  * 2. Redistributions in binary form must reproduce the above copyright notice,
  17:Middlewares/Third_Party/LwIP/src/core/ipv4/icmp.c ****  *    this list of conditions and the following disclaimer in the documentation
  18:Middlewares/Third_Party/LwIP/src/core/ipv4/icmp.c ****  *    and/or other materials provided with the distribution.
  19:Middlewares/Third_Party/LwIP/src/core/ipv4/icmp.c ****  * 3. The name of the author may not be used to endorse or promote products
  20:Middlewares/Third_Party/LwIP/src/core/ipv4/icmp.c ****  *    derived from this software without specific prior written permission.
  21:Middlewares/Third_Party/LwIP/src/core/ipv4/icmp.c ****  *
  22:Middlewares/Third_Party/LwIP/src/core/ipv4/icmp.c ****  * THIS SOFTWARE IS PROVIDED BY THE AUTHOR ``AS IS'' AND ANY EXPRESS OR IMPLIED
  23:Middlewares/Third_Party/LwIP/src/core/ipv4/icmp.c ****  * WARRANTIES, INCLUDING, BUT NOT LIMITED TO, THE IMPLIED WARRANTIES OF
  24:Middlewares/Third_Party/LwIP/src/core/ipv4/icmp.c ****  * MERCHANTABILITY AND FITNESS FOR A PARTICULAR PURPOSE ARE DISCLAIMED. IN NO EVENT
  25:Middlewares/Third_Party/LwIP/src/core/ipv4/icmp.c ****  * SHALL THE AUTHOR BE LIABLE FOR ANY DIRECT, INDIRECT, INCIDENTAL, SPECIAL,
  26:Middlewares/Third_Party/LwIP/src/core/ipv4/icmp.c ****  * EXEMPLARY, OR CONSEQUENTIAL DAMAGES (INCLUDING, BUT NOT LIMITED TO, PROCUREMENT
  27:Middlewares/Third_Party/LwIP/src/core/ipv4/icmp.c ****  * OF SUBSTITUTE GOODS OR SERVICES; LOSS OF USE, DATA, OR PROFITS; OR BUSINESS
  28:Middlewares/Third_Party/LwIP/src/core/ipv4/icmp.c ****  * INTERRUPTION) HOWEVER CAUSED AND ON ANY THEORY OF LIABILITY, WHETHER IN
  29:Middlewares/Third_Party/LwIP/src/core/ipv4/icmp.c ****  * CONTRACT, STRICT LIABILITY, OR TORT (INCLUDING NEGLIGENCE OR OTHERWISE) ARISING
  30:Middlewares/Third_Party/LwIP/src/core/ipv4/icmp.c ****  * IN ANY WAY OUT OF THE USE OF THIS SOFTWARE, EVEN IF ADVISED OF THE POSSIBILITY
  31:Middlewares/Third_Party/LwIP/src/core/ipv4/icmp.c ****  * OF SUCH DAMAGE.
  32:Middlewares/Third_Party/LwIP/src/core/ipv4/icmp.c ****  *
  33:Middlewares/Third_Party/LwIP/src/core/ipv4/icmp.c ****  * This file is part of the lwIP TCP/IP stack.
ARM GAS  /tmp/ccEaz5Ep.s 			page 2


  34:Middlewares/Third_Party/LwIP/src/core/ipv4/icmp.c ****  *
  35:Middlewares/Third_Party/LwIP/src/core/ipv4/icmp.c ****  * Author: Adam Dunkels <adam@sics.se>
  36:Middlewares/Third_Party/LwIP/src/core/ipv4/icmp.c ****  *
  37:Middlewares/Third_Party/LwIP/src/core/ipv4/icmp.c ****  */
  38:Middlewares/Third_Party/LwIP/src/core/ipv4/icmp.c **** 
  39:Middlewares/Third_Party/LwIP/src/core/ipv4/icmp.c **** /* Some ICMP messages should be passed to the transport protocols. This
  40:Middlewares/Third_Party/LwIP/src/core/ipv4/icmp.c ****    is not implemented. */
  41:Middlewares/Third_Party/LwIP/src/core/ipv4/icmp.c **** 
  42:Middlewares/Third_Party/LwIP/src/core/ipv4/icmp.c **** #include "lwip/opt.h"
  43:Middlewares/Third_Party/LwIP/src/core/ipv4/icmp.c **** 
  44:Middlewares/Third_Party/LwIP/src/core/ipv4/icmp.c **** #if LWIP_IPV4 && LWIP_ICMP /* don't build if not configured for use in lwipopts.h */
  45:Middlewares/Third_Party/LwIP/src/core/ipv4/icmp.c **** 
  46:Middlewares/Third_Party/LwIP/src/core/ipv4/icmp.c **** #include "lwip/icmp.h"
  47:Middlewares/Third_Party/LwIP/src/core/ipv4/icmp.c **** #include "lwip/inet_chksum.h"
  48:Middlewares/Third_Party/LwIP/src/core/ipv4/icmp.c **** #include "lwip/ip.h"
  49:Middlewares/Third_Party/LwIP/src/core/ipv4/icmp.c **** #include "lwip/def.h"
  50:Middlewares/Third_Party/LwIP/src/core/ipv4/icmp.c **** #include "lwip/stats.h"
  51:Middlewares/Third_Party/LwIP/src/core/ipv4/icmp.c **** 
  52:Middlewares/Third_Party/LwIP/src/core/ipv4/icmp.c **** #include <string.h>
  53:Middlewares/Third_Party/LwIP/src/core/ipv4/icmp.c **** 
  54:Middlewares/Third_Party/LwIP/src/core/ipv4/icmp.c **** #ifdef LWIP_HOOK_FILENAME
  55:Middlewares/Third_Party/LwIP/src/core/ipv4/icmp.c **** #include LWIP_HOOK_FILENAME
  56:Middlewares/Third_Party/LwIP/src/core/ipv4/icmp.c **** #endif
  57:Middlewares/Third_Party/LwIP/src/core/ipv4/icmp.c **** 
  58:Middlewares/Third_Party/LwIP/src/core/ipv4/icmp.c **** /** Small optimization: set to 0 if incoming PBUF_POOL pbuf always can be
  59:Middlewares/Third_Party/LwIP/src/core/ipv4/icmp.c ****  * used to modify and send a response packet (and to 1 if this is not the case,
  60:Middlewares/Third_Party/LwIP/src/core/ipv4/icmp.c ****  * e.g. when link header is stripped of when receiving) */
  61:Middlewares/Third_Party/LwIP/src/core/ipv4/icmp.c **** #ifndef LWIP_ICMP_ECHO_CHECK_INPUT_PBUF_LEN
  62:Middlewares/Third_Party/LwIP/src/core/ipv4/icmp.c **** #define LWIP_ICMP_ECHO_CHECK_INPUT_PBUF_LEN 1
  63:Middlewares/Third_Party/LwIP/src/core/ipv4/icmp.c **** #endif /* LWIP_ICMP_ECHO_CHECK_INPUT_PBUF_LEN */
  64:Middlewares/Third_Party/LwIP/src/core/ipv4/icmp.c **** 
  65:Middlewares/Third_Party/LwIP/src/core/ipv4/icmp.c **** /* The amount of data from the original packet to return in a dest-unreachable */
  66:Middlewares/Third_Party/LwIP/src/core/ipv4/icmp.c **** #define ICMP_DEST_UNREACH_DATASIZE 8
  67:Middlewares/Third_Party/LwIP/src/core/ipv4/icmp.c **** 
  68:Middlewares/Third_Party/LwIP/src/core/ipv4/icmp.c **** static void icmp_send_response(struct pbuf *p, u8_t type, u8_t code);
  69:Middlewares/Third_Party/LwIP/src/core/ipv4/icmp.c **** 
  70:Middlewares/Third_Party/LwIP/src/core/ipv4/icmp.c **** /**
  71:Middlewares/Third_Party/LwIP/src/core/ipv4/icmp.c ****  * Processes ICMP input packets, called from ip_input().
  72:Middlewares/Third_Party/LwIP/src/core/ipv4/icmp.c ****  *
  73:Middlewares/Third_Party/LwIP/src/core/ipv4/icmp.c ****  * Currently only processes icmp echo requests and sends
  74:Middlewares/Third_Party/LwIP/src/core/ipv4/icmp.c ****  * out the echo response.
  75:Middlewares/Third_Party/LwIP/src/core/ipv4/icmp.c ****  *
  76:Middlewares/Third_Party/LwIP/src/core/ipv4/icmp.c ****  * @param p the icmp echo request packet, p->payload pointing to the icmp header
  77:Middlewares/Third_Party/LwIP/src/core/ipv4/icmp.c ****  * @param inp the netif on which this packet was received
  78:Middlewares/Third_Party/LwIP/src/core/ipv4/icmp.c ****  */
  79:Middlewares/Third_Party/LwIP/src/core/ipv4/icmp.c **** void
  80:Middlewares/Third_Party/LwIP/src/core/ipv4/icmp.c **** icmp_input(struct pbuf *p, struct netif *inp)
  81:Middlewares/Third_Party/LwIP/src/core/ipv4/icmp.c **** {
  82:Middlewares/Third_Party/LwIP/src/core/ipv4/icmp.c ****   u8_t type;
  83:Middlewares/Third_Party/LwIP/src/core/ipv4/icmp.c **** #ifdef LWIP_DEBUG
  84:Middlewares/Third_Party/LwIP/src/core/ipv4/icmp.c ****   u8_t code;
  85:Middlewares/Third_Party/LwIP/src/core/ipv4/icmp.c **** #endif /* LWIP_DEBUG */
  86:Middlewares/Third_Party/LwIP/src/core/ipv4/icmp.c ****   struct icmp_echo_hdr *iecho;
  87:Middlewares/Third_Party/LwIP/src/core/ipv4/icmp.c ****   const struct ip_hdr *iphdr_in;
  88:Middlewares/Third_Party/LwIP/src/core/ipv4/icmp.c ****   u16_t hlen;
  89:Middlewares/Third_Party/LwIP/src/core/ipv4/icmp.c ****   const ip4_addr_t* src;
  90:Middlewares/Third_Party/LwIP/src/core/ipv4/icmp.c **** 
ARM GAS  /tmp/ccEaz5Ep.s 			page 3


  91:Middlewares/Third_Party/LwIP/src/core/ipv4/icmp.c ****   ICMP_STATS_INC(icmp.recv);
  92:Middlewares/Third_Party/LwIP/src/core/ipv4/icmp.c ****   MIB2_STATS_INC(mib2.icmpinmsgs);
  93:Middlewares/Third_Party/LwIP/src/core/ipv4/icmp.c **** 
  94:Middlewares/Third_Party/LwIP/src/core/ipv4/icmp.c ****   iphdr_in = ip4_current_header();
  95:Middlewares/Third_Party/LwIP/src/core/ipv4/icmp.c ****   hlen = IPH_HL(iphdr_in) * 4;
  96:Middlewares/Third_Party/LwIP/src/core/ipv4/icmp.c ****   if (hlen < IP_HLEN) {
  97:Middlewares/Third_Party/LwIP/src/core/ipv4/icmp.c ****     LWIP_DEBUGF(ICMP_DEBUG, ("icmp_input: short IP header (%"S16_F" bytes) received\n", hlen));
  98:Middlewares/Third_Party/LwIP/src/core/ipv4/icmp.c ****     goto lenerr;
  99:Middlewares/Third_Party/LwIP/src/core/ipv4/icmp.c ****   }
 100:Middlewares/Third_Party/LwIP/src/core/ipv4/icmp.c ****   if (p->len < sizeof(u16_t)*2) {
 101:Middlewares/Third_Party/LwIP/src/core/ipv4/icmp.c ****     LWIP_DEBUGF(ICMP_DEBUG, ("icmp_input: short ICMP (%"U16_F" bytes) received\n", p->tot_len));
 102:Middlewares/Third_Party/LwIP/src/core/ipv4/icmp.c ****     goto lenerr;
 103:Middlewares/Third_Party/LwIP/src/core/ipv4/icmp.c ****   }
 104:Middlewares/Third_Party/LwIP/src/core/ipv4/icmp.c **** 
 105:Middlewares/Third_Party/LwIP/src/core/ipv4/icmp.c ****   type = *((u8_t *)p->payload);
 106:Middlewares/Third_Party/LwIP/src/core/ipv4/icmp.c **** #ifdef LWIP_DEBUG
 107:Middlewares/Third_Party/LwIP/src/core/ipv4/icmp.c ****   code = *(((u8_t *)p->payload)+1);
 108:Middlewares/Third_Party/LwIP/src/core/ipv4/icmp.c **** #endif /* LWIP_DEBUG */
 109:Middlewares/Third_Party/LwIP/src/core/ipv4/icmp.c ****   switch (type) {
 110:Middlewares/Third_Party/LwIP/src/core/ipv4/icmp.c ****   case ICMP_ER:
 111:Middlewares/Third_Party/LwIP/src/core/ipv4/icmp.c ****     /* This is OK, echo reply might have been parsed by a raw PCB
 112:Middlewares/Third_Party/LwIP/src/core/ipv4/icmp.c ****        (as obviously, an echo request has been sent, too). */
 113:Middlewares/Third_Party/LwIP/src/core/ipv4/icmp.c ****     MIB2_STATS_INC(mib2.icmpinechoreps);
 114:Middlewares/Third_Party/LwIP/src/core/ipv4/icmp.c ****     break;
 115:Middlewares/Third_Party/LwIP/src/core/ipv4/icmp.c ****   case ICMP_ECHO:
 116:Middlewares/Third_Party/LwIP/src/core/ipv4/icmp.c ****     MIB2_STATS_INC(mib2.icmpinechos);
 117:Middlewares/Third_Party/LwIP/src/core/ipv4/icmp.c ****     src = ip4_current_dest_addr();
 118:Middlewares/Third_Party/LwIP/src/core/ipv4/icmp.c ****     /* multicast destination address? */
 119:Middlewares/Third_Party/LwIP/src/core/ipv4/icmp.c ****     if (ip4_addr_ismulticast(ip4_current_dest_addr())) {
 120:Middlewares/Third_Party/LwIP/src/core/ipv4/icmp.c **** #if LWIP_MULTICAST_PING
 121:Middlewares/Third_Party/LwIP/src/core/ipv4/icmp.c ****       /* For multicast, use address of receiving interface as source address */
 122:Middlewares/Third_Party/LwIP/src/core/ipv4/icmp.c ****       src = netif_ip4_addr(inp);
 123:Middlewares/Third_Party/LwIP/src/core/ipv4/icmp.c **** #else /* LWIP_MULTICAST_PING */
 124:Middlewares/Third_Party/LwIP/src/core/ipv4/icmp.c ****       LWIP_DEBUGF(ICMP_DEBUG, ("icmp_input: Not echoing to multicast pings\n"));
 125:Middlewares/Third_Party/LwIP/src/core/ipv4/icmp.c ****       goto icmperr;
 126:Middlewares/Third_Party/LwIP/src/core/ipv4/icmp.c **** #endif /* LWIP_MULTICAST_PING */
 127:Middlewares/Third_Party/LwIP/src/core/ipv4/icmp.c ****     }
 128:Middlewares/Third_Party/LwIP/src/core/ipv4/icmp.c ****     /* broadcast destination address? */
 129:Middlewares/Third_Party/LwIP/src/core/ipv4/icmp.c ****     if (ip4_addr_isbroadcast(ip4_current_dest_addr(), ip_current_netif())) {
 130:Middlewares/Third_Party/LwIP/src/core/ipv4/icmp.c **** #if LWIP_BROADCAST_PING
 131:Middlewares/Third_Party/LwIP/src/core/ipv4/icmp.c ****       /* For broadcast, use address of receiving interface as source address */
 132:Middlewares/Third_Party/LwIP/src/core/ipv4/icmp.c ****       src = netif_ip4_addr(inp);
 133:Middlewares/Third_Party/LwIP/src/core/ipv4/icmp.c **** #else /* LWIP_BROADCAST_PING */
 134:Middlewares/Third_Party/LwIP/src/core/ipv4/icmp.c ****       LWIP_DEBUGF(ICMP_DEBUG, ("icmp_input: Not echoing to broadcast pings\n"));
 135:Middlewares/Third_Party/LwIP/src/core/ipv4/icmp.c ****       goto icmperr;
 136:Middlewares/Third_Party/LwIP/src/core/ipv4/icmp.c **** #endif /* LWIP_BROADCAST_PING */
 137:Middlewares/Third_Party/LwIP/src/core/ipv4/icmp.c ****     }
 138:Middlewares/Third_Party/LwIP/src/core/ipv4/icmp.c ****     LWIP_DEBUGF(ICMP_DEBUG, ("icmp_input: ping\n"));
 139:Middlewares/Third_Party/LwIP/src/core/ipv4/icmp.c ****     if (p->tot_len < sizeof(struct icmp_echo_hdr)) {
 140:Middlewares/Third_Party/LwIP/src/core/ipv4/icmp.c ****       LWIP_DEBUGF(ICMP_DEBUG, ("icmp_input: bad ICMP echo received\n"));
 141:Middlewares/Third_Party/LwIP/src/core/ipv4/icmp.c ****       goto lenerr;
 142:Middlewares/Third_Party/LwIP/src/core/ipv4/icmp.c ****     }
 143:Middlewares/Third_Party/LwIP/src/core/ipv4/icmp.c **** #if CHECKSUM_CHECK_ICMP
 144:Middlewares/Third_Party/LwIP/src/core/ipv4/icmp.c ****     IF__NETIF_CHECKSUM_ENABLED(inp, NETIF_CHECKSUM_CHECK_ICMP) {
 145:Middlewares/Third_Party/LwIP/src/core/ipv4/icmp.c ****       if (inet_chksum_pbuf(p) != 0) {
 146:Middlewares/Third_Party/LwIP/src/core/ipv4/icmp.c ****         LWIP_DEBUGF(ICMP_DEBUG, ("icmp_input: checksum failed for received ICMP echo\n"));
 147:Middlewares/Third_Party/LwIP/src/core/ipv4/icmp.c ****         pbuf_free(p);
ARM GAS  /tmp/ccEaz5Ep.s 			page 4


 148:Middlewares/Third_Party/LwIP/src/core/ipv4/icmp.c ****         ICMP_STATS_INC(icmp.chkerr);
 149:Middlewares/Third_Party/LwIP/src/core/ipv4/icmp.c ****         MIB2_STATS_INC(mib2.icmpinerrors);
 150:Middlewares/Third_Party/LwIP/src/core/ipv4/icmp.c ****         return;
 151:Middlewares/Third_Party/LwIP/src/core/ipv4/icmp.c ****       }
 152:Middlewares/Third_Party/LwIP/src/core/ipv4/icmp.c ****     }
 153:Middlewares/Third_Party/LwIP/src/core/ipv4/icmp.c **** #endif
 154:Middlewares/Third_Party/LwIP/src/core/ipv4/icmp.c **** #if LWIP_ICMP_ECHO_CHECK_INPUT_PBUF_LEN
 155:Middlewares/Third_Party/LwIP/src/core/ipv4/icmp.c ****     if (pbuf_header(p, (s16_t)(hlen + PBUF_LINK_HLEN + PBUF_LINK_ENCAPSULATION_HLEN))) {
 156:Middlewares/Third_Party/LwIP/src/core/ipv4/icmp.c ****       /* p is not big enough to contain link headers
 157:Middlewares/Third_Party/LwIP/src/core/ipv4/icmp.c ****        * allocate a new one and copy p into it
 158:Middlewares/Third_Party/LwIP/src/core/ipv4/icmp.c ****        */
 159:Middlewares/Third_Party/LwIP/src/core/ipv4/icmp.c ****       struct pbuf *r;
 160:Middlewares/Third_Party/LwIP/src/core/ipv4/icmp.c ****       /* allocate new packet buffer with space for link headers */
 161:Middlewares/Third_Party/LwIP/src/core/ipv4/icmp.c ****       r = pbuf_alloc(PBUF_LINK, p->tot_len + hlen, PBUF_RAM);
 162:Middlewares/Third_Party/LwIP/src/core/ipv4/icmp.c ****       if (r == NULL) {
 163:Middlewares/Third_Party/LwIP/src/core/ipv4/icmp.c ****         LWIP_DEBUGF(ICMP_DEBUG, ("icmp_input: allocating new pbuf failed\n"));
 164:Middlewares/Third_Party/LwIP/src/core/ipv4/icmp.c ****         goto icmperr;
 165:Middlewares/Third_Party/LwIP/src/core/ipv4/icmp.c ****       }
 166:Middlewares/Third_Party/LwIP/src/core/ipv4/icmp.c ****       if (r->len < hlen + sizeof(struct icmp_echo_hdr)) {
 167:Middlewares/Third_Party/LwIP/src/core/ipv4/icmp.c ****         LWIP_DEBUGF(ICMP_DEBUG | LWIP_DBG_LEVEL_SERIOUS, ("first pbuf cannot hold the ICMP header")
 168:Middlewares/Third_Party/LwIP/src/core/ipv4/icmp.c ****         pbuf_free(r);
 169:Middlewares/Third_Party/LwIP/src/core/ipv4/icmp.c ****         goto icmperr;
 170:Middlewares/Third_Party/LwIP/src/core/ipv4/icmp.c ****       }
 171:Middlewares/Third_Party/LwIP/src/core/ipv4/icmp.c ****       /* copy the ip header */
 172:Middlewares/Third_Party/LwIP/src/core/ipv4/icmp.c ****       MEMCPY(r->payload, iphdr_in, hlen);
 173:Middlewares/Third_Party/LwIP/src/core/ipv4/icmp.c ****       /* switch r->payload back to icmp header (cannot fail) */
 174:Middlewares/Third_Party/LwIP/src/core/ipv4/icmp.c ****       if (pbuf_header(r, (s16_t)-hlen)) {
 175:Middlewares/Third_Party/LwIP/src/core/ipv4/icmp.c ****         LWIP_ASSERT("icmp_input: moving r->payload to icmp header failed\n", 0);
 176:Middlewares/Third_Party/LwIP/src/core/ipv4/icmp.c ****         pbuf_free(r);
 177:Middlewares/Third_Party/LwIP/src/core/ipv4/icmp.c ****         goto icmperr;
 178:Middlewares/Third_Party/LwIP/src/core/ipv4/icmp.c ****       }
 179:Middlewares/Third_Party/LwIP/src/core/ipv4/icmp.c ****       /* copy the rest of the packet without ip header */
 180:Middlewares/Third_Party/LwIP/src/core/ipv4/icmp.c ****       if (pbuf_copy(r, p) != ERR_OK) {
 181:Middlewares/Third_Party/LwIP/src/core/ipv4/icmp.c ****         LWIP_DEBUGF(ICMP_DEBUG | LWIP_DBG_LEVEL_SERIOUS, ("icmp_input: copying to new pbuf failed")
 182:Middlewares/Third_Party/LwIP/src/core/ipv4/icmp.c ****         pbuf_free(r);
 183:Middlewares/Third_Party/LwIP/src/core/ipv4/icmp.c ****         goto icmperr;
 184:Middlewares/Third_Party/LwIP/src/core/ipv4/icmp.c ****       }
 185:Middlewares/Third_Party/LwIP/src/core/ipv4/icmp.c ****       /* free the original p */
 186:Middlewares/Third_Party/LwIP/src/core/ipv4/icmp.c ****       pbuf_free(p);
 187:Middlewares/Third_Party/LwIP/src/core/ipv4/icmp.c ****       /* we now have an identical copy of p that has room for link headers */
 188:Middlewares/Third_Party/LwIP/src/core/ipv4/icmp.c ****       p = r;
 189:Middlewares/Third_Party/LwIP/src/core/ipv4/icmp.c ****     } else {
 190:Middlewares/Third_Party/LwIP/src/core/ipv4/icmp.c ****       /* restore p->payload to point to icmp header (cannot fail) */
 191:Middlewares/Third_Party/LwIP/src/core/ipv4/icmp.c ****       if (pbuf_header(p, -(s16_t)(hlen + PBUF_LINK_HLEN + PBUF_LINK_ENCAPSULATION_HLEN))) {
 192:Middlewares/Third_Party/LwIP/src/core/ipv4/icmp.c ****         LWIP_ASSERT("icmp_input: restoring original p->payload failed\n", 0);
 193:Middlewares/Third_Party/LwIP/src/core/ipv4/icmp.c ****         goto icmperr;
 194:Middlewares/Third_Party/LwIP/src/core/ipv4/icmp.c ****       }
 195:Middlewares/Third_Party/LwIP/src/core/ipv4/icmp.c ****     }
 196:Middlewares/Third_Party/LwIP/src/core/ipv4/icmp.c **** #endif /* LWIP_ICMP_ECHO_CHECK_INPUT_PBUF_LEN */
 197:Middlewares/Third_Party/LwIP/src/core/ipv4/icmp.c ****     /* At this point, all checks are OK. */
 198:Middlewares/Third_Party/LwIP/src/core/ipv4/icmp.c ****     /* We generate an answer by switching the dest and src ip addresses,
 199:Middlewares/Third_Party/LwIP/src/core/ipv4/icmp.c ****      * setting the icmp type to ECHO_RESPONSE and updating the checksum. */
 200:Middlewares/Third_Party/LwIP/src/core/ipv4/icmp.c ****     iecho = (struct icmp_echo_hdr *)p->payload;
 201:Middlewares/Third_Party/LwIP/src/core/ipv4/icmp.c ****     if (pbuf_header(p, (s16_t)hlen)) {
 202:Middlewares/Third_Party/LwIP/src/core/ipv4/icmp.c ****       LWIP_DEBUGF(ICMP_DEBUG | LWIP_DBG_LEVEL_SERIOUS, ("Can't move over header in packet"));
 203:Middlewares/Third_Party/LwIP/src/core/ipv4/icmp.c ****     } else {
 204:Middlewares/Third_Party/LwIP/src/core/ipv4/icmp.c ****       err_t ret;
ARM GAS  /tmp/ccEaz5Ep.s 			page 5


 205:Middlewares/Third_Party/LwIP/src/core/ipv4/icmp.c ****       struct ip_hdr *iphdr = (struct ip_hdr*)p->payload;
 206:Middlewares/Third_Party/LwIP/src/core/ipv4/icmp.c ****       ip4_addr_copy(iphdr->src, *src);
 207:Middlewares/Third_Party/LwIP/src/core/ipv4/icmp.c ****       ip4_addr_copy(iphdr->dest, *ip4_current_src_addr());
 208:Middlewares/Third_Party/LwIP/src/core/ipv4/icmp.c ****       ICMPH_TYPE_SET(iecho, ICMP_ER);
 209:Middlewares/Third_Party/LwIP/src/core/ipv4/icmp.c **** #if CHECKSUM_GEN_ICMP
 210:Middlewares/Third_Party/LwIP/src/core/ipv4/icmp.c ****       IF__NETIF_CHECKSUM_ENABLED(inp, NETIF_CHECKSUM_GEN_ICMP) {
 211:Middlewares/Third_Party/LwIP/src/core/ipv4/icmp.c ****         /* adjust the checksum */
 212:Middlewares/Third_Party/LwIP/src/core/ipv4/icmp.c ****         if (iecho->chksum > PP_HTONS(0xffffU - (ICMP_ECHO << 8))) {
 213:Middlewares/Third_Party/LwIP/src/core/ipv4/icmp.c ****           iecho->chksum += PP_HTONS(ICMP_ECHO << 8) + 1;
 214:Middlewares/Third_Party/LwIP/src/core/ipv4/icmp.c ****         } else {
 215:Middlewares/Third_Party/LwIP/src/core/ipv4/icmp.c ****           iecho->chksum += PP_HTONS(ICMP_ECHO << 8);
 216:Middlewares/Third_Party/LwIP/src/core/ipv4/icmp.c ****         }
 217:Middlewares/Third_Party/LwIP/src/core/ipv4/icmp.c ****       }
 218:Middlewares/Third_Party/LwIP/src/core/ipv4/icmp.c **** #if LWIP_CHECKSUM_CTRL_PER_NETIF
 219:Middlewares/Third_Party/LwIP/src/core/ipv4/icmp.c ****       else {
 220:Middlewares/Third_Party/LwIP/src/core/ipv4/icmp.c ****         iecho->chksum = 0;
 221:Middlewares/Third_Party/LwIP/src/core/ipv4/icmp.c ****       }
 222:Middlewares/Third_Party/LwIP/src/core/ipv4/icmp.c **** #endif /* LWIP_CHECKSUM_CTRL_PER_NETIF */
 223:Middlewares/Third_Party/LwIP/src/core/ipv4/icmp.c **** #else /* CHECKSUM_GEN_ICMP */
 224:Middlewares/Third_Party/LwIP/src/core/ipv4/icmp.c ****       iecho->chksum = 0;
 225:Middlewares/Third_Party/LwIP/src/core/ipv4/icmp.c **** #endif /* CHECKSUM_GEN_ICMP */
 226:Middlewares/Third_Party/LwIP/src/core/ipv4/icmp.c **** 
 227:Middlewares/Third_Party/LwIP/src/core/ipv4/icmp.c ****       /* Set the correct TTL and recalculate the header checksum. */
 228:Middlewares/Third_Party/LwIP/src/core/ipv4/icmp.c ****       IPH_TTL_SET(iphdr, ICMP_TTL);
 229:Middlewares/Third_Party/LwIP/src/core/ipv4/icmp.c ****       IPH_CHKSUM_SET(iphdr, 0);
 230:Middlewares/Third_Party/LwIP/src/core/ipv4/icmp.c **** #if CHECKSUM_GEN_IP
 231:Middlewares/Third_Party/LwIP/src/core/ipv4/icmp.c ****       IF__NETIF_CHECKSUM_ENABLED(inp, NETIF_CHECKSUM_GEN_IP) {
 232:Middlewares/Third_Party/LwIP/src/core/ipv4/icmp.c ****         IPH_CHKSUM_SET(iphdr, inet_chksum(iphdr, hlen));
 233:Middlewares/Third_Party/LwIP/src/core/ipv4/icmp.c ****       }
 234:Middlewares/Third_Party/LwIP/src/core/ipv4/icmp.c **** #endif /* CHECKSUM_GEN_IP */
 235:Middlewares/Third_Party/LwIP/src/core/ipv4/icmp.c **** 
 236:Middlewares/Third_Party/LwIP/src/core/ipv4/icmp.c ****       ICMP_STATS_INC(icmp.xmit);
 237:Middlewares/Third_Party/LwIP/src/core/ipv4/icmp.c ****       /* increase number of messages attempted to send */
 238:Middlewares/Third_Party/LwIP/src/core/ipv4/icmp.c ****       MIB2_STATS_INC(mib2.icmpoutmsgs);
 239:Middlewares/Third_Party/LwIP/src/core/ipv4/icmp.c ****       /* increase number of echo replies attempted to send */
 240:Middlewares/Third_Party/LwIP/src/core/ipv4/icmp.c ****       MIB2_STATS_INC(mib2.icmpoutechoreps);
 241:Middlewares/Third_Party/LwIP/src/core/ipv4/icmp.c **** 
 242:Middlewares/Third_Party/LwIP/src/core/ipv4/icmp.c ****       /* send an ICMP packet */
 243:Middlewares/Third_Party/LwIP/src/core/ipv4/icmp.c ****       ret = ip4_output_if(p, src, LWIP_IP_HDRINCL,
 244:Middlewares/Third_Party/LwIP/src/core/ipv4/icmp.c ****                    ICMP_TTL, 0, IP_PROTO_ICMP, inp);
 245:Middlewares/Third_Party/LwIP/src/core/ipv4/icmp.c ****       if (ret != ERR_OK) {
 246:Middlewares/Third_Party/LwIP/src/core/ipv4/icmp.c ****         LWIP_DEBUGF(ICMP_DEBUG, ("icmp_input: ip_output_if returned an error: %s\n", lwip_strerr(re
 247:Middlewares/Third_Party/LwIP/src/core/ipv4/icmp.c ****       }
 248:Middlewares/Third_Party/LwIP/src/core/ipv4/icmp.c ****     }
 249:Middlewares/Third_Party/LwIP/src/core/ipv4/icmp.c ****     break;
 250:Middlewares/Third_Party/LwIP/src/core/ipv4/icmp.c ****   default:
 251:Middlewares/Third_Party/LwIP/src/core/ipv4/icmp.c ****     if (type == ICMP_DUR) {
 252:Middlewares/Third_Party/LwIP/src/core/ipv4/icmp.c ****       MIB2_STATS_INC(mib2.icmpindestunreachs);
 253:Middlewares/Third_Party/LwIP/src/core/ipv4/icmp.c ****     } else if (type == ICMP_TE) {
 254:Middlewares/Third_Party/LwIP/src/core/ipv4/icmp.c ****       MIB2_STATS_INC(mib2.icmpintimeexcds);
 255:Middlewares/Third_Party/LwIP/src/core/ipv4/icmp.c ****     } else if (type == ICMP_PP) {
 256:Middlewares/Third_Party/LwIP/src/core/ipv4/icmp.c ****       MIB2_STATS_INC(mib2.icmpinparmprobs);
 257:Middlewares/Third_Party/LwIP/src/core/ipv4/icmp.c ****     } else if (type == ICMP_SQ) {
 258:Middlewares/Third_Party/LwIP/src/core/ipv4/icmp.c ****       MIB2_STATS_INC(mib2.icmpinsrcquenchs);
 259:Middlewares/Third_Party/LwIP/src/core/ipv4/icmp.c ****     } else if (type == ICMP_RD) {
 260:Middlewares/Third_Party/LwIP/src/core/ipv4/icmp.c ****       MIB2_STATS_INC(mib2.icmpinredirects);
 261:Middlewares/Third_Party/LwIP/src/core/ipv4/icmp.c ****     } else if (type == ICMP_TS) {
ARM GAS  /tmp/ccEaz5Ep.s 			page 6


 262:Middlewares/Third_Party/LwIP/src/core/ipv4/icmp.c ****       MIB2_STATS_INC(mib2.icmpintimestamps);
 263:Middlewares/Third_Party/LwIP/src/core/ipv4/icmp.c ****     } else if (type == ICMP_TSR) {
 264:Middlewares/Third_Party/LwIP/src/core/ipv4/icmp.c ****       MIB2_STATS_INC(mib2.icmpintimestampreps);
 265:Middlewares/Third_Party/LwIP/src/core/ipv4/icmp.c ****     } else if (type == ICMP_AM) {
 266:Middlewares/Third_Party/LwIP/src/core/ipv4/icmp.c ****       MIB2_STATS_INC(mib2.icmpinaddrmasks);
 267:Middlewares/Third_Party/LwIP/src/core/ipv4/icmp.c ****     } else if (type == ICMP_AMR) {
 268:Middlewares/Third_Party/LwIP/src/core/ipv4/icmp.c ****       MIB2_STATS_INC(mib2.icmpinaddrmaskreps);
 269:Middlewares/Third_Party/LwIP/src/core/ipv4/icmp.c ****     }
 270:Middlewares/Third_Party/LwIP/src/core/ipv4/icmp.c ****     LWIP_DEBUGF(ICMP_DEBUG, ("icmp_input: ICMP type %"S16_F" code %"S16_F" not supported.\n",
 271:Middlewares/Third_Party/LwIP/src/core/ipv4/icmp.c ****                 (s16_t)type, (s16_t)code));
 272:Middlewares/Third_Party/LwIP/src/core/ipv4/icmp.c ****     ICMP_STATS_INC(icmp.proterr);
 273:Middlewares/Third_Party/LwIP/src/core/ipv4/icmp.c ****     ICMP_STATS_INC(icmp.drop);
 274:Middlewares/Third_Party/LwIP/src/core/ipv4/icmp.c ****   }
 275:Middlewares/Third_Party/LwIP/src/core/ipv4/icmp.c ****   pbuf_free(p);
 276:Middlewares/Third_Party/LwIP/src/core/ipv4/icmp.c ****   return;
 277:Middlewares/Third_Party/LwIP/src/core/ipv4/icmp.c **** lenerr:
 278:Middlewares/Third_Party/LwIP/src/core/ipv4/icmp.c ****   pbuf_free(p);
 279:Middlewares/Third_Party/LwIP/src/core/ipv4/icmp.c ****   ICMP_STATS_INC(icmp.lenerr);
 280:Middlewares/Third_Party/LwIP/src/core/ipv4/icmp.c ****   MIB2_STATS_INC(mib2.icmpinerrors);
 281:Middlewares/Third_Party/LwIP/src/core/ipv4/icmp.c ****   return;
 282:Middlewares/Third_Party/LwIP/src/core/ipv4/icmp.c **** #if LWIP_ICMP_ECHO_CHECK_INPUT_PBUF_LEN || !LWIP_MULTICAST_PING || !LWIP_BROADCAST_PING
 283:Middlewares/Third_Party/LwIP/src/core/ipv4/icmp.c **** icmperr:
 284:Middlewares/Third_Party/LwIP/src/core/ipv4/icmp.c ****   pbuf_free(p);
 285:Middlewares/Third_Party/LwIP/src/core/ipv4/icmp.c ****   ICMP_STATS_INC(icmp.err);
 286:Middlewares/Third_Party/LwIP/src/core/ipv4/icmp.c ****   MIB2_STATS_INC(mib2.icmpinerrors);
 287:Middlewares/Third_Party/LwIP/src/core/ipv4/icmp.c ****   return;
 288:Middlewares/Third_Party/LwIP/src/core/ipv4/icmp.c **** #endif /* LWIP_ICMP_ECHO_CHECK_INPUT_PBUF_LEN || !LWIP_MULTICAST_PING || !LWIP_BROADCAST_PING */
 289:Middlewares/Third_Party/LwIP/src/core/ipv4/icmp.c **** }
 290:Middlewares/Third_Party/LwIP/src/core/ipv4/icmp.c **** 
 291:Middlewares/Third_Party/LwIP/src/core/ipv4/icmp.c **** /**
 292:Middlewares/Third_Party/LwIP/src/core/ipv4/icmp.c ****  * Send an icmp 'destination unreachable' packet, called from ip_input() if
 293:Middlewares/Third_Party/LwIP/src/core/ipv4/icmp.c ****  * the transport layer protocol is unknown and from udp_input() if the local
 294:Middlewares/Third_Party/LwIP/src/core/ipv4/icmp.c ****  * port is not bound.
 295:Middlewares/Third_Party/LwIP/src/core/ipv4/icmp.c ****  *
 296:Middlewares/Third_Party/LwIP/src/core/ipv4/icmp.c ****  * @param p the input packet for which the 'unreachable' should be sent,
 297:Middlewares/Third_Party/LwIP/src/core/ipv4/icmp.c ****  *          p->payload pointing to the IP header
 298:Middlewares/Third_Party/LwIP/src/core/ipv4/icmp.c ****  * @param t type of the 'unreachable' packet
 299:Middlewares/Third_Party/LwIP/src/core/ipv4/icmp.c ****  */
 300:Middlewares/Third_Party/LwIP/src/core/ipv4/icmp.c **** void
 301:Middlewares/Third_Party/LwIP/src/core/ipv4/icmp.c **** icmp_dest_unreach(struct pbuf *p, enum icmp_dur_type t)
 302:Middlewares/Third_Party/LwIP/src/core/ipv4/icmp.c **** {
 303:Middlewares/Third_Party/LwIP/src/core/ipv4/icmp.c ****   MIB2_STATS_INC(mib2.icmpoutdestunreachs);
 304:Middlewares/Third_Party/LwIP/src/core/ipv4/icmp.c ****   icmp_send_response(p, ICMP_DUR, t);
 305:Middlewares/Third_Party/LwIP/src/core/ipv4/icmp.c **** }
 306:Middlewares/Third_Party/LwIP/src/core/ipv4/icmp.c **** 
 307:Middlewares/Third_Party/LwIP/src/core/ipv4/icmp.c **** #if IP_FORWARD || IP_REASSEMBLY
 308:Middlewares/Third_Party/LwIP/src/core/ipv4/icmp.c **** /**
 309:Middlewares/Third_Party/LwIP/src/core/ipv4/icmp.c ****  * Send a 'time exceeded' packet, called from ip_forward() if TTL is 0.
 310:Middlewares/Third_Party/LwIP/src/core/ipv4/icmp.c ****  *
 311:Middlewares/Third_Party/LwIP/src/core/ipv4/icmp.c ****  * @param p the input packet for which the 'time exceeded' should be sent,
 312:Middlewares/Third_Party/LwIP/src/core/ipv4/icmp.c ****  *          p->payload pointing to the IP header
 313:Middlewares/Third_Party/LwIP/src/core/ipv4/icmp.c ****  * @param t type of the 'time exceeded' packet
 314:Middlewares/Third_Party/LwIP/src/core/ipv4/icmp.c ****  */
 315:Middlewares/Third_Party/LwIP/src/core/ipv4/icmp.c **** void
 316:Middlewares/Third_Party/LwIP/src/core/ipv4/icmp.c **** icmp_time_exceeded(struct pbuf *p, enum icmp_te_type t)
 317:Middlewares/Third_Party/LwIP/src/core/ipv4/icmp.c **** {
 318:Middlewares/Third_Party/LwIP/src/core/ipv4/icmp.c ****   MIB2_STATS_INC(mib2.icmpouttimeexcds);
ARM GAS  /tmp/ccEaz5Ep.s 			page 7


 319:Middlewares/Third_Party/LwIP/src/core/ipv4/icmp.c ****   icmp_send_response(p, ICMP_TE, t);
 320:Middlewares/Third_Party/LwIP/src/core/ipv4/icmp.c **** }
 321:Middlewares/Third_Party/LwIP/src/core/ipv4/icmp.c **** 
 322:Middlewares/Third_Party/LwIP/src/core/ipv4/icmp.c **** #endif /* IP_FORWARD || IP_REASSEMBLY */
 323:Middlewares/Third_Party/LwIP/src/core/ipv4/icmp.c **** 
 324:Middlewares/Third_Party/LwIP/src/core/ipv4/icmp.c **** /**
 325:Middlewares/Third_Party/LwIP/src/core/ipv4/icmp.c ****  * Send an icmp packet in response to an incoming packet.
 326:Middlewares/Third_Party/LwIP/src/core/ipv4/icmp.c ****  *
 327:Middlewares/Third_Party/LwIP/src/core/ipv4/icmp.c ****  * @param p the input packet for which the 'unreachable' should be sent,
 328:Middlewares/Third_Party/LwIP/src/core/ipv4/icmp.c ****  *          p->payload pointing to the IP header
 329:Middlewares/Third_Party/LwIP/src/core/ipv4/icmp.c ****  * @param type Type of the ICMP header
 330:Middlewares/Third_Party/LwIP/src/core/ipv4/icmp.c ****  * @param code Code of the ICMP header
 331:Middlewares/Third_Party/LwIP/src/core/ipv4/icmp.c ****  */
 332:Middlewares/Third_Party/LwIP/src/core/ipv4/icmp.c **** static void
 333:Middlewares/Third_Party/LwIP/src/core/ipv4/icmp.c **** icmp_send_response(struct pbuf *p, u8_t type, u8_t code)
 334:Middlewares/Third_Party/LwIP/src/core/ipv4/icmp.c **** {
  26              		.loc 1 334 0
  27              		.cfi_startproc
  28              		@ args = 0, pretend = 0, frame = 8
  29              		@ frame_needed = 0, uses_anonymous_args = 0
  30              	.LVL0:
  31 0000 2DE9F041 		push	{r4, r5, r6, r7, r8, lr}
  32              	.LCFI0:
  33              		.cfi_def_cfa_offset 24
  34              		.cfi_offset 4, -24
  35              		.cfi_offset 5, -20
  36              		.cfi_offset 6, -16
  37              		.cfi_offset 7, -12
  38              		.cfi_offset 8, -8
  39              		.cfi_offset 14, -4
  40 0004 86B0     		sub	sp, sp, #24
  41              	.LCFI1:
  42              		.cfi_def_cfa_offset 48
  43 0006 0646     		mov	r6, r0
  44 0008 8846     		mov	r8, r1
  45 000a 1746     		mov	r7, r2
 335:Middlewares/Third_Party/LwIP/src/core/ipv4/icmp.c ****   struct pbuf *q;
 336:Middlewares/Third_Party/LwIP/src/core/ipv4/icmp.c ****   struct ip_hdr *iphdr;
 337:Middlewares/Third_Party/LwIP/src/core/ipv4/icmp.c ****   /* we can use the echo header here */
 338:Middlewares/Third_Party/LwIP/src/core/ipv4/icmp.c ****   struct icmp_echo_hdr *icmphdr;
 339:Middlewares/Third_Party/LwIP/src/core/ipv4/icmp.c ****   ip4_addr_t iphdr_src;
 340:Middlewares/Third_Party/LwIP/src/core/ipv4/icmp.c ****   struct netif *netif;
 341:Middlewares/Third_Party/LwIP/src/core/ipv4/icmp.c **** 
 342:Middlewares/Third_Party/LwIP/src/core/ipv4/icmp.c ****   /* increase number of messages attempted to send */
 343:Middlewares/Third_Party/LwIP/src/core/ipv4/icmp.c ****   MIB2_STATS_INC(mib2.icmpoutmsgs);
 344:Middlewares/Third_Party/LwIP/src/core/ipv4/icmp.c **** 
 345:Middlewares/Third_Party/LwIP/src/core/ipv4/icmp.c ****   /* ICMP header + IP header + 8 bytes of data */
 346:Middlewares/Third_Party/LwIP/src/core/ipv4/icmp.c ****   q = pbuf_alloc(PBUF_IP, sizeof(struct icmp_echo_hdr) + IP_HLEN + ICMP_DEST_UNREACH_DATASIZE,
  46              		.loc 1 346 0
  47 000c 0022     		movs	r2, #0
  48              	.LVL1:
  49 000e 2421     		movs	r1, #36
  50              	.LVL2:
  51 0010 0120     		movs	r0, #1
  52              	.LVL3:
  53 0012 FFF7FEFF 		bl	pbuf_alloc
  54              	.LVL4:
ARM GAS  /tmp/ccEaz5Ep.s 			page 8


 347:Middlewares/Third_Party/LwIP/src/core/ipv4/icmp.c ****                  PBUF_RAM);
 348:Middlewares/Third_Party/LwIP/src/core/ipv4/icmp.c ****   if (q == NULL) {
  55              		.loc 1 348 0
  56 0016 0028     		cmp	r0, #0
  57 0018 37D0     		beq	.L1
  58 001a 0546     		mov	r5, r0
 349:Middlewares/Third_Party/LwIP/src/core/ipv4/icmp.c ****     LWIP_DEBUGF(ICMP_DEBUG, ("icmp_time_exceeded: failed to allocate pbuf for ICMP packet.\n"));
 350:Middlewares/Third_Party/LwIP/src/core/ipv4/icmp.c ****     MIB2_STATS_INC(mib2.icmpouterrors);
 351:Middlewares/Third_Party/LwIP/src/core/ipv4/icmp.c ****     return;
 352:Middlewares/Third_Party/LwIP/src/core/ipv4/icmp.c ****   }
 353:Middlewares/Third_Party/LwIP/src/core/ipv4/icmp.c ****   LWIP_ASSERT("check that first pbuf can hold icmp message",
  59              		.loc 1 353 0
  60 001c 4389     		ldrh	r3, [r0, #10]
  61 001e 232B     		cmp	r3, #35
  62 0020 36D9     		bls	.L7
  63              	.LVL5:
  64              	.L3:
 354:Middlewares/Third_Party/LwIP/src/core/ipv4/icmp.c ****              (q->len >= (sizeof(struct icmp_echo_hdr) + IP_HLEN + ICMP_DEST_UNREACH_DATASIZE)));
 355:Middlewares/Third_Party/LwIP/src/core/ipv4/icmp.c **** 
 356:Middlewares/Third_Party/LwIP/src/core/ipv4/icmp.c ****   iphdr = (struct ip_hdr *)p->payload;
  65              		.loc 1 356 0
  66 0022 D6F804E0 		ldr	lr, [r6, #4]
  67              	.LVL6:
 357:Middlewares/Third_Party/LwIP/src/core/ipv4/icmp.c ****   LWIP_DEBUGF(ICMP_DEBUG, ("icmp_time_exceeded from "));
 358:Middlewares/Third_Party/LwIP/src/core/ipv4/icmp.c ****   ip4_addr_debug_print_val(ICMP_DEBUG, iphdr->src);
 359:Middlewares/Third_Party/LwIP/src/core/ipv4/icmp.c ****   LWIP_DEBUGF(ICMP_DEBUG, (" to "));
 360:Middlewares/Third_Party/LwIP/src/core/ipv4/icmp.c ****   ip4_addr_debug_print_val(ICMP_DEBUG, iphdr->dest);
 361:Middlewares/Third_Party/LwIP/src/core/ipv4/icmp.c ****   LWIP_DEBUGF(ICMP_DEBUG, ("\n"));
 362:Middlewares/Third_Party/LwIP/src/core/ipv4/icmp.c **** 
 363:Middlewares/Third_Party/LwIP/src/core/ipv4/icmp.c ****   icmphdr = (struct icmp_echo_hdr *)q->payload;
  68              		.loc 1 363 0
  69 0026 6C68     		ldr	r4, [r5, #4]
  70              	.LVL7:
 364:Middlewares/Third_Party/LwIP/src/core/ipv4/icmp.c ****   icmphdr->type = type;
  71              		.loc 1 364 0
  72 0028 84F80080 		strb	r8, [r4]
 365:Middlewares/Third_Party/LwIP/src/core/ipv4/icmp.c ****   icmphdr->code = code;
  73              		.loc 1 365 0
  74 002c 6770     		strb	r7, [r4, #1]
 366:Middlewares/Third_Party/LwIP/src/core/ipv4/icmp.c ****   icmphdr->id = 0;
  75              		.loc 1 366 0
  76 002e 0023     		movs	r3, #0
  77 0030 2371     		strb	r3, [r4, #4]
  78 0032 6371     		strb	r3, [r4, #5]
 367:Middlewares/Third_Party/LwIP/src/core/ipv4/icmp.c ****   icmphdr->seqno = 0;
  79              		.loc 1 367 0
  80 0034 A371     		strb	r3, [r4, #6]
  81 0036 E371     		strb	r3, [r4, #7]
 368:Middlewares/Third_Party/LwIP/src/core/ipv4/icmp.c **** 
 369:Middlewares/Third_Party/LwIP/src/core/ipv4/icmp.c ****   /* copy fields from original packet */
 370:Middlewares/Third_Party/LwIP/src/core/ipv4/icmp.c ****   SMEMCPY((u8_t *)q->payload + sizeof(struct icmp_echo_hdr), (u8_t *)p->payload,
  82              		.loc 1 370 0
  83 0038 6F68     		ldr	r7, [r5, #4]
  84 003a 7368     		ldr	r3, [r6, #4]
  85 003c 1E68     		ldr	r6, [r3]	@ unaligned
  86              	.LVL8:
  87 003e 5868     		ldr	r0, [r3, #4]	@ unaligned
ARM GAS  /tmp/ccEaz5Ep.s 			page 9


  88 0040 9968     		ldr	r1, [r3, #8]	@ unaligned
  89 0042 D3F80CC0 		ldr	ip, [r3, #12]	@ unaligned
  90 0046 BE60     		str	r6, [r7, #8]	@ unaligned
  91 0048 F860     		str	r0, [r7, #12]	@ unaligned
  92 004a 3961     		str	r1, [r7, #16]	@ unaligned
  93 004c C7F814C0 		str	ip, [r7, #20]	@ unaligned
  94 0050 1E69     		ldr	r6, [r3, #16]	@ unaligned
  95 0052 5869     		ldr	r0, [r3, #20]	@ unaligned
  96 0054 9969     		ldr	r1, [r3, #24]	@ unaligned
  97 0056 BE61     		str	r6, [r7, #24]	@ unaligned
  98 0058 F861     		str	r0, [r7, #28]	@ unaligned
  99 005a 3962     		str	r1, [r7, #32]	@ unaligned
 371:Middlewares/Third_Party/LwIP/src/core/ipv4/icmp.c ****           IP_HLEN + ICMP_DEST_UNREACH_DATASIZE);
 372:Middlewares/Third_Party/LwIP/src/core/ipv4/icmp.c **** 
 373:Middlewares/Third_Party/LwIP/src/core/ipv4/icmp.c ****   ip4_addr_copy(iphdr_src, iphdr->src);
 100              		.loc 1 373 0
 101 005c DEF80C30 		ldr	r3, [lr, #12]	@ unaligned
 102 0060 06A8     		add	r0, sp, #24
 103 0062 40F8043D 		str	r3, [r0, #-4]!
 374:Middlewares/Third_Party/LwIP/src/core/ipv4/icmp.c **** #ifdef LWIP_HOOK_IP4_ROUTE_SRC
 375:Middlewares/Third_Party/LwIP/src/core/ipv4/icmp.c ****   {
 376:Middlewares/Third_Party/LwIP/src/core/ipv4/icmp.c ****     ip4_addr_t iphdr_dst;
 377:Middlewares/Third_Party/LwIP/src/core/ipv4/icmp.c ****     ip4_addr_copy(iphdr_dst, iphdr->dest);
 378:Middlewares/Third_Party/LwIP/src/core/ipv4/icmp.c ****     netif = ip4_route_src(&iphdr_src, &iphdr_dst);
 379:Middlewares/Third_Party/LwIP/src/core/ipv4/icmp.c ****   }
 380:Middlewares/Third_Party/LwIP/src/core/ipv4/icmp.c **** #else
 381:Middlewares/Third_Party/LwIP/src/core/ipv4/icmp.c ****   netif = ip4_route(&iphdr_src);
 104              		.loc 1 381 0
 105 0066 FFF7FEFF 		bl	ip4_route
 106              	.LVL9:
 382:Middlewares/Third_Party/LwIP/src/core/ipv4/icmp.c **** #endif
 383:Middlewares/Third_Party/LwIP/src/core/ipv4/icmp.c ****   if (netif != NULL) {
 107              		.loc 1 383 0
 108 006a 58B1     		cbz	r0, .L4
 384:Middlewares/Third_Party/LwIP/src/core/ipv4/icmp.c ****     /* calculate checksum */
 385:Middlewares/Third_Party/LwIP/src/core/ipv4/icmp.c ****     icmphdr->chksum = 0;
 109              		.loc 1 385 0
 110 006c 0021     		movs	r1, #0
 111 006e A170     		strb	r1, [r4, #2]
 112 0070 E170     		strb	r1, [r4, #3]
 386:Middlewares/Third_Party/LwIP/src/core/ipv4/icmp.c **** #if CHECKSUM_GEN_ICMP
 387:Middlewares/Third_Party/LwIP/src/core/ipv4/icmp.c ****     IF__NETIF_CHECKSUM_ENABLED(netif, NETIF_CHECKSUM_GEN_ICMP) {
 388:Middlewares/Third_Party/LwIP/src/core/ipv4/icmp.c ****       icmphdr->chksum = inet_chksum(icmphdr, q->len);
 389:Middlewares/Third_Party/LwIP/src/core/ipv4/icmp.c ****     }
 390:Middlewares/Third_Party/LwIP/src/core/ipv4/icmp.c **** #endif
 391:Middlewares/Third_Party/LwIP/src/core/ipv4/icmp.c ****     ICMP_STATS_INC(icmp.xmit);
 392:Middlewares/Third_Party/LwIP/src/core/ipv4/icmp.c ****     ip4_output_if(q, NULL, &iphdr_src, ICMP_TTL, 0, IP_PROTO_ICMP, netif);
 113              		.loc 1 392 0
 114 0072 0290     		str	r0, [sp, #8]
 115 0074 0123     		movs	r3, #1
 116 0076 0193     		str	r3, [sp, #4]
 117 0078 0091     		str	r1, [sp]
 118 007a FF23     		movs	r3, #255
 119 007c 05AA     		add	r2, sp, #20
 120 007e 2846     		mov	r0, r5
 121              	.LVL10:
 122 0080 FFF7FEFF 		bl	ip4_output_if
ARM GAS  /tmp/ccEaz5Ep.s 			page 10


 123              	.LVL11:
 124              	.L4:
 393:Middlewares/Third_Party/LwIP/src/core/ipv4/icmp.c ****   }
 394:Middlewares/Third_Party/LwIP/src/core/ipv4/icmp.c ****   pbuf_free(q);
 125              		.loc 1 394 0
 126 0084 2846     		mov	r0, r5
 127 0086 FFF7FEFF 		bl	pbuf_free
 128              	.LVL12:
 129              	.L1:
 395:Middlewares/Third_Party/LwIP/src/core/ipv4/icmp.c **** }
 130              		.loc 1 395 0
 131 008a 06B0     		add	sp, sp, #24
 132              	.LCFI2:
 133              		.cfi_remember_state
 134              		.cfi_def_cfa_offset 24
 135              		@ sp needed
 136 008c BDE8F081 		pop	{r4, r5, r6, r7, r8, pc}
 137              	.LVL13:
 138              	.L7:
 139              	.LCFI3:
 140              		.cfi_restore_state
 353:Middlewares/Third_Party/LwIP/src/core/ipv4/icmp.c ****              (q->len >= (sizeof(struct icmp_echo_hdr) + IP_HLEN + ICMP_DEST_UNREACH_DATASIZE)));
 141              		.loc 1 353 0 discriminator 1
 142 0090 034B     		ldr	r3, .L8
 143 0092 4FF4B172 		mov	r2, #354
 144 0096 0349     		ldr	r1, .L8+4
 145 0098 0348     		ldr	r0, .L8+8
 146              	.LVL14:
 147 009a FFF7FEFF 		bl	printf
 148              	.LVL15:
 149 009e C0E7     		b	.L3
 150              	.L9:
 151              		.align	2
 152              	.L8:
 153 00a0 00000000 		.word	.LC0
 154 00a4 34000000 		.word	.LC1
 155 00a8 60000000 		.word	.LC2
 156              		.cfi_endproc
 157              	.LFE161:
 159              		.section	.text.icmp_input,"ax",%progbits
 160              		.align	1
 161              		.global	icmp_input
 162              		.syntax unified
 163              		.thumb
 164              		.thumb_func
 165              		.fpu fpv5-d16
 167              	icmp_input:
 168              	.LFB158:
  81:Middlewares/Third_Party/LwIP/src/core/ipv4/icmp.c ****   u8_t type;
 169              		.loc 1 81 0
 170              		.cfi_startproc
 171              		@ args = 0, pretend = 0, frame = 0
 172              		@ frame_needed = 0, uses_anonymous_args = 0
 173              	.LVL16:
 174 0000 2DE9F041 		push	{r4, r5, r6, r7, r8, lr}
 175              	.LCFI4:
 176              		.cfi_def_cfa_offset 24
ARM GAS  /tmp/ccEaz5Ep.s 			page 11


 177              		.cfi_offset 4, -24
 178              		.cfi_offset 5, -20
 179              		.cfi_offset 6, -16
 180              		.cfi_offset 7, -12
 181              		.cfi_offset 8, -8
 182              		.cfi_offset 14, -4
 183 0004 84B0     		sub	sp, sp, #16
 184              	.LCFI5:
 185              		.cfi_def_cfa_offset 40
 186 0006 0546     		mov	r5, r0
  94:Middlewares/Third_Party/LwIP/src/core/ipv4/icmp.c ****   hlen = IPH_HL(iphdr_in) * 4;
 187              		.loc 1 94 0
 188 0008 474B     		ldr	r3, .L25
 189 000a 9E68     		ldr	r6, [r3, #8]
 190              	.LVL17:
  95:Middlewares/Third_Party/LwIP/src/core/ipv4/icmp.c ****   if (hlen < IP_HLEN) {
 191              		.loc 1 95 0
 192 000c 3478     		ldrb	r4, [r6]	@ zero_extendqisi2
 193 000e 04F00F04 		and	r4, r4, #15
 194 0012 A400     		lsls	r4, r4, #2
 195              	.LVL18:
  96:Middlewares/Third_Party/LwIP/src/core/ipv4/icmp.c ****     LWIP_DEBUGF(ICMP_DEBUG, ("icmp_input: short IP header (%"S16_F" bytes) received\n", hlen));
 196              		.loc 1 96 0
 197 0014 132C     		cmp	r4, #19
 198 0016 15D9     		bls	.L11
 199 0018 0F46     		mov	r7, r1
 100:Middlewares/Third_Party/LwIP/src/core/ipv4/icmp.c ****     LWIP_DEBUGF(ICMP_DEBUG, ("icmp_input: short ICMP (%"U16_F" bytes) received\n", p->tot_len));
 200              		.loc 1 100 0
 201 001a 4389     		ldrh	r3, [r0, #10]
 202 001c 032B     		cmp	r3, #3
 203 001e 11D9     		bls	.L11
 105:Middlewares/Third_Party/LwIP/src/core/ipv4/icmp.c **** #ifdef LWIP_DEBUG
 204              		.loc 1 105 0
 205 0020 4368     		ldr	r3, [r0, #4]
 206 0022 1B78     		ldrb	r3, [r3]	@ zero_extendqisi2
 207              	.LVL19:
 109:Middlewares/Third_Party/LwIP/src/core/ipv4/icmp.c ****   case ICMP_ER:
 208              		.loc 1 109 0
 209 0024 082B     		cmp	r3, #8
 210 0026 5DD1     		bne	.L12
 211              	.LVL20:
 119:Middlewares/Third_Party/LwIP/src/core/ipv4/icmp.c **** #if LWIP_MULTICAST_PING
 212              		.loc 1 119 0
 213 0028 3F4B     		ldr	r3, .L25
 214              	.LVL21:
 215 002a 5869     		ldr	r0, [r3, #20]
 216              	.LVL22:
 217 002c 00F0F003 		and	r3, r0, #240
 218 0030 E02B     		cmp	r3, #224
 219 0032 23D0     		beq	.L14
 129:Middlewares/Third_Party/LwIP/src/core/ipv4/icmp.c **** #if LWIP_BROADCAST_PING
 220              		.loc 1 129 0
 221 0034 3C4B     		ldr	r3, .L25
 222 0036 1968     		ldr	r1, [r3]
 223              	.LVL23:
 224 0038 FFF7FEFF 		bl	ip4_addr_isbroadcast_u32
 225              	.LVL24:
ARM GAS  /tmp/ccEaz5Ep.s 			page 12


 226 003c F0B9     		cbnz	r0, .L14
 139:Middlewares/Third_Party/LwIP/src/core/ipv4/icmp.c ****       LWIP_DEBUGF(ICMP_DEBUG, ("icmp_input: bad ICMP echo received\n"));
 227              		.loc 1 139 0
 228 003e 2B89     		ldrh	r3, [r5, #8]
 229 0040 072B     		cmp	r3, #7
 230 0042 05D8     		bhi	.L22
 231              	.LVL25:
 232              	.L11:
 278:Middlewares/Third_Party/LwIP/src/core/ipv4/icmp.c ****   ICMP_STATS_INC(icmp.lenerr);
 233              		.loc 1 278 0
 234 0044 2846     		mov	r0, r5
 235 0046 FFF7FEFF 		bl	pbuf_free
 236              	.LVL26:
 237              	.L10:
 289:Middlewares/Third_Party/LwIP/src/core/ipv4/icmp.c **** 
 238              		.loc 1 289 0
 239 004a 04B0     		add	sp, sp, #16
 240              	.LCFI6:
 241              		.cfi_remember_state
 242              		.cfi_def_cfa_offset 24
 243              		@ sp needed
 244 004c BDE8F081 		pop	{r4, r5, r6, r7, r8, pc}
 245              	.LVL27:
 246              	.L22:
 247              	.LCFI7:
 248              		.cfi_restore_state
 155:Middlewares/Third_Party/LwIP/src/core/ipv4/icmp.c ****       /* p is not big enough to contain link headers
 249              		.loc 1 155 0
 250 0050 04F10E01 		add	r1, r4, #14
 251 0054 2846     		mov	r0, r5
 252 0056 FFF7FEFF 		bl	pbuf_header
 253              	.LVL28:
 254 005a A8B3     		cbz	r0, .L15
 255              	.LBB2:
 161:Middlewares/Third_Party/LwIP/src/core/ipv4/icmp.c ****       if (r == NULL) {
 256              		.loc 1 161 0
 257 005c 2989     		ldrh	r1, [r5, #8]
 258 005e 2144     		add	r1, r1, r4
 259 0060 0022     		movs	r2, #0
 260 0062 89B2     		uxth	r1, r1
 261 0064 0220     		movs	r0, #2
 262 0066 FFF7FEFF 		bl	pbuf_alloc
 263              	.LVL29:
 162:Middlewares/Third_Party/LwIP/src/core/ipv4/icmp.c ****         LWIP_DEBUGF(ICMP_DEBUG, ("icmp_input: allocating new pbuf failed\n"));
 264              		.loc 1 162 0
 265 006a 8046     		mov	r8, r0
 266 006c 30B1     		cbz	r0, .L14
 166:Middlewares/Third_Party/LwIP/src/core/ipv4/icmp.c ****         LWIP_DEBUGF(ICMP_DEBUG | LWIP_DBG_LEVEL_SERIOUS, ("first pbuf cannot hold the ICMP header")
 267              		.loc 1 166 0
 268 006e 4289     		ldrh	r2, [r0, #10]
 269 0070 04F10803 		add	r3, r4, #8
 270 0074 9A42     		cmp	r2, r3
 271 0076 05D2     		bcs	.L16
 168:Middlewares/Third_Party/LwIP/src/core/ipv4/icmp.c ****         goto icmperr;
 272              		.loc 1 168 0
 273 0078 FFF7FEFF 		bl	pbuf_free
 274              	.LVL30:
ARM GAS  /tmp/ccEaz5Ep.s 			page 13


 275              	.L14:
 276              	.LBE2:
 284:Middlewares/Third_Party/LwIP/src/core/ipv4/icmp.c ****   ICMP_STATS_INC(icmp.err);
 277              		.loc 1 284 0
 278 007c 2846     		mov	r0, r5
 279 007e FFF7FEFF 		bl	pbuf_free
 280              	.LVL31:
 287:Middlewares/Third_Party/LwIP/src/core/ipv4/icmp.c **** #endif /* LWIP_ICMP_ECHO_CHECK_INPUT_PBUF_LEN || !LWIP_MULTICAST_PING || !LWIP_BROADCAST_PING */
 281              		.loc 1 287 0
 282 0082 E2E7     		b	.L10
 283              	.LVL32:
 284              	.L16:
 285              	.LBB3:
 172:Middlewares/Third_Party/LwIP/src/core/ipv4/icmp.c ****       /* switch r->payload back to icmp header (cannot fail) */
 286              		.loc 1 172 0
 287 0084 2246     		mov	r2, r4
 288 0086 3146     		mov	r1, r6
 289 0088 4068     		ldr	r0, [r0, #4]
 290              	.LVL33:
 291 008a FFF7FEFF 		bl	memcpy
 292              	.LVL34:
 174:Middlewares/Third_Party/LwIP/src/core/ipv4/icmp.c ****         LWIP_ASSERT("icmp_input: moving r->payload to icmp header failed\n", 0);
 293              		.loc 1 174 0
 294 008e 6142     		negs	r1, r4
 295 0090 4046     		mov	r0, r8
 296 0092 FFF7FEFF 		bl	pbuf_header
 297              	.LVL35:
 298 0096 48B1     		cbz	r0, .L17
 175:Middlewares/Third_Party/LwIP/src/core/ipv4/icmp.c ****         pbuf_free(r);
 299              		.loc 1 175 0 discriminator 1
 300 0098 244B     		ldr	r3, .L25+4
 301 009a AF22     		movs	r2, #175
 302 009c 2449     		ldr	r1, .L25+8
 303 009e 2548     		ldr	r0, .L25+12
 304 00a0 FFF7FEFF 		bl	printf
 305              	.LVL36:
 176:Middlewares/Third_Party/LwIP/src/core/ipv4/icmp.c ****         goto icmperr;
 306              		.loc 1 176 0 discriminator 1
 307 00a4 4046     		mov	r0, r8
 308 00a6 FFF7FEFF 		bl	pbuf_free
 309              	.LVL37:
 177:Middlewares/Third_Party/LwIP/src/core/ipv4/icmp.c ****       }
 310              		.loc 1 177 0 discriminator 1
 311 00aa E7E7     		b	.L14
 312              	.L17:
 180:Middlewares/Third_Party/LwIP/src/core/ipv4/icmp.c ****         LWIP_DEBUGF(ICMP_DEBUG | LWIP_DBG_LEVEL_SERIOUS, ("icmp_input: copying to new pbuf failed")
 313              		.loc 1 180 0
 314 00ac 2946     		mov	r1, r5
 315 00ae 4046     		mov	r0, r8
 316 00b0 FFF7FEFF 		bl	pbuf_copy
 317              	.LVL38:
 318 00b4 18B1     		cbz	r0, .L18
 182:Middlewares/Third_Party/LwIP/src/core/ipv4/icmp.c ****         goto icmperr;
 319              		.loc 1 182 0
 320 00b6 4046     		mov	r0, r8
 321 00b8 FFF7FEFF 		bl	pbuf_free
 322              	.LVL39:
ARM GAS  /tmp/ccEaz5Ep.s 			page 14


 183:Middlewares/Third_Party/LwIP/src/core/ipv4/icmp.c ****       }
 323              		.loc 1 183 0
 324 00bc DEE7     		b	.L14
 325              	.L18:
 186:Middlewares/Third_Party/LwIP/src/core/ipv4/icmp.c ****       /* we now have an identical copy of p that has room for link headers */
 326              		.loc 1 186 0
 327 00be 2846     		mov	r0, r5
 328 00c0 FFF7FEFF 		bl	pbuf_free
 329              	.LVL40:
 188:Middlewares/Third_Party/LwIP/src/core/ipv4/icmp.c ****     } else {
 330              		.loc 1 188 0
 331 00c4 4546     		mov	r5, r8
 332              	.LBE3:
 333 00c6 07E0     		b	.L19
 334              	.LVL41:
 335              	.L15:
 191:Middlewares/Third_Party/LwIP/src/core/ipv4/icmp.c ****         LWIP_ASSERT("icmp_input: restoring original p->payload failed\n", 0);
 336              		.loc 1 191 0
 337 00c8 4FF6F271 		movw	r1, #65522
 338 00cc 091B     		subs	r1, r1, r4
 339 00ce 09B2     		sxth	r1, r1
 340 00d0 2846     		mov	r0, r5
 341 00d2 FFF7FEFF 		bl	pbuf_header
 342              	.LVL42:
 343 00d6 48B9     		cbnz	r0, .L23
 344              	.L19:
 200:Middlewares/Third_Party/LwIP/src/core/ipv4/icmp.c ****     if (pbuf_header(p, (s16_t)hlen)) {
 345              		.loc 1 200 0
 346 00d8 6E68     		ldr	r6, [r5, #4]
 347              	.LVL43:
 201:Middlewares/Third_Party/LwIP/src/core/ipv4/icmp.c ****       LWIP_DEBUGF(ICMP_DEBUG | LWIP_DBG_LEVEL_SERIOUS, ("Can't move over header in packet"));
 348              		.loc 1 201 0
 349 00da 2146     		mov	r1, r4
 350 00dc 2846     		mov	r0, r5
 351 00de FFF7FEFF 		bl	pbuf_header
 352              	.LVL44:
 353 00e2 50B1     		cbz	r0, .L24
 354              	.LVL45:
 355              	.L12:
 275:Middlewares/Third_Party/LwIP/src/core/ipv4/icmp.c ****   return;
 356              		.loc 1 275 0
 357 00e4 2846     		mov	r0, r5
 358 00e6 FFF7FEFF 		bl	pbuf_free
 359              	.LVL46:
 276:Middlewares/Third_Party/LwIP/src/core/ipv4/icmp.c **** lenerr:
 360              		.loc 1 276 0
 361 00ea AEE7     		b	.L10
 362              	.LVL47:
 363              	.L23:
 192:Middlewares/Third_Party/LwIP/src/core/ipv4/icmp.c ****         goto icmperr;
 364              		.loc 1 192 0 discriminator 1
 365 00ec 0F4B     		ldr	r3, .L25+4
 366 00ee C022     		movs	r2, #192
 367 00f0 1149     		ldr	r1, .L25+16
 368 00f2 1048     		ldr	r0, .L25+12
 369 00f4 FFF7FEFF 		bl	printf
 370              	.LVL48:
ARM GAS  /tmp/ccEaz5Ep.s 			page 15


 193:Middlewares/Third_Party/LwIP/src/core/ipv4/icmp.c ****       }
 371              		.loc 1 193 0 discriminator 1
 372 00f8 C0E7     		b	.L14
 373              	.LVL49:
 374              	.L24:
 375              	.LBB4:
 205:Middlewares/Third_Party/LwIP/src/core/ipv4/icmp.c ****       ip4_addr_copy(iphdr->src, *src);
 376              		.loc 1 205 0
 377 00fa 6868     		ldr	r0, [r5, #4]
 378              	.LVL50:
 206:Middlewares/Third_Party/LwIP/src/core/ipv4/icmp.c ****       ip4_addr_copy(iphdr->dest, *ip4_current_src_addr());
 379              		.loc 1 206 0
 380 00fc 0A49     		ldr	r1, .L25
 381 00fe 4B69     		ldr	r3, [r1, #20]
 382 0100 C360     		str	r3, [r0, #12]	@ unaligned
 207:Middlewares/Third_Party/LwIP/src/core/ipv4/icmp.c ****       ICMPH_TYPE_SET(iecho, ICMP_ER);
 383              		.loc 1 207 0
 384 0102 0B69     		ldr	r3, [r1, #16]
 385 0104 0361     		str	r3, [r0, #16]	@ unaligned
 208:Middlewares/Third_Party/LwIP/src/core/ipv4/icmp.c **** #if CHECKSUM_GEN_ICMP
 386              		.loc 1 208 0
 387 0106 0022     		movs	r2, #0
 388 0108 3270     		strb	r2, [r6]
 224:Middlewares/Third_Party/LwIP/src/core/ipv4/icmp.c **** #endif /* CHECKSUM_GEN_ICMP */
 389              		.loc 1 224 0
 390 010a B270     		strb	r2, [r6, #2]
 391 010c F270     		strb	r2, [r6, #3]
 228:Middlewares/Third_Party/LwIP/src/core/ipv4/icmp.c ****       IPH_CHKSUM_SET(iphdr, 0);
 392              		.loc 1 228 0
 393 010e FF23     		movs	r3, #255
 394 0110 0372     		strb	r3, [r0, #8]
 229:Middlewares/Third_Party/LwIP/src/core/ipv4/icmp.c **** #if CHECKSUM_GEN_IP
 395              		.loc 1 229 0
 396 0112 8272     		strb	r2, [r0, #10]
 397 0114 C272     		strb	r2, [r0, #11]
 243:Middlewares/Third_Party/LwIP/src/core/ipv4/icmp.c ****                    ICMP_TTL, 0, IP_PROTO_ICMP, inp);
 398              		.loc 1 243 0
 399 0116 0297     		str	r7, [sp, #8]
 400 0118 0120     		movs	r0, #1
 401              	.LVL51:
 402 011a 0190     		str	r0, [sp, #4]
 403 011c 0092     		str	r2, [sp]
 404 011e 1431     		adds	r1, r1, #20
 405 0120 2846     		mov	r0, r5
 406 0122 FFF7FEFF 		bl	ip4_output_if
 407              	.LVL52:
 408 0126 DDE7     		b	.L12
 409              	.L26:
 410              		.align	2
 411              	.L25:
 412 0128 00000000 		.word	ip_data
 413 012c 00000000 		.word	.LC0
 414 0130 00000000 		.word	.LC3
 415 0134 60000000 		.word	.LC2
 416 0138 38000000 		.word	.LC4
 417              	.LBE4:
 418              		.cfi_endproc
ARM GAS  /tmp/ccEaz5Ep.s 			page 16


 419              	.LFE158:
 421              		.section	.text.icmp_dest_unreach,"ax",%progbits
 422              		.align	1
 423              		.global	icmp_dest_unreach
 424              		.syntax unified
 425              		.thumb
 426              		.thumb_func
 427              		.fpu fpv5-d16
 429              	icmp_dest_unreach:
 430              	.LFB159:
 302:Middlewares/Third_Party/LwIP/src/core/ipv4/icmp.c ****   MIB2_STATS_INC(mib2.icmpoutdestunreachs);
 431              		.loc 1 302 0
 432              		.cfi_startproc
 433              		@ args = 0, pretend = 0, frame = 0
 434              		@ frame_needed = 0, uses_anonymous_args = 0
 435              	.LVL53:
 436 0000 08B5     		push	{r3, lr}
 437              	.LCFI8:
 438              		.cfi_def_cfa_offset 8
 439              		.cfi_offset 3, -8
 440              		.cfi_offset 14, -4
 304:Middlewares/Third_Party/LwIP/src/core/ipv4/icmp.c **** }
 441              		.loc 1 304 0
 442 0002 0A46     		mov	r2, r1
 443 0004 0321     		movs	r1, #3
 444              	.LVL54:
 445 0006 FFF7FEFF 		bl	icmp_send_response
 446              	.LVL55:
 447 000a 08BD     		pop	{r3, pc}
 448              		.cfi_endproc
 449              	.LFE159:
 451              		.section	.text.icmp_time_exceeded,"ax",%progbits
 452              		.align	1
 453              		.global	icmp_time_exceeded
 454              		.syntax unified
 455              		.thumb
 456              		.thumb_func
 457              		.fpu fpv5-d16
 459              	icmp_time_exceeded:
 460              	.LFB160:
 317:Middlewares/Third_Party/LwIP/src/core/ipv4/icmp.c ****   MIB2_STATS_INC(mib2.icmpouttimeexcds);
 461              		.loc 1 317 0
 462              		.cfi_startproc
 463              		@ args = 0, pretend = 0, frame = 0
 464              		@ frame_needed = 0, uses_anonymous_args = 0
 465              	.LVL56:
 466 0000 08B5     		push	{r3, lr}
 467              	.LCFI9:
 468              		.cfi_def_cfa_offset 8
 469              		.cfi_offset 3, -8
 470              		.cfi_offset 14, -4
 319:Middlewares/Third_Party/LwIP/src/core/ipv4/icmp.c **** }
 471              		.loc 1 319 0
 472 0002 0A46     		mov	r2, r1
 473 0004 0B21     		movs	r1, #11
 474              	.LVL57:
 475 0006 FFF7FEFF 		bl	icmp_send_response
ARM GAS  /tmp/ccEaz5Ep.s 			page 17


 476              	.LVL58:
 477 000a 08BD     		pop	{r3, pc}
 478              		.cfi_endproc
 479              	.LFE160:
 481              		.section	.rodata.icmp_input.str1.4,"aMS",%progbits,1
 482              		.align	2
 483              	.LC3:
 484 0000 69636D70 		.ascii	"icmp_input: moving r->payload to icmp header failed"
 484      5F696E70 
 484      75743A20 
 484      6D6F7669 
 484      6E672072 
 485 0033 0A00     		.ascii	"\012\000"
 486 0035 000000   		.space	3
 487              	.LC4:
 488 0038 69636D70 		.ascii	"icmp_input: restoring original p->payload failed\012"
 488      5F696E70 
 488      75743A20 
 488      72657374 
 488      6F72696E 
 489 0069 00       		.ascii	"\000"
 490              		.section	.rodata.icmp_send_response.str1.4,"aMS",%progbits,1
 491              		.align	2
 492              	.LC0:
 493 0000 4D696464 		.ascii	"Middlewares/Third_Party/LwIP/src/core/ipv4/icmp.c\000"
 493      6C657761 
 493      7265732F 
 493      54686972 
 493      645F5061 
 494 0032 0000     		.space	2
 495              	.LC1:
 496 0034 63686563 		.ascii	"check that first pbuf can hold icmp message\000"
 496      6B207468 
 496      61742066 
 496      69727374 
 496      20706275 
 497              	.LC2:
 498 0060 41737365 		.ascii	"Assertion \"%s\" failed at line %d in %s\012\000"
 498      7274696F 
 498      6E202225 
 498      73222066 
 498      61696C65 
 499              		.text
 500              	.Letext0:
 501              		.file 2 "/usr/include/newlib/machine/_default_types.h"
 502              		.file 3 "/usr/include/newlib/sys/_stdint.h"
 503              		.file 4 "Drivers/CMSIS/Include/core_cm7.h"
 504              		.file 5 "Drivers/CMSIS/Device/ST/STM32H7xx/Include/system_stm32h7xx.h"
 505              		.file 6 "/usr/include/newlib/sys/lock.h"
 506              		.file 7 "/usr/include/newlib/sys/_types.h"
 507              		.file 8 "/usr/lib/gcc/arm-none-eabi/6.3.1/include/stddef.h"
 508              		.file 9 "/usr/include/newlib/sys/reent.h"
 509              		.file 10 "/usr/include/newlib/math.h"
 510              		.file 11 "Drivers/STM32H7xx_HAL_Driver/Inc/stm32h7xx_hal_def.h"
 511              		.file 12 "Drivers/STM32H7xx_HAL_Driver/Inc/stm32h7xx_hal_flash.h"
 512              		.file 13 "Drivers/STM32H7xx_HAL_Driver/Inc/stm32h7xx_hal.h"
 513              		.file 14 "/usr/include/newlib/stdlib.h"
ARM GAS  /tmp/ccEaz5Ep.s 			page 18


 514              		.file 15 "/usr/include/newlib/time.h"
 515              		.file 16 "Middlewares/Third_Party/LwIP/src/include/lwip/arch.h"
 516              		.file 17 "Middlewares/Third_Party/LwIP/src/include/lwip/err.h"
 517              		.file 18 "Middlewares/Third_Party/LwIP/src/include/lwip/pbuf.h"
 518              		.file 19 "Middlewares/Third_Party/LwIP/src/include/lwip/ip4_addr.h"
 519              		.file 20 "Middlewares/Third_Party/LwIP/src/include/lwip/ip_addr.h"
 520              		.file 21 "Middlewares/Third_Party/LwIP/src/include/lwip/priv/memp_priv.h"
 521              		.file 22 "Middlewares/Third_Party/LwIP/src/include/lwip/memp.h"
 522              		.file 23 "Middlewares/Third_Party/LwIP/src/include/lwip/netif.h"
 523              		.file 24 "Middlewares/Third_Party/LwIP/src/include/lwip/prot/icmp.h"
 524              		.file 25 "Middlewares/Third_Party/LwIP/src/include/lwip/icmp.h"
 525              		.file 26 "Middlewares/Third_Party/LwIP/src/include/lwip/prot/ip4.h"
 526              		.file 27 "Middlewares/Third_Party/LwIP/src/include/lwip/ip.h"
 527              		.file 28 "Middlewares/Third_Party/LwIP/src/include/lwip/ip4.h"
 528              		.file 29 "/usr/include/newlib/stdio.h"
ARM GAS  /tmp/ccEaz5Ep.s 			page 19


DEFINED SYMBOLS
                            *ABS*:0000000000000000 icmp.c
     /tmp/ccEaz5Ep.s:17     .text.icmp_send_response:0000000000000000 $t
     /tmp/ccEaz5Ep.s:23     .text.icmp_send_response:0000000000000000 icmp_send_response
     /tmp/ccEaz5Ep.s:153    .text.icmp_send_response:00000000000000a0 $d
     /tmp/ccEaz5Ep.s:160    .text.icmp_input:0000000000000000 $t
     /tmp/ccEaz5Ep.s:167    .text.icmp_input:0000000000000000 icmp_input
     /tmp/ccEaz5Ep.s:412    .text.icmp_input:0000000000000128 $d
     /tmp/ccEaz5Ep.s:422    .text.icmp_dest_unreach:0000000000000000 $t
     /tmp/ccEaz5Ep.s:429    .text.icmp_dest_unreach:0000000000000000 icmp_dest_unreach
     /tmp/ccEaz5Ep.s:452    .text.icmp_time_exceeded:0000000000000000 $t
     /tmp/ccEaz5Ep.s:459    .text.icmp_time_exceeded:0000000000000000 icmp_time_exceeded
     /tmp/ccEaz5Ep.s:482    .rodata.icmp_input.str1.4:0000000000000000 $d
     /tmp/ccEaz5Ep.s:491    .rodata.icmp_send_response.str1.4:0000000000000000 $d
                     .debug_frame:0000000000000010 $d

UNDEFINED SYMBOLS
pbuf_alloc
ip4_route
ip4_output_if
pbuf_free
printf
ip4_addr_isbroadcast_u32
pbuf_header
memcpy
pbuf_copy
ip_data
