ARM GAS  /tmp/cc1otu7w.s 			page 1


   1              		.cpu cortex-m7
   2              		.eabi_attribute 28, 1
   3              		.eabi_attribute 20, 1
   4              		.eabi_attribute 21, 1
   5              		.eabi_attribute 23, 3
   6              		.eabi_attribute 24, 1
   7              		.eabi_attribute 25, 1
   8              		.eabi_attribute 26, 1
   9              		.eabi_attribute 30, 1
  10              		.eabi_attribute 34, 1
  11              		.eabi_attribute 18, 4
  12              		.file	"stm32h7xx_it.c"
  13              		.text
  14              	.Ltext0:
  15              		.cfi_sections	.debug_frame
  16              		.section	.text.NMI_Handler,"ax",%progbits
  17              		.align	1
  18              		.global	NMI_Handler
  19              		.syntax unified
  20              		.thumb
  21              		.thumb_func
  22              		.fpu fpv5-d16
  24              	NMI_Handler:
  25              	.LFB141:
  26              		.file 1 "Src/stm32h7xx_it.c"
   1:Src/stm32h7xx_it.c **** /* USER CODE BEGIN Header */
   2:Src/stm32h7xx_it.c **** /**
   3:Src/stm32h7xx_it.c ****   ******************************************************************************
   4:Src/stm32h7xx_it.c ****   * @file    stm32h7xx_it.c
   5:Src/stm32h7xx_it.c ****   * @brief   Interrupt Service Routines.
   6:Src/stm32h7xx_it.c ****   ******************************************************************************
   7:Src/stm32h7xx_it.c ****   * @attention
   8:Src/stm32h7xx_it.c ****   *
   9:Src/stm32h7xx_it.c ****   * <h2><center>&copy; Copyright (c) 2019 STMicroelectronics.
  10:Src/stm32h7xx_it.c ****   * All rights reserved.</center></h2>
  11:Src/stm32h7xx_it.c ****   *
  12:Src/stm32h7xx_it.c ****   * This software component is licensed by ST under Ultimate Liberty license
  13:Src/stm32h7xx_it.c ****   * SLA0044, the "License"; You may not use this file except in compliance with
  14:Src/stm32h7xx_it.c ****   * the License. You may obtain a copy of the License at:
  15:Src/stm32h7xx_it.c ****   *                             www.st.com/SLA0044
  16:Src/stm32h7xx_it.c ****   *
  17:Src/stm32h7xx_it.c ****   ******************************************************************************
  18:Src/stm32h7xx_it.c ****   */
  19:Src/stm32h7xx_it.c **** /* USER CODE END Header */
  20:Src/stm32h7xx_it.c **** 
  21:Src/stm32h7xx_it.c **** /* Includes ------------------------------------------------------------------*/
  22:Src/stm32h7xx_it.c **** #include "main.h"
  23:Src/stm32h7xx_it.c **** #include "stm32h7xx_it.h"
  24:Src/stm32h7xx_it.c **** /* Private includes ----------------------------------------------------------*/
  25:Src/stm32h7xx_it.c **** /* USER CODE BEGIN Includes */
  26:Src/stm32h7xx_it.c **** /* USER CODE END Includes */
  27:Src/stm32h7xx_it.c **** 
  28:Src/stm32h7xx_it.c **** /* Private typedef -----------------------------------------------------------*/
  29:Src/stm32h7xx_it.c **** /* USER CODE BEGIN TD */
  30:Src/stm32h7xx_it.c **** 
  31:Src/stm32h7xx_it.c **** /* USER CODE END TD */
  32:Src/stm32h7xx_it.c **** 
ARM GAS  /tmp/cc1otu7w.s 			page 2


  33:Src/stm32h7xx_it.c **** /* Private define ------------------------------------------------------------*/
  34:Src/stm32h7xx_it.c **** /* USER CODE BEGIN PD */
  35:Src/stm32h7xx_it.c ****  
  36:Src/stm32h7xx_it.c **** /* USER CODE END PD */
  37:Src/stm32h7xx_it.c **** 
  38:Src/stm32h7xx_it.c **** /* Private macro -------------------------------------------------------------*/
  39:Src/stm32h7xx_it.c **** /* USER CODE BEGIN PM */
  40:Src/stm32h7xx_it.c **** 
  41:Src/stm32h7xx_it.c **** /* USER CODE END PM */
  42:Src/stm32h7xx_it.c **** 
  43:Src/stm32h7xx_it.c **** /* Private variables ---------------------------------------------------------*/
  44:Src/stm32h7xx_it.c **** /* USER CODE BEGIN PV */
  45:Src/stm32h7xx_it.c **** 
  46:Src/stm32h7xx_it.c **** /* USER CODE END PV */
  47:Src/stm32h7xx_it.c **** 
  48:Src/stm32h7xx_it.c **** /* Private function prototypes -----------------------------------------------*/
  49:Src/stm32h7xx_it.c **** /* USER CODE BEGIN PFP */
  50:Src/stm32h7xx_it.c **** 
  51:Src/stm32h7xx_it.c **** /* USER CODE END PFP */
  52:Src/stm32h7xx_it.c **** 
  53:Src/stm32h7xx_it.c **** /* Private user code ---------------------------------------------------------*/
  54:Src/stm32h7xx_it.c **** /* USER CODE BEGIN 0 */
  55:Src/stm32h7xx_it.c **** 
  56:Src/stm32h7xx_it.c **** /* USER CODE END 0 */
  57:Src/stm32h7xx_it.c **** 
  58:Src/stm32h7xx_it.c **** /* External variables --------------------------------------------------------*/
  59:Src/stm32h7xx_it.c **** extern TIM_HandleTypeDef htim1;
  60:Src/stm32h7xx_it.c **** 
  61:Src/stm32h7xx_it.c **** /* USER CODE BEGIN EV */
  62:Src/stm32h7xx_it.c **** 
  63:Src/stm32h7xx_it.c **** /* USER CODE END EV */
  64:Src/stm32h7xx_it.c **** 
  65:Src/stm32h7xx_it.c **** /******************************************************************************/
  66:Src/stm32h7xx_it.c **** /*           Cortex Processor Interruption and Exception Handlers          */ 
  67:Src/stm32h7xx_it.c **** /******************************************************************************/
  68:Src/stm32h7xx_it.c **** /**
  69:Src/stm32h7xx_it.c ****   * @brief This function handles Non maskable interrupt.
  70:Src/stm32h7xx_it.c ****   */
  71:Src/stm32h7xx_it.c **** void NMI_Handler(void)
  72:Src/stm32h7xx_it.c **** {
  27              		.loc 1 72 0
  28              		.cfi_startproc
  29              		@ args = 0, pretend = 0, frame = 0
  30              		@ frame_needed = 0, uses_anonymous_args = 0
  31              		@ link register save eliminated.
  32 0000 7047     		bx	lr
  33              		.cfi_endproc
  34              	.LFE141:
  36              		.section	.text.HardFault_Handler,"ax",%progbits
  37              		.align	1
  38              		.global	HardFault_Handler
  39              		.syntax unified
  40              		.thumb
  41              		.thumb_func
  42              		.fpu fpv5-d16
  44              	HardFault_Handler:
  45              	.LFB142:
ARM GAS  /tmp/cc1otu7w.s 			page 3


  73:Src/stm32h7xx_it.c ****   /* USER CODE BEGIN NonMaskableInt_IRQn 0 */
  74:Src/stm32h7xx_it.c **** 
  75:Src/stm32h7xx_it.c ****   /* USER CODE END NonMaskableInt_IRQn 0 */
  76:Src/stm32h7xx_it.c ****   /* USER CODE BEGIN NonMaskableInt_IRQn 1 */
  77:Src/stm32h7xx_it.c **** 
  78:Src/stm32h7xx_it.c ****   /* USER CODE END NonMaskableInt_IRQn 1 */
  79:Src/stm32h7xx_it.c **** }
  80:Src/stm32h7xx_it.c **** 
  81:Src/stm32h7xx_it.c **** /**
  82:Src/stm32h7xx_it.c ****   * @brief This function handles Hard fault interrupt.
  83:Src/stm32h7xx_it.c ****   */
  84:Src/stm32h7xx_it.c **** void HardFault_Handler(void)
  85:Src/stm32h7xx_it.c **** {
  46              		.loc 1 85 0
  47              		.cfi_startproc
  48              		@ Volatile: function does not return.
  49              		@ args = 0, pretend = 0, frame = 0
  50              		@ frame_needed = 0, uses_anonymous_args = 0
  51              		@ link register save eliminated.
  52              	.L3:
  53 0000 FEE7     		b	.L3
  54              		.cfi_endproc
  55              	.LFE142:
  57              		.section	.text.MemManage_Handler,"ax",%progbits
  58              		.align	1
  59              		.global	MemManage_Handler
  60              		.syntax unified
  61              		.thumb
  62              		.thumb_func
  63              		.fpu fpv5-d16
  65              	MemManage_Handler:
  66              	.LFB143:
  86:Src/stm32h7xx_it.c ****   /* USER CODE BEGIN HardFault_IRQn 0 */
  87:Src/stm32h7xx_it.c **** 
  88:Src/stm32h7xx_it.c ****   /* USER CODE END HardFault_IRQn 0 */
  89:Src/stm32h7xx_it.c ****   while (1)
  90:Src/stm32h7xx_it.c ****   {
  91:Src/stm32h7xx_it.c ****     /* USER CODE BEGIN W1_HardFault_IRQn 0 */
  92:Src/stm32h7xx_it.c ****     /* USER CODE END W1_HardFault_IRQn 0 */
  93:Src/stm32h7xx_it.c ****   }
  94:Src/stm32h7xx_it.c **** }
  95:Src/stm32h7xx_it.c **** 
  96:Src/stm32h7xx_it.c **** /**
  97:Src/stm32h7xx_it.c ****   * @brief This function handles Memory management fault.
  98:Src/stm32h7xx_it.c ****   */
  99:Src/stm32h7xx_it.c **** void MemManage_Handler(void)
 100:Src/stm32h7xx_it.c **** {
  67              		.loc 1 100 0
  68              		.cfi_startproc
  69              		@ Volatile: function does not return.
  70              		@ args = 0, pretend = 0, frame = 0
  71              		@ frame_needed = 0, uses_anonymous_args = 0
  72              		@ link register save eliminated.
  73              	.L5:
  74 0000 FEE7     		b	.L5
  75              		.cfi_endproc
  76              	.LFE143:
ARM GAS  /tmp/cc1otu7w.s 			page 4


  78              		.section	.text.BusFault_Handler,"ax",%progbits
  79              		.align	1
  80              		.global	BusFault_Handler
  81              		.syntax unified
  82              		.thumb
  83              		.thumb_func
  84              		.fpu fpv5-d16
  86              	BusFault_Handler:
  87              	.LFB144:
 101:Src/stm32h7xx_it.c ****   /* USER CODE BEGIN MemoryManagement_IRQn 0 */
 102:Src/stm32h7xx_it.c **** 
 103:Src/stm32h7xx_it.c ****   /* USER CODE END MemoryManagement_IRQn 0 */
 104:Src/stm32h7xx_it.c ****   while (1)
 105:Src/stm32h7xx_it.c ****   {
 106:Src/stm32h7xx_it.c ****     /* USER CODE BEGIN W1_MemoryManagement_IRQn 0 */
 107:Src/stm32h7xx_it.c ****     /* USER CODE END W1_MemoryManagement_IRQn 0 */
 108:Src/stm32h7xx_it.c ****   }
 109:Src/stm32h7xx_it.c **** }
 110:Src/stm32h7xx_it.c **** 
 111:Src/stm32h7xx_it.c **** /**
 112:Src/stm32h7xx_it.c ****   * @brief This function handles Pre-fetch fault, memory access fault.
 113:Src/stm32h7xx_it.c ****   */
 114:Src/stm32h7xx_it.c **** void BusFault_Handler(void)
 115:Src/stm32h7xx_it.c **** {
  88              		.loc 1 115 0
  89              		.cfi_startproc
  90              		@ Volatile: function does not return.
  91              		@ args = 0, pretend = 0, frame = 0
  92              		@ frame_needed = 0, uses_anonymous_args = 0
  93              		@ link register save eliminated.
  94              	.L7:
  95 0000 FEE7     		b	.L7
  96              		.cfi_endproc
  97              	.LFE144:
  99              		.section	.text.UsageFault_Handler,"ax",%progbits
 100              		.align	1
 101              		.global	UsageFault_Handler
 102              		.syntax unified
 103              		.thumb
 104              		.thumb_func
 105              		.fpu fpv5-d16
 107              	UsageFault_Handler:
 108              	.LFB145:
 116:Src/stm32h7xx_it.c ****   /* USER CODE BEGIN BusFault_IRQn 0 */
 117:Src/stm32h7xx_it.c **** 
 118:Src/stm32h7xx_it.c ****   /* USER CODE END BusFault_IRQn 0 */
 119:Src/stm32h7xx_it.c ****   while (1)
 120:Src/stm32h7xx_it.c ****   {
 121:Src/stm32h7xx_it.c ****     /* USER CODE BEGIN W1_BusFault_IRQn 0 */
 122:Src/stm32h7xx_it.c ****     /* USER CODE END W1_BusFault_IRQn 0 */
 123:Src/stm32h7xx_it.c ****   }
 124:Src/stm32h7xx_it.c **** }
 125:Src/stm32h7xx_it.c **** 
 126:Src/stm32h7xx_it.c **** /**
 127:Src/stm32h7xx_it.c ****   * @brief This function handles Undefined instruction or illegal state.
 128:Src/stm32h7xx_it.c ****   */
 129:Src/stm32h7xx_it.c **** void UsageFault_Handler(void)
ARM GAS  /tmp/cc1otu7w.s 			page 5


 130:Src/stm32h7xx_it.c **** {
 109              		.loc 1 130 0
 110              		.cfi_startproc
 111              		@ Volatile: function does not return.
 112              		@ args = 0, pretend = 0, frame = 0
 113              		@ frame_needed = 0, uses_anonymous_args = 0
 114              		@ link register save eliminated.
 115              	.L9:
 116 0000 FEE7     		b	.L9
 117              		.cfi_endproc
 118              	.LFE145:
 120              		.section	.text.SVC_Handler,"ax",%progbits
 121              		.align	1
 122              		.global	SVC_Handler
 123              		.syntax unified
 124              		.thumb
 125              		.thumb_func
 126              		.fpu fpv5-d16
 128              	SVC_Handler:
 129              	.LFB146:
 131:Src/stm32h7xx_it.c ****   /* USER CODE BEGIN UsageFault_IRQn 0 */
 132:Src/stm32h7xx_it.c **** 
 133:Src/stm32h7xx_it.c ****   /* USER CODE END UsageFault_IRQn 0 */
 134:Src/stm32h7xx_it.c ****   while (1)
 135:Src/stm32h7xx_it.c ****   {
 136:Src/stm32h7xx_it.c ****     /* USER CODE BEGIN W1_UsageFault_IRQn 0 */
 137:Src/stm32h7xx_it.c ****     /* USER CODE END W1_UsageFault_IRQn 0 */
 138:Src/stm32h7xx_it.c ****   }
 139:Src/stm32h7xx_it.c **** }
 140:Src/stm32h7xx_it.c **** 
 141:Src/stm32h7xx_it.c **** /**
 142:Src/stm32h7xx_it.c ****   * @brief This function handles System service call via SWI instruction.
 143:Src/stm32h7xx_it.c ****   */
 144:Src/stm32h7xx_it.c **** void SVC_Handler(void)
 145:Src/stm32h7xx_it.c **** {
 130              		.loc 1 145 0
 131              		.cfi_startproc
 132              		@ args = 0, pretend = 0, frame = 0
 133              		@ frame_needed = 0, uses_anonymous_args = 0
 134              		@ link register save eliminated.
 135 0000 7047     		bx	lr
 136              		.cfi_endproc
 137              	.LFE146:
 139              		.section	.text.DebugMon_Handler,"ax",%progbits
 140              		.align	1
 141              		.global	DebugMon_Handler
 142              		.syntax unified
 143              		.thumb
 144              		.thumb_func
 145              		.fpu fpv5-d16
 147              	DebugMon_Handler:
 148              	.LFB147:
 146:Src/stm32h7xx_it.c ****   /* USER CODE BEGIN SVCall_IRQn 0 */
 147:Src/stm32h7xx_it.c **** 
 148:Src/stm32h7xx_it.c ****   /* USER CODE END SVCall_IRQn 0 */
 149:Src/stm32h7xx_it.c ****   /* USER CODE BEGIN SVCall_IRQn 1 */
 150:Src/stm32h7xx_it.c **** 
ARM GAS  /tmp/cc1otu7w.s 			page 6


 151:Src/stm32h7xx_it.c ****   /* USER CODE END SVCall_IRQn 1 */
 152:Src/stm32h7xx_it.c **** }
 153:Src/stm32h7xx_it.c **** 
 154:Src/stm32h7xx_it.c **** /**
 155:Src/stm32h7xx_it.c ****   * @brief This function handles Debug monitor.
 156:Src/stm32h7xx_it.c ****   */
 157:Src/stm32h7xx_it.c **** void DebugMon_Handler(void)
 158:Src/stm32h7xx_it.c **** {
 149              		.loc 1 158 0
 150              		.cfi_startproc
 151              		@ args = 0, pretend = 0, frame = 0
 152              		@ frame_needed = 0, uses_anonymous_args = 0
 153              		@ link register save eliminated.
 154 0000 7047     		bx	lr
 155              		.cfi_endproc
 156              	.LFE147:
 158              		.section	.text.PendSV_Handler,"ax",%progbits
 159              		.align	1
 160              		.global	PendSV_Handler
 161              		.syntax unified
 162              		.thumb
 163              		.thumb_func
 164              		.fpu fpv5-d16
 166              	PendSV_Handler:
 167              	.LFB148:
 159:Src/stm32h7xx_it.c ****   /* USER CODE BEGIN DebugMonitor_IRQn 0 */
 160:Src/stm32h7xx_it.c **** 
 161:Src/stm32h7xx_it.c ****   /* USER CODE END DebugMonitor_IRQn 0 */
 162:Src/stm32h7xx_it.c ****   /* USER CODE BEGIN DebugMonitor_IRQn 1 */
 163:Src/stm32h7xx_it.c **** 
 164:Src/stm32h7xx_it.c ****   /* USER CODE END DebugMonitor_IRQn 1 */
 165:Src/stm32h7xx_it.c **** }
 166:Src/stm32h7xx_it.c **** 
 167:Src/stm32h7xx_it.c **** /**
 168:Src/stm32h7xx_it.c ****   * @brief This function handles Pendable request for system service.
 169:Src/stm32h7xx_it.c ****   */
 170:Src/stm32h7xx_it.c **** void PendSV_Handler(void)
 171:Src/stm32h7xx_it.c **** {
 168              		.loc 1 171 0
 169              		.cfi_startproc
 170              		@ args = 0, pretend = 0, frame = 0
 171              		@ frame_needed = 0, uses_anonymous_args = 0
 172              		@ link register save eliminated.
 173 0000 7047     		bx	lr
 174              		.cfi_endproc
 175              	.LFE148:
 177              		.section	.text.SysTick_Handler,"ax",%progbits
 178              		.align	1
 179              		.global	SysTick_Handler
 180              		.syntax unified
 181              		.thumb
 182              		.thumb_func
 183              		.fpu fpv5-d16
 185              	SysTick_Handler:
 186              	.LFB149:
 172:Src/stm32h7xx_it.c ****   /* USER CODE BEGIN PendSV_IRQn 0 */
 173:Src/stm32h7xx_it.c **** 
ARM GAS  /tmp/cc1otu7w.s 			page 7


 174:Src/stm32h7xx_it.c ****   /* USER CODE END PendSV_IRQn 0 */
 175:Src/stm32h7xx_it.c ****   /* USER CODE BEGIN PendSV_IRQn 1 */
 176:Src/stm32h7xx_it.c **** 
 177:Src/stm32h7xx_it.c ****   /* USER CODE END PendSV_IRQn 1 */
 178:Src/stm32h7xx_it.c **** }
 179:Src/stm32h7xx_it.c **** 
 180:Src/stm32h7xx_it.c **** /**
 181:Src/stm32h7xx_it.c ****   * @brief This function handles System tick timer.
 182:Src/stm32h7xx_it.c ****   */
 183:Src/stm32h7xx_it.c **** void SysTick_Handler(void)
 184:Src/stm32h7xx_it.c **** {
 187              		.loc 1 184 0
 188              		.cfi_startproc
 189              		@ args = 0, pretend = 0, frame = 0
 190              		@ frame_needed = 0, uses_anonymous_args = 0
 191              		@ link register save eliminated.
 192 0000 7047     		bx	lr
 193              		.cfi_endproc
 194              	.LFE149:
 196              		.section	.text.TIM1_UP_IRQHandler,"ax",%progbits
 197              		.align	1
 198              		.global	TIM1_UP_IRQHandler
 199              		.syntax unified
 200              		.thumb
 201              		.thumb_func
 202              		.fpu fpv5-d16
 204              	TIM1_UP_IRQHandler:
 205              	.LFB150:
 185:Src/stm32h7xx_it.c ****   /* USER CODE BEGIN SysTick_IRQn 0 */
 186:Src/stm32h7xx_it.c **** 
 187:Src/stm32h7xx_it.c ****   /* USER CODE END SysTick_IRQn 0 */
 188:Src/stm32h7xx_it.c ****   /* USER CODE BEGIN SysTick_IRQn 1 */
 189:Src/stm32h7xx_it.c **** 
 190:Src/stm32h7xx_it.c ****   /* USER CODE END SysTick_IRQn 1 */
 191:Src/stm32h7xx_it.c **** }
 192:Src/stm32h7xx_it.c **** 
 193:Src/stm32h7xx_it.c **** /******************************************************************************/
 194:Src/stm32h7xx_it.c **** /* STM32H7xx Peripheral Interrupt Handlers                                    */
 195:Src/stm32h7xx_it.c **** /* Add here the Interrupt Handlers for the used peripherals.                  */
 196:Src/stm32h7xx_it.c **** /* For the available peripheral interrupt handler names,                      */
 197:Src/stm32h7xx_it.c **** /* please refer to the startup file (startup_stm32h7xx.s).                    */
 198:Src/stm32h7xx_it.c **** /******************************************************************************/
 199:Src/stm32h7xx_it.c **** 
 200:Src/stm32h7xx_it.c **** /**
 201:Src/stm32h7xx_it.c ****   * @brief This function handles TIM1 update interrupt.
 202:Src/stm32h7xx_it.c ****   */
 203:Src/stm32h7xx_it.c **** void TIM1_UP_IRQHandler(void)
 204:Src/stm32h7xx_it.c **** {
 206              		.loc 1 204 0
 207              		.cfi_startproc
 208              		@ args = 0, pretend = 0, frame = 0
 209              		@ frame_needed = 0, uses_anonymous_args = 0
 210              		.loc 1 204 0
 211 0000 08B5     		push	{r3, lr}
 212              	.LCFI0:
 213              		.cfi_def_cfa_offset 8
 214              		.cfi_offset 3, -8
ARM GAS  /tmp/cc1otu7w.s 			page 8


 215              		.cfi_offset 14, -4
 205:Src/stm32h7xx_it.c ****   /* USER CODE BEGIN TIM1_UP_IRQn 0 */
 206:Src/stm32h7xx_it.c **** 
 207:Src/stm32h7xx_it.c ****   /* USER CODE END TIM1_UP_IRQn 0 */
 208:Src/stm32h7xx_it.c ****   HAL_TIM_IRQHandler(&htim1);
 216              		.loc 1 208 0
 217 0002 0248     		ldr	r0, .L16
 218 0004 FFF7FEFF 		bl	HAL_TIM_IRQHandler
 219              	.LVL0:
 220 0008 08BD     		pop	{r3, pc}
 221              	.L17:
 222 000a 00BF     		.align	2
 223              	.L16:
 224 000c 00000000 		.word	htim1
 225              		.cfi_endproc
 226              	.LFE150:
 228              		.text
 229              	.Letext0:
 230              		.file 2 "/usr/include/newlib/machine/_default_types.h"
 231              		.file 3 "/usr/include/newlib/sys/_stdint.h"
 232              		.file 4 "Drivers/CMSIS/Include/core_cm7.h"
 233              		.file 5 "Drivers/CMSIS/Device/ST/STM32H7xx/Include/system_stm32h7xx.h"
 234              		.file 6 "Drivers/CMSIS/Device/ST/STM32H7xx/Include/stm32h743xx.h"
 235              		.file 7 "/usr/include/newlib/sys/lock.h"
 236              		.file 8 "/usr/include/newlib/sys/_types.h"
 237              		.file 9 "/usr/lib/gcc/arm-none-eabi/6.3.1/include/stddef.h"
 238              		.file 10 "/usr/include/newlib/sys/reent.h"
 239              		.file 11 "/usr/include/newlib/math.h"
 240              		.file 12 "Drivers/STM32H7xx_HAL_Driver/Inc/stm32h7xx_hal_def.h"
 241              		.file 13 "Drivers/STM32H7xx_HAL_Driver/Inc/stm32h7xx_hal_dma.h"
 242              		.file 14 "Drivers/STM32H7xx_HAL_Driver/Inc/stm32h7xx_hal_flash.h"
 243              		.file 15 "Drivers/STM32H7xx_HAL_Driver/Inc/stm32h7xx_hal_tim.h"
 244              		.file 16 "Drivers/STM32H7xx_HAL_Driver/Inc/stm32h7xx_hal.h"
ARM GAS  /tmp/cc1otu7w.s 			page 9


DEFINED SYMBOLS
                            *ABS*:0000000000000000 stm32h7xx_it.c
     /tmp/cc1otu7w.s:17     .text.NMI_Handler:0000000000000000 $t
     /tmp/cc1otu7w.s:24     .text.NMI_Handler:0000000000000000 NMI_Handler
     /tmp/cc1otu7w.s:37     .text.HardFault_Handler:0000000000000000 $t
     /tmp/cc1otu7w.s:44     .text.HardFault_Handler:0000000000000000 HardFault_Handler
     /tmp/cc1otu7w.s:58     .text.MemManage_Handler:0000000000000000 $t
     /tmp/cc1otu7w.s:65     .text.MemManage_Handler:0000000000000000 MemManage_Handler
     /tmp/cc1otu7w.s:79     .text.BusFault_Handler:0000000000000000 $t
     /tmp/cc1otu7w.s:86     .text.BusFault_Handler:0000000000000000 BusFault_Handler
     /tmp/cc1otu7w.s:100    .text.UsageFault_Handler:0000000000000000 $t
     /tmp/cc1otu7w.s:107    .text.UsageFault_Handler:0000000000000000 UsageFault_Handler
     /tmp/cc1otu7w.s:121    .text.SVC_Handler:0000000000000000 $t
     /tmp/cc1otu7w.s:128    .text.SVC_Handler:0000000000000000 SVC_Handler
     /tmp/cc1otu7w.s:140    .text.DebugMon_Handler:0000000000000000 $t
     /tmp/cc1otu7w.s:147    .text.DebugMon_Handler:0000000000000000 DebugMon_Handler
     /tmp/cc1otu7w.s:159    .text.PendSV_Handler:0000000000000000 $t
     /tmp/cc1otu7w.s:166    .text.PendSV_Handler:0000000000000000 PendSV_Handler
     /tmp/cc1otu7w.s:178    .text.SysTick_Handler:0000000000000000 $t
     /tmp/cc1otu7w.s:185    .text.SysTick_Handler:0000000000000000 SysTick_Handler
     /tmp/cc1otu7w.s:197    .text.TIM1_UP_IRQHandler:0000000000000000 $t
     /tmp/cc1otu7w.s:204    .text.TIM1_UP_IRQHandler:0000000000000000 TIM1_UP_IRQHandler
     /tmp/cc1otu7w.s:224    .text.TIM1_UP_IRQHandler:000000000000000c $d
                     .debug_frame:0000000000000010 $d

UNDEFINED SYMBOLS
HAL_TIM_IRQHandler
htim1
