ARM GAS  /tmp/ccuyOoI7.s 			page 1


   1              		.cpu cortex-m7
   2              		.eabi_attribute 28, 1
   3              		.eabi_attribute 20, 1
   4              		.eabi_attribute 21, 1
   5              		.eabi_attribute 23, 3
   6              		.eabi_attribute 24, 1
   7              		.eabi_attribute 25, 1
   8              		.eabi_attribute 26, 1
   9              		.eabi_attribute 30, 1
  10              		.eabi_attribute 34, 1
  11              		.eabi_attribute 18, 4
  12              		.file	"stm32h7xx_hal_gpio.c"
  13              		.text
  14              	.Ltext0:
  15              		.cfi_sections	.debug_frame
  16              		.section	.text.HAL_GPIO_Init,"ax",%progbits
  17              		.align	1
  18              		.global	HAL_GPIO_Init
  19              		.syntax unified
  20              		.thumb
  21              		.thumb_func
  22              		.fpu fpv5-d16
  24              	HAL_GPIO_Init:
  25              	.LFB141:
  26              		.file 1 "Drivers/STM32H7xx_HAL_Driver/Src/stm32h7xx_hal_gpio.c"
   1:Drivers/STM32H7xx_HAL_Driver/Src/stm32h7xx_hal_gpio.c **** /**
   2:Drivers/STM32H7xx_HAL_Driver/Src/stm32h7xx_hal_gpio.c ****   ******************************************************************************
   3:Drivers/STM32H7xx_HAL_Driver/Src/stm32h7xx_hal_gpio.c ****   * @file    stm32h7xx_hal_gpio.c
   4:Drivers/STM32H7xx_HAL_Driver/Src/stm32h7xx_hal_gpio.c ****   * @author  MCD Application Team
   5:Drivers/STM32H7xx_HAL_Driver/Src/stm32h7xx_hal_gpio.c ****   * @brief   GPIO HAL module driver.
   6:Drivers/STM32H7xx_HAL_Driver/Src/stm32h7xx_hal_gpio.c ****   *          This file provides firmware functions to manage the following
   7:Drivers/STM32H7xx_HAL_Driver/Src/stm32h7xx_hal_gpio.c ****   *          functionalities of the General Purpose Input/Output (GPIO) peripheral:
   8:Drivers/STM32H7xx_HAL_Driver/Src/stm32h7xx_hal_gpio.c ****   *           + Initialization and de-initialization functions
   9:Drivers/STM32H7xx_HAL_Driver/Src/stm32h7xx_hal_gpio.c ****   *           + IO operation functions
  10:Drivers/STM32H7xx_HAL_Driver/Src/stm32h7xx_hal_gpio.c ****   *
  11:Drivers/STM32H7xx_HAL_Driver/Src/stm32h7xx_hal_gpio.c ****   @verbatim
  12:Drivers/STM32H7xx_HAL_Driver/Src/stm32h7xx_hal_gpio.c ****   ==============================================================================
  13:Drivers/STM32H7xx_HAL_Driver/Src/stm32h7xx_hal_gpio.c ****                     ##### GPIO Peripheral features #####
  14:Drivers/STM32H7xx_HAL_Driver/Src/stm32h7xx_hal_gpio.c ****   ==============================================================================
  15:Drivers/STM32H7xx_HAL_Driver/Src/stm32h7xx_hal_gpio.c ****   [..]
  16:Drivers/STM32H7xx_HAL_Driver/Src/stm32h7xx_hal_gpio.c ****     (+) Each port bit of the general-purpose I/O (GPIO) ports can be individually
  17:Drivers/STM32H7xx_HAL_Driver/Src/stm32h7xx_hal_gpio.c ****         configured by software in several modes:
  18:Drivers/STM32H7xx_HAL_Driver/Src/stm32h7xx_hal_gpio.c ****         (++) Input mode
  19:Drivers/STM32H7xx_HAL_Driver/Src/stm32h7xx_hal_gpio.c ****         (++) Analog mode
  20:Drivers/STM32H7xx_HAL_Driver/Src/stm32h7xx_hal_gpio.c ****         (++) Output mode
  21:Drivers/STM32H7xx_HAL_Driver/Src/stm32h7xx_hal_gpio.c ****         (++) Alternate function mode
  22:Drivers/STM32H7xx_HAL_Driver/Src/stm32h7xx_hal_gpio.c ****         (++) External interrupt/event lines
  23:Drivers/STM32H7xx_HAL_Driver/Src/stm32h7xx_hal_gpio.c **** 
  24:Drivers/STM32H7xx_HAL_Driver/Src/stm32h7xx_hal_gpio.c ****     (+) During and just after reset, the alternate functions and external interrupt
  25:Drivers/STM32H7xx_HAL_Driver/Src/stm32h7xx_hal_gpio.c ****         lines are not active and the I/O ports are configured in input floating mode.
  26:Drivers/STM32H7xx_HAL_Driver/Src/stm32h7xx_hal_gpio.c **** 
  27:Drivers/STM32H7xx_HAL_Driver/Src/stm32h7xx_hal_gpio.c ****     (+) All GPIO pins have weak internal pull-up and pull-down resistors, which can be
  28:Drivers/STM32H7xx_HAL_Driver/Src/stm32h7xx_hal_gpio.c ****         activated or not.
  29:Drivers/STM32H7xx_HAL_Driver/Src/stm32h7xx_hal_gpio.c **** 
  30:Drivers/STM32H7xx_HAL_Driver/Src/stm32h7xx_hal_gpio.c ****     (+) In Output or Alternate mode, each IO can be configured on open-drain or push-pull
  31:Drivers/STM32H7xx_HAL_Driver/Src/stm32h7xx_hal_gpio.c ****         type and the IO speed can be selected depending on the VDD value.
  32:Drivers/STM32H7xx_HAL_Driver/Src/stm32h7xx_hal_gpio.c **** 
ARM GAS  /tmp/ccuyOoI7.s 			page 2


  33:Drivers/STM32H7xx_HAL_Driver/Src/stm32h7xx_hal_gpio.c ****     (+) The microcontroller IO pins are connected to onboard peripherals/modules through a
  34:Drivers/STM32H7xx_HAL_Driver/Src/stm32h7xx_hal_gpio.c ****         multiplexer that allows only one peripheral alternate function (AF) connected
  35:Drivers/STM32H7xx_HAL_Driver/Src/stm32h7xx_hal_gpio.c ****        to an IO pin at a time. In this way, there can be no conflict between peripherals
  36:Drivers/STM32H7xx_HAL_Driver/Src/stm32h7xx_hal_gpio.c ****        sharing the same IO pin.
  37:Drivers/STM32H7xx_HAL_Driver/Src/stm32h7xx_hal_gpio.c **** 
  38:Drivers/STM32H7xx_HAL_Driver/Src/stm32h7xx_hal_gpio.c ****     (+) All ports have external interrupt/event capability. To use external interrupt
  39:Drivers/STM32H7xx_HAL_Driver/Src/stm32h7xx_hal_gpio.c ****         lines, the port must be configured in input mode. All available GPIO pins are
  40:Drivers/STM32H7xx_HAL_Driver/Src/stm32h7xx_hal_gpio.c ****         connected to the 16 external interrupt/event lines from EXTI0 to EXTI15.
  41:Drivers/STM32H7xx_HAL_Driver/Src/stm32h7xx_hal_gpio.c **** 
  42:Drivers/STM32H7xx_HAL_Driver/Src/stm32h7xx_hal_gpio.c ****   The external interrupt/event controller consists of up to 23 edge detectors
  43:Drivers/STM32H7xx_HAL_Driver/Src/stm32h7xx_hal_gpio.c ****         (16 lines are connected to GPIO) for generating event/interrupt requests (each
  44:Drivers/STM32H7xx_HAL_Driver/Src/stm32h7xx_hal_gpio.c ****         input line can be independently configured to select the type (interrupt or event)
  45:Drivers/STM32H7xx_HAL_Driver/Src/stm32h7xx_hal_gpio.c ****         and the corresponding trigger event (rising or falling or both). Each line can
  46:Drivers/STM32H7xx_HAL_Driver/Src/stm32h7xx_hal_gpio.c ****         also be masked independently.
  47:Drivers/STM32H7xx_HAL_Driver/Src/stm32h7xx_hal_gpio.c **** 
  48:Drivers/STM32H7xx_HAL_Driver/Src/stm32h7xx_hal_gpio.c ****                      ##### How to use this driver #####
  49:Drivers/STM32H7xx_HAL_Driver/Src/stm32h7xx_hal_gpio.c ****   ==============================================================================
  50:Drivers/STM32H7xx_HAL_Driver/Src/stm32h7xx_hal_gpio.c ****   [..]
  51:Drivers/STM32H7xx_HAL_Driver/Src/stm32h7xx_hal_gpio.c ****     (#) Enable the GPIO AHB clock using the following function: __HAL_RCC_GPIOx_CLK_ENABLE().
  52:Drivers/STM32H7xx_HAL_Driver/Src/stm32h7xx_hal_gpio.c **** 
  53:Drivers/STM32H7xx_HAL_Driver/Src/stm32h7xx_hal_gpio.c ****     (#) Configure the GPIO pin(s) using HAL_GPIO_Init().
  54:Drivers/STM32H7xx_HAL_Driver/Src/stm32h7xx_hal_gpio.c ****         (++) Configure the IO mode using "Mode" member from GPIO_InitTypeDef structure
  55:Drivers/STM32H7xx_HAL_Driver/Src/stm32h7xx_hal_gpio.c ****         (++) Activate Pull-up, Pull-down resistor using "Pull" member from GPIO_InitTypeDef
  56:Drivers/STM32H7xx_HAL_Driver/Src/stm32h7xx_hal_gpio.c ****              structure.
  57:Drivers/STM32H7xx_HAL_Driver/Src/stm32h7xx_hal_gpio.c ****         (++) In case of Output or alternate function mode selection: the speed is
  58:Drivers/STM32H7xx_HAL_Driver/Src/stm32h7xx_hal_gpio.c ****              configured through "Speed" member from GPIO_InitTypeDef structure.
  59:Drivers/STM32H7xx_HAL_Driver/Src/stm32h7xx_hal_gpio.c ****         (++) In alternate mode is selection, the alternate function connected to the IO
  60:Drivers/STM32H7xx_HAL_Driver/Src/stm32h7xx_hal_gpio.c ****              is configured through "Alternate" member from GPIO_InitTypeDef structure.
  61:Drivers/STM32H7xx_HAL_Driver/Src/stm32h7xx_hal_gpio.c ****         (++) Analog mode is required when a pin is to be used as ADC channel
  62:Drivers/STM32H7xx_HAL_Driver/Src/stm32h7xx_hal_gpio.c ****              or DAC output.
  63:Drivers/STM32H7xx_HAL_Driver/Src/stm32h7xx_hal_gpio.c ****         (++) In case of external interrupt/event selection the "Mode" member from
  64:Drivers/STM32H7xx_HAL_Driver/Src/stm32h7xx_hal_gpio.c ****              GPIO_InitTypeDef structure select the type (interrupt or event) and
  65:Drivers/STM32H7xx_HAL_Driver/Src/stm32h7xx_hal_gpio.c ****              the corresponding trigger event (rising or falling or both).
  66:Drivers/STM32H7xx_HAL_Driver/Src/stm32h7xx_hal_gpio.c **** 
  67:Drivers/STM32H7xx_HAL_Driver/Src/stm32h7xx_hal_gpio.c ****     (#) In case of external interrupt/event mode selection, configure NVIC IRQ priority
  68:Drivers/STM32H7xx_HAL_Driver/Src/stm32h7xx_hal_gpio.c ****         mapped to the EXTI line using HAL_NVIC_SetPriority() and enable it using
  69:Drivers/STM32H7xx_HAL_Driver/Src/stm32h7xx_hal_gpio.c ****         HAL_NVIC_EnableIRQ().
  70:Drivers/STM32H7xx_HAL_Driver/Src/stm32h7xx_hal_gpio.c **** 
  71:Drivers/STM32H7xx_HAL_Driver/Src/stm32h7xx_hal_gpio.c ****     (#) To get the level of a pin configured in input mode use HAL_GPIO_ReadPin().
  72:Drivers/STM32H7xx_HAL_Driver/Src/stm32h7xx_hal_gpio.c **** 
  73:Drivers/STM32H7xx_HAL_Driver/Src/stm32h7xx_hal_gpio.c ****     (#) To set/reset the level of a pin configured in output mode use
  74:Drivers/STM32H7xx_HAL_Driver/Src/stm32h7xx_hal_gpio.c ****         HAL_GPIO_WritePin()/HAL_GPIO_TogglePin().
  75:Drivers/STM32H7xx_HAL_Driver/Src/stm32h7xx_hal_gpio.c **** 
  76:Drivers/STM32H7xx_HAL_Driver/Src/stm32h7xx_hal_gpio.c ****    (#) To lock pin configuration until next reset use HAL_GPIO_LockPin().
  77:Drivers/STM32H7xx_HAL_Driver/Src/stm32h7xx_hal_gpio.c **** 
  78:Drivers/STM32H7xx_HAL_Driver/Src/stm32h7xx_hal_gpio.c **** 
  79:Drivers/STM32H7xx_HAL_Driver/Src/stm32h7xx_hal_gpio.c ****     (#) During and just after reset, the alternate functions are not
  80:Drivers/STM32H7xx_HAL_Driver/Src/stm32h7xx_hal_gpio.c ****         active and the GPIO pins are configured in input floating mode (except JTAG
  81:Drivers/STM32H7xx_HAL_Driver/Src/stm32h7xx_hal_gpio.c ****         pins).
  82:Drivers/STM32H7xx_HAL_Driver/Src/stm32h7xx_hal_gpio.c **** 
  83:Drivers/STM32H7xx_HAL_Driver/Src/stm32h7xx_hal_gpio.c ****     (#) The LSE oscillator pins OSC32_IN and OSC32_OUT can be used as general purpose
  84:Drivers/STM32H7xx_HAL_Driver/Src/stm32h7xx_hal_gpio.c ****         (PC14 and PC15, respectively) when the LSE oscillator is off. The LSE has
  85:Drivers/STM32H7xx_HAL_Driver/Src/stm32h7xx_hal_gpio.c ****         priority over the GPIO function.
  86:Drivers/STM32H7xx_HAL_Driver/Src/stm32h7xx_hal_gpio.c **** 
  87:Drivers/STM32H7xx_HAL_Driver/Src/stm32h7xx_hal_gpio.c ****     (#) The HSE oscillator pins OSC_IN/OSC_OUT can be used as
  88:Drivers/STM32H7xx_HAL_Driver/Src/stm32h7xx_hal_gpio.c ****         general purpose PH0 and PH1, respectively, when the HSE oscillator is off.
  89:Drivers/STM32H7xx_HAL_Driver/Src/stm32h7xx_hal_gpio.c ****         The HSE has priority over the GPIO function.
ARM GAS  /tmp/ccuyOoI7.s 			page 3


  90:Drivers/STM32H7xx_HAL_Driver/Src/stm32h7xx_hal_gpio.c **** 
  91:Drivers/STM32H7xx_HAL_Driver/Src/stm32h7xx_hal_gpio.c ****   @endverbatim
  92:Drivers/STM32H7xx_HAL_Driver/Src/stm32h7xx_hal_gpio.c ****   ******************************************************************************
  93:Drivers/STM32H7xx_HAL_Driver/Src/stm32h7xx_hal_gpio.c ****   * @attention
  94:Drivers/STM32H7xx_HAL_Driver/Src/stm32h7xx_hal_gpio.c ****   *
  95:Drivers/STM32H7xx_HAL_Driver/Src/stm32h7xx_hal_gpio.c ****   * <h2><center>&copy; COPYRIGHT(c) 2017 STMicroelectronics.
  96:Drivers/STM32H7xx_HAL_Driver/Src/stm32h7xx_hal_gpio.c ****   * All rights reserved.</center></h2>
  97:Drivers/STM32H7xx_HAL_Driver/Src/stm32h7xx_hal_gpio.c ****   *
  98:Drivers/STM32H7xx_HAL_Driver/Src/stm32h7xx_hal_gpio.c ****   * This software component is licensed by ST under BSD 3-Clause license,
  99:Drivers/STM32H7xx_HAL_Driver/Src/stm32h7xx_hal_gpio.c ****   * the "License"; You may not use this file except in compliance with the
 100:Drivers/STM32H7xx_HAL_Driver/Src/stm32h7xx_hal_gpio.c ****   * License. You may obtain a copy of the License at:
 101:Drivers/STM32H7xx_HAL_Driver/Src/stm32h7xx_hal_gpio.c ****   *                        opensource.org/licenses/BSD-3-Clause
 102:Drivers/STM32H7xx_HAL_Driver/Src/stm32h7xx_hal_gpio.c ****   *
 103:Drivers/STM32H7xx_HAL_Driver/Src/stm32h7xx_hal_gpio.c ****   ******************************************************************************
 104:Drivers/STM32H7xx_HAL_Driver/Src/stm32h7xx_hal_gpio.c ****   */
 105:Drivers/STM32H7xx_HAL_Driver/Src/stm32h7xx_hal_gpio.c **** 
 106:Drivers/STM32H7xx_HAL_Driver/Src/stm32h7xx_hal_gpio.c **** /* Includes ------------------------------------------------------------------*/
 107:Drivers/STM32H7xx_HAL_Driver/Src/stm32h7xx_hal_gpio.c **** #include "stm32h7xx_hal.h"
 108:Drivers/STM32H7xx_HAL_Driver/Src/stm32h7xx_hal_gpio.c **** 
 109:Drivers/STM32H7xx_HAL_Driver/Src/stm32h7xx_hal_gpio.c **** /** @addtogroup STM32H7xx_HAL_Driver
 110:Drivers/STM32H7xx_HAL_Driver/Src/stm32h7xx_hal_gpio.c ****   * @{
 111:Drivers/STM32H7xx_HAL_Driver/Src/stm32h7xx_hal_gpio.c ****   */
 112:Drivers/STM32H7xx_HAL_Driver/Src/stm32h7xx_hal_gpio.c **** 
 113:Drivers/STM32H7xx_HAL_Driver/Src/stm32h7xx_hal_gpio.c **** /** @defgroup GPIO  GPIO
 114:Drivers/STM32H7xx_HAL_Driver/Src/stm32h7xx_hal_gpio.c ****   * @brief GPIO HAL module driver
 115:Drivers/STM32H7xx_HAL_Driver/Src/stm32h7xx_hal_gpio.c ****   * @{
 116:Drivers/STM32H7xx_HAL_Driver/Src/stm32h7xx_hal_gpio.c ****   */
 117:Drivers/STM32H7xx_HAL_Driver/Src/stm32h7xx_hal_gpio.c **** 
 118:Drivers/STM32H7xx_HAL_Driver/Src/stm32h7xx_hal_gpio.c **** #ifdef HAL_GPIO_MODULE_ENABLED
 119:Drivers/STM32H7xx_HAL_Driver/Src/stm32h7xx_hal_gpio.c **** 
 120:Drivers/STM32H7xx_HAL_Driver/Src/stm32h7xx_hal_gpio.c **** /* Private typedef -----------------------------------------------------------*/
 121:Drivers/STM32H7xx_HAL_Driver/Src/stm32h7xx_hal_gpio.c **** /* Private defines ------------------------------------------------------------*/
 122:Drivers/STM32H7xx_HAL_Driver/Src/stm32h7xx_hal_gpio.c **** /** @addtogroup GPIO_Private_Constants GPIO Private Constants
 123:Drivers/STM32H7xx_HAL_Driver/Src/stm32h7xx_hal_gpio.c ****   * @{
 124:Drivers/STM32H7xx_HAL_Driver/Src/stm32h7xx_hal_gpio.c ****   */
 125:Drivers/STM32H7xx_HAL_Driver/Src/stm32h7xx_hal_gpio.c **** #define GPIO_MODE             (0x00000003U)
 126:Drivers/STM32H7xx_HAL_Driver/Src/stm32h7xx_hal_gpio.c **** #define ANALOG_MODE           (0x00000008U)
 127:Drivers/STM32H7xx_HAL_Driver/Src/stm32h7xx_hal_gpio.c **** #define EXTI_MODE             (0x10000000U)
 128:Drivers/STM32H7xx_HAL_Driver/Src/stm32h7xx_hal_gpio.c **** #define GPIO_MODE_IT          (0x00010000U)
 129:Drivers/STM32H7xx_HAL_Driver/Src/stm32h7xx_hal_gpio.c **** #define GPIO_MODE_EVT         (0x00020000U)
 130:Drivers/STM32H7xx_HAL_Driver/Src/stm32h7xx_hal_gpio.c **** #define RISING_EDGE           (0x00100000U)
 131:Drivers/STM32H7xx_HAL_Driver/Src/stm32h7xx_hal_gpio.c **** #define FALLING_EDGE          (0x00200000U)
 132:Drivers/STM32H7xx_HAL_Driver/Src/stm32h7xx_hal_gpio.c **** #define GPIO_OUTPUT_TYPE      (0x00000010U)
 133:Drivers/STM32H7xx_HAL_Driver/Src/stm32h7xx_hal_gpio.c **** 
 134:Drivers/STM32H7xx_HAL_Driver/Src/stm32h7xx_hal_gpio.c **** #if defined(DUAL_CORE)
 135:Drivers/STM32H7xx_HAL_Driver/Src/stm32h7xx_hal_gpio.c **** #define EXTI_CPU1             (0x01000000U)
 136:Drivers/STM32H7xx_HAL_Driver/Src/stm32h7xx_hal_gpio.c **** #define EXTI_CPU2             (0x02000000U)
 137:Drivers/STM32H7xx_HAL_Driver/Src/stm32h7xx_hal_gpio.c **** #endif /*DUAL_CORE*/
 138:Drivers/STM32H7xx_HAL_Driver/Src/stm32h7xx_hal_gpio.c **** #define GPIO_NUMBER           (16U)
 139:Drivers/STM32H7xx_HAL_Driver/Src/stm32h7xx_hal_gpio.c **** /**
 140:Drivers/STM32H7xx_HAL_Driver/Src/stm32h7xx_hal_gpio.c ****   * @}
 141:Drivers/STM32H7xx_HAL_Driver/Src/stm32h7xx_hal_gpio.c ****   */
 142:Drivers/STM32H7xx_HAL_Driver/Src/stm32h7xx_hal_gpio.c **** /* Private macro -------------------------------------------------------------*/
 143:Drivers/STM32H7xx_HAL_Driver/Src/stm32h7xx_hal_gpio.c **** /* Private variables ---------------------------------------------------------*/
 144:Drivers/STM32H7xx_HAL_Driver/Src/stm32h7xx_hal_gpio.c **** /* Private function prototypes -----------------------------------------------*/
 145:Drivers/STM32H7xx_HAL_Driver/Src/stm32h7xx_hal_gpio.c **** /* Private functions ---------------------------------------------------------*/
 146:Drivers/STM32H7xx_HAL_Driver/Src/stm32h7xx_hal_gpio.c **** /* Exported functions --------------------------------------------------------*/
ARM GAS  /tmp/ccuyOoI7.s 			page 4


 147:Drivers/STM32H7xx_HAL_Driver/Src/stm32h7xx_hal_gpio.c **** /** @defgroup GPIO_Exported_Functions GPIO Exported Functions
 148:Drivers/STM32H7xx_HAL_Driver/Src/stm32h7xx_hal_gpio.c ****   * @{
 149:Drivers/STM32H7xx_HAL_Driver/Src/stm32h7xx_hal_gpio.c ****   */
 150:Drivers/STM32H7xx_HAL_Driver/Src/stm32h7xx_hal_gpio.c **** 
 151:Drivers/STM32H7xx_HAL_Driver/Src/stm32h7xx_hal_gpio.c **** /** @defgroup GPIO_Exported_Functions_Group1 Initialization and de-initialization functions
 152:Drivers/STM32H7xx_HAL_Driver/Src/stm32h7xx_hal_gpio.c ****  *  @brief    Initialization and Configuration functions
 153:Drivers/STM32H7xx_HAL_Driver/Src/stm32h7xx_hal_gpio.c ****  *
 154:Drivers/STM32H7xx_HAL_Driver/Src/stm32h7xx_hal_gpio.c **** @verbatim
 155:Drivers/STM32H7xx_HAL_Driver/Src/stm32h7xx_hal_gpio.c ****  ===============================================================================
 156:Drivers/STM32H7xx_HAL_Driver/Src/stm32h7xx_hal_gpio.c ****               ##### Initialization and de-initialization functions #####
 157:Drivers/STM32H7xx_HAL_Driver/Src/stm32h7xx_hal_gpio.c ****  ===============================================================================
 158:Drivers/STM32H7xx_HAL_Driver/Src/stm32h7xx_hal_gpio.c ****   [..]
 159:Drivers/STM32H7xx_HAL_Driver/Src/stm32h7xx_hal_gpio.c ****     This section provides functions allowing to initialize and de-initialize the GPIOs
 160:Drivers/STM32H7xx_HAL_Driver/Src/stm32h7xx_hal_gpio.c ****     to be ready for use.
 161:Drivers/STM32H7xx_HAL_Driver/Src/stm32h7xx_hal_gpio.c **** 
 162:Drivers/STM32H7xx_HAL_Driver/Src/stm32h7xx_hal_gpio.c **** @endverbatim
 163:Drivers/STM32H7xx_HAL_Driver/Src/stm32h7xx_hal_gpio.c ****   * @{
 164:Drivers/STM32H7xx_HAL_Driver/Src/stm32h7xx_hal_gpio.c ****   */
 165:Drivers/STM32H7xx_HAL_Driver/Src/stm32h7xx_hal_gpio.c **** 
 166:Drivers/STM32H7xx_HAL_Driver/Src/stm32h7xx_hal_gpio.c **** /**
 167:Drivers/STM32H7xx_HAL_Driver/Src/stm32h7xx_hal_gpio.c ****   * @brief  Initializes the GPIOx peripheral according to the specified parameters in the GPIO_Init
 168:Drivers/STM32H7xx_HAL_Driver/Src/stm32h7xx_hal_gpio.c ****   * @param  GPIOx: where x can be (A..K) to select the GPIO peripheral.
 169:Drivers/STM32H7xx_HAL_Driver/Src/stm32h7xx_hal_gpio.c ****   * @param  GPIO_Init: pointer to a GPIO_InitTypeDef structure that contains
 170:Drivers/STM32H7xx_HAL_Driver/Src/stm32h7xx_hal_gpio.c ****   *         the configuration information for the specified GPIO peripheral.
 171:Drivers/STM32H7xx_HAL_Driver/Src/stm32h7xx_hal_gpio.c ****   * @retval None
 172:Drivers/STM32H7xx_HAL_Driver/Src/stm32h7xx_hal_gpio.c ****   */
 173:Drivers/STM32H7xx_HAL_Driver/Src/stm32h7xx_hal_gpio.c **** void HAL_GPIO_Init(GPIO_TypeDef  *GPIOx, GPIO_InitTypeDef *GPIO_Init)
 174:Drivers/STM32H7xx_HAL_Driver/Src/stm32h7xx_hal_gpio.c **** {
  27              		.loc 1 174 0
  28              		.cfi_startproc
  29              		@ args = 0, pretend = 0, frame = 8
  30              		@ frame_needed = 0, uses_anonymous_args = 0
  31              	.LVL0:
  32 0000 F0B5     		push	{r4, r5, r6, r7, lr}
  33              	.LCFI0:
  34              		.cfi_def_cfa_offset 20
  35              		.cfi_offset 4, -20
  36              		.cfi_offset 5, -16
  37              		.cfi_offset 6, -12
  38              		.cfi_offset 7, -8
  39              		.cfi_offset 14, -4
  40 0002 83B0     		sub	sp, sp, #12
  41              	.LCFI1:
  42              		.cfi_def_cfa_offset 32
  43              	.LVL1:
 175:Drivers/STM32H7xx_HAL_Driver/Src/stm32h7xx_hal_gpio.c ****   uint32_t position = 0x00U;
  44              		.loc 1 175 0
  45 0004 0023     		movs	r3, #0
 176:Drivers/STM32H7xx_HAL_Driver/Src/stm32h7xx_hal_gpio.c ****   uint32_t iocurrent;
 177:Drivers/STM32H7xx_HAL_Driver/Src/stm32h7xx_hal_gpio.c ****   uint32_t temp;
 178:Drivers/STM32H7xx_HAL_Driver/Src/stm32h7xx_hal_gpio.c ****   EXTI_Core_TypeDef *EXTI_CurrentCPU;
 179:Drivers/STM32H7xx_HAL_Driver/Src/stm32h7xx_hal_gpio.c **** 
 180:Drivers/STM32H7xx_HAL_Driver/Src/stm32h7xx_hal_gpio.c **** #if defined(DUAL_CORE) && defined(CORE_CM4)
 181:Drivers/STM32H7xx_HAL_Driver/Src/stm32h7xx_hal_gpio.c ****   EXTI_CurrentCPU = EXTI_D2; /* EXTI for CM4 CPU */
 182:Drivers/STM32H7xx_HAL_Driver/Src/stm32h7xx_hal_gpio.c **** #else
 183:Drivers/STM32H7xx_HAL_Driver/Src/stm32h7xx_hal_gpio.c ****   EXTI_CurrentCPU = EXTI_D1; /* EXTI for CM7 CPU */
 184:Drivers/STM32H7xx_HAL_Driver/Src/stm32h7xx_hal_gpio.c **** #endif
ARM GAS  /tmp/ccuyOoI7.s 			page 5


 185:Drivers/STM32H7xx_HAL_Driver/Src/stm32h7xx_hal_gpio.c **** 
 186:Drivers/STM32H7xx_HAL_Driver/Src/stm32h7xx_hal_gpio.c ****   /* Check the parameters */
 187:Drivers/STM32H7xx_HAL_Driver/Src/stm32h7xx_hal_gpio.c ****   assert_param(IS_GPIO_ALL_INSTANCE(GPIOx));
 188:Drivers/STM32H7xx_HAL_Driver/Src/stm32h7xx_hal_gpio.c ****   assert_param(IS_GPIO_PIN(GPIO_Init->Pin));
 189:Drivers/STM32H7xx_HAL_Driver/Src/stm32h7xx_hal_gpio.c ****   assert_param(IS_GPIO_MODE(GPIO_Init->Mode));
 190:Drivers/STM32H7xx_HAL_Driver/Src/stm32h7xx_hal_gpio.c ****   assert_param(IS_GPIO_PULL(GPIO_Init->Pull));
 191:Drivers/STM32H7xx_HAL_Driver/Src/stm32h7xx_hal_gpio.c **** 
 192:Drivers/STM32H7xx_HAL_Driver/Src/stm32h7xx_hal_gpio.c ****   /* Configure the port pins */
 193:Drivers/STM32H7xx_HAL_Driver/Src/stm32h7xx_hal_gpio.c ****   while (((GPIO_Init->Pin) >> position) != 0x00U)
  46              		.loc 1 193 0
  47 0006 3BE0     		b	.L2
  48              	.LVL2:
  49              	.L25:
 194:Drivers/STM32H7xx_HAL_Driver/Src/stm32h7xx_hal_gpio.c ****   {
 195:Drivers/STM32H7xx_HAL_Driver/Src/stm32h7xx_hal_gpio.c ****     /* Get current io position */
 196:Drivers/STM32H7xx_HAL_Driver/Src/stm32h7xx_hal_gpio.c ****     iocurrent = (GPIO_Init->Pin) & (1UL << position);
 197:Drivers/STM32H7xx_HAL_Driver/Src/stm32h7xx_hal_gpio.c **** 
 198:Drivers/STM32H7xx_HAL_Driver/Src/stm32h7xx_hal_gpio.c ****     if (iocurrent != 0x00U)
 199:Drivers/STM32H7xx_HAL_Driver/Src/stm32h7xx_hal_gpio.c ****     {
 200:Drivers/STM32H7xx_HAL_Driver/Src/stm32h7xx_hal_gpio.c ****       /*--------------------- GPIO Mode Configuration ------------------------*/
 201:Drivers/STM32H7xx_HAL_Driver/Src/stm32h7xx_hal_gpio.c ****       /* In case of Alternate function mode selection */
 202:Drivers/STM32H7xx_HAL_Driver/Src/stm32h7xx_hal_gpio.c ****       if ((GPIO_Init->Mode == GPIO_MODE_AF_PP) || (GPIO_Init->Mode == GPIO_MODE_AF_OD))
 203:Drivers/STM32H7xx_HAL_Driver/Src/stm32h7xx_hal_gpio.c ****       {
 204:Drivers/STM32H7xx_HAL_Driver/Src/stm32h7xx_hal_gpio.c ****         /* Check the Alternate function parameters */
 205:Drivers/STM32H7xx_HAL_Driver/Src/stm32h7xx_hal_gpio.c ****         assert_param(IS_GPIO_AF_INSTANCE(GPIOx));
 206:Drivers/STM32H7xx_HAL_Driver/Src/stm32h7xx_hal_gpio.c ****         assert_param(IS_GPIO_AF(GPIO_Init->Alternate));
 207:Drivers/STM32H7xx_HAL_Driver/Src/stm32h7xx_hal_gpio.c **** 
 208:Drivers/STM32H7xx_HAL_Driver/Src/stm32h7xx_hal_gpio.c ****         /* Configure Alternate function mapped with the current IO */
 209:Drivers/STM32H7xx_HAL_Driver/Src/stm32h7xx_hal_gpio.c ****         temp = GPIOx->AFR[position >> 3U];
 210:Drivers/STM32H7xx_HAL_Driver/Src/stm32h7xx_hal_gpio.c ****         temp &= ~(0xFU << ((position & 0x07U) * 4U));
 211:Drivers/STM32H7xx_HAL_Driver/Src/stm32h7xx_hal_gpio.c ****         temp |= ((GPIO_Init->Alternate) << ((position & 0x07U) * 4U));
 212:Drivers/STM32H7xx_HAL_Driver/Src/stm32h7xx_hal_gpio.c ****         GPIOx->AFR[position >> 3U] = temp;
 213:Drivers/STM32H7xx_HAL_Driver/Src/stm32h7xx_hal_gpio.c ****       }
 214:Drivers/STM32H7xx_HAL_Driver/Src/stm32h7xx_hal_gpio.c **** 
 215:Drivers/STM32H7xx_HAL_Driver/Src/stm32h7xx_hal_gpio.c ****       /* Configure IO Direction mode (Input, Output, Alternate or Analog) */
 216:Drivers/STM32H7xx_HAL_Driver/Src/stm32h7xx_hal_gpio.c ****       temp = GPIOx->MODER;
 217:Drivers/STM32H7xx_HAL_Driver/Src/stm32h7xx_hal_gpio.c ****       temp &= ~(GPIO_MODER_MODE0 << (position * 2U));
 218:Drivers/STM32H7xx_HAL_Driver/Src/stm32h7xx_hal_gpio.c ****       temp |= ((GPIO_Init->Mode & GPIO_MODE) << (position * 2U));
 219:Drivers/STM32H7xx_HAL_Driver/Src/stm32h7xx_hal_gpio.c ****       GPIOx->MODER = temp;
 220:Drivers/STM32H7xx_HAL_Driver/Src/stm32h7xx_hal_gpio.c **** 
 221:Drivers/STM32H7xx_HAL_Driver/Src/stm32h7xx_hal_gpio.c ****       /* In case of Output or Alternate function mode selection */
 222:Drivers/STM32H7xx_HAL_Driver/Src/stm32h7xx_hal_gpio.c ****       if ((GPIO_Init->Mode == GPIO_MODE_OUTPUT_PP) || (GPIO_Init->Mode == GPIO_MODE_AF_PP) ||
 223:Drivers/STM32H7xx_HAL_Driver/Src/stm32h7xx_hal_gpio.c ****           (GPIO_Init->Mode == GPIO_MODE_OUTPUT_OD) || (GPIO_Init->Mode == GPIO_MODE_AF_OD))
 224:Drivers/STM32H7xx_HAL_Driver/Src/stm32h7xx_hal_gpio.c ****       {
 225:Drivers/STM32H7xx_HAL_Driver/Src/stm32h7xx_hal_gpio.c ****         /* Check the Speed parameter */
 226:Drivers/STM32H7xx_HAL_Driver/Src/stm32h7xx_hal_gpio.c ****         assert_param(IS_GPIO_SPEED(GPIO_Init->Speed));
 227:Drivers/STM32H7xx_HAL_Driver/Src/stm32h7xx_hal_gpio.c ****         /* Configure the IO Speed */
 228:Drivers/STM32H7xx_HAL_Driver/Src/stm32h7xx_hal_gpio.c ****         temp = GPIOx->OSPEEDR;
 229:Drivers/STM32H7xx_HAL_Driver/Src/stm32h7xx_hal_gpio.c ****         temp &= ~(GPIO_OSPEEDR_OSPEED0 << (position * 2U));
 230:Drivers/STM32H7xx_HAL_Driver/Src/stm32h7xx_hal_gpio.c ****         temp |= (GPIO_Init->Speed << (position * 2U));
 231:Drivers/STM32H7xx_HAL_Driver/Src/stm32h7xx_hal_gpio.c ****         GPIOx->OSPEEDR = temp;
 232:Drivers/STM32H7xx_HAL_Driver/Src/stm32h7xx_hal_gpio.c **** 
 233:Drivers/STM32H7xx_HAL_Driver/Src/stm32h7xx_hal_gpio.c ****         /* Configure the IO Output Type */
 234:Drivers/STM32H7xx_HAL_Driver/Src/stm32h7xx_hal_gpio.c ****         temp = GPIOx->OTYPER;
 235:Drivers/STM32H7xx_HAL_Driver/Src/stm32h7xx_hal_gpio.c ****         temp &= ~(GPIO_OTYPER_OT0 << position) ;
 236:Drivers/STM32H7xx_HAL_Driver/Src/stm32h7xx_hal_gpio.c ****         temp |= (((GPIO_Init->Mode & GPIO_OUTPUT_TYPE) >> 4U) << position);
 237:Drivers/STM32H7xx_HAL_Driver/Src/stm32h7xx_hal_gpio.c ****         GPIOx->OTYPER = temp;
ARM GAS  /tmp/ccuyOoI7.s 			page 6


 238:Drivers/STM32H7xx_HAL_Driver/Src/stm32h7xx_hal_gpio.c ****       }
 239:Drivers/STM32H7xx_HAL_Driver/Src/stm32h7xx_hal_gpio.c **** 
 240:Drivers/STM32H7xx_HAL_Driver/Src/stm32h7xx_hal_gpio.c ****       /* Activate the Pull-up or Pull down resistor for the current IO */
 241:Drivers/STM32H7xx_HAL_Driver/Src/stm32h7xx_hal_gpio.c ****       temp = GPIOx->PUPDR;
 242:Drivers/STM32H7xx_HAL_Driver/Src/stm32h7xx_hal_gpio.c ****       temp &= ~(GPIO_PUPDR_PUPD0 << (position * 2U));
 243:Drivers/STM32H7xx_HAL_Driver/Src/stm32h7xx_hal_gpio.c ****       temp |= ((GPIO_Init->Pull) << (position * 2U));
 244:Drivers/STM32H7xx_HAL_Driver/Src/stm32h7xx_hal_gpio.c ****       GPIOx->PUPDR = temp;
 245:Drivers/STM32H7xx_HAL_Driver/Src/stm32h7xx_hal_gpio.c **** 
 246:Drivers/STM32H7xx_HAL_Driver/Src/stm32h7xx_hal_gpio.c ****       /*--------------------- EXTI Mode Configuration ------------------------*/
 247:Drivers/STM32H7xx_HAL_Driver/Src/stm32h7xx_hal_gpio.c ****       /* Configure the External Interrupt or event for the current IO */
 248:Drivers/STM32H7xx_HAL_Driver/Src/stm32h7xx_hal_gpio.c ****       if ((GPIO_Init->Mode & EXTI_MODE) == EXTI_MODE)
 249:Drivers/STM32H7xx_HAL_Driver/Src/stm32h7xx_hal_gpio.c ****       {
 250:Drivers/STM32H7xx_HAL_Driver/Src/stm32h7xx_hal_gpio.c ****         /* Enable SYSCFG Clock */
 251:Drivers/STM32H7xx_HAL_Driver/Src/stm32h7xx_hal_gpio.c ****         __HAL_RCC_SYSCFG_CLK_ENABLE();
 252:Drivers/STM32H7xx_HAL_Driver/Src/stm32h7xx_hal_gpio.c **** 
 253:Drivers/STM32H7xx_HAL_Driver/Src/stm32h7xx_hal_gpio.c ****         temp = SYSCFG->EXTICR[position >> 2U];
 254:Drivers/STM32H7xx_HAL_Driver/Src/stm32h7xx_hal_gpio.c ****         temp &= ~(0x0FUL << (4U * (position & 0x03U)));
 255:Drivers/STM32H7xx_HAL_Driver/Src/stm32h7xx_hal_gpio.c ****         temp |= (GPIO_GET_INDEX(GPIOx) << (4U * (position & 0x03U)));
  50              		.loc 1 255 0
  51 0008 0926     		movs	r6, #9
  52 000a 00E0     		b	.L7
  53              	.L13:
  54 000c 0026     		movs	r6, #0
  55              	.L7:
  56              		.loc 1 255 0 is_stmt 0 discriminator 40
  57 000e 06FA0EF6 		lsl	r6, r6, lr
  58 0012 3543     		orrs	r5, r5, r6
  59              	.LVL3:
 256:Drivers/STM32H7xx_HAL_Driver/Src/stm32h7xx_hal_gpio.c ****         SYSCFG->EXTICR[position >> 2U] = temp;
  60              		.loc 1 256 0 is_stmt 1 discriminator 40
  61 0014 0234     		adds	r4, r4, #2
  62 0016 6F4E     		ldr	r6, .L26
  63 0018 46F82450 		str	r5, [r6, r4, lsl #2]
 257:Drivers/STM32H7xx_HAL_Driver/Src/stm32h7xx_hal_gpio.c **** 
 258:Drivers/STM32H7xx_HAL_Driver/Src/stm32h7xx_hal_gpio.c ****         /* Clear EXTI line configuration */
 259:Drivers/STM32H7xx_HAL_Driver/Src/stm32h7xx_hal_gpio.c ****         temp = EXTI_CurrentCPU->IMR1;
  64              		.loc 1 259 0 discriminator 40
  65 001c 6E4C     		ldr	r4, .L26+4
  66 001e 2568     		ldr	r5, [r4]
  67              	.LVL4:
 260:Drivers/STM32H7xx_HAL_Driver/Src/stm32h7xx_hal_gpio.c ****         temp &= ~(iocurrent);
  68              		.loc 1 260 0 discriminator 40
  69 0020 D443     		mvns	r4, r2
  70 0022 05EA0406 		and	r6, r5, r4
  71              	.LVL5:
 261:Drivers/STM32H7xx_HAL_Driver/Src/stm32h7xx_hal_gpio.c ****         if ((GPIO_Init->Mode & GPIO_MODE_IT) == GPIO_MODE_IT)
  72              		.loc 1 261 0 discriminator 40
  73 0026 4F68     		ldr	r7, [r1, #4]
  74 0028 17F4803F 		tst	r7, #65536
  75 002c 01D0     		beq	.L8
 262:Drivers/STM32H7xx_HAL_Driver/Src/stm32h7xx_hal_gpio.c ****         {
 263:Drivers/STM32H7xx_HAL_Driver/Src/stm32h7xx_hal_gpio.c ****           temp |= iocurrent;
  76              		.loc 1 263 0
  77 002e 42EA0506 		orr	r6, r2, r5
  78              	.LVL6:
  79              	.L8:
 264:Drivers/STM32H7xx_HAL_Driver/Src/stm32h7xx_hal_gpio.c ****         }
ARM GAS  /tmp/ccuyOoI7.s 			page 7


 265:Drivers/STM32H7xx_HAL_Driver/Src/stm32h7xx_hal_gpio.c ****         EXTI_CurrentCPU->IMR1 = temp;
  80              		.loc 1 265 0
  81 0032 694D     		ldr	r5, .L26+4
  82 0034 2E60     		str	r6, [r5]
 266:Drivers/STM32H7xx_HAL_Driver/Src/stm32h7xx_hal_gpio.c **** 
 267:Drivers/STM32H7xx_HAL_Driver/Src/stm32h7xx_hal_gpio.c ****         temp = EXTI_CurrentCPU->EMR1;
  83              		.loc 1 267 0
  84 0036 6E68     		ldr	r6, [r5, #4]
  85              	.LVL7:
 268:Drivers/STM32H7xx_HAL_Driver/Src/stm32h7xx_hal_gpio.c ****         temp &= ~(iocurrent);
  86              		.loc 1 268 0
  87 0038 04EA0605 		and	r5, r4, r6
  88              	.LVL8:
 269:Drivers/STM32H7xx_HAL_Driver/Src/stm32h7xx_hal_gpio.c ****         if ((GPIO_Init->Mode & GPIO_MODE_EVT) == GPIO_MODE_EVT)
  89              		.loc 1 269 0
  90 003c 4F68     		ldr	r7, [r1, #4]
  91 003e 17F4003F 		tst	r7, #131072
  92 0042 01D0     		beq	.L9
 270:Drivers/STM32H7xx_HAL_Driver/Src/stm32h7xx_hal_gpio.c ****         {
 271:Drivers/STM32H7xx_HAL_Driver/Src/stm32h7xx_hal_gpio.c ****           temp |= iocurrent;
  93              		.loc 1 271 0
  94 0044 42EA0605 		orr	r5, r2, r6
  95              	.LVL9:
  96              	.L9:
 272:Drivers/STM32H7xx_HAL_Driver/Src/stm32h7xx_hal_gpio.c ****         }
 273:Drivers/STM32H7xx_HAL_Driver/Src/stm32h7xx_hal_gpio.c ****         EXTI_CurrentCPU->EMR1 = temp;
  97              		.loc 1 273 0
  98 0048 634E     		ldr	r6, .L26+4
  99 004a 7560     		str	r5, [r6, #4]
 274:Drivers/STM32H7xx_HAL_Driver/Src/stm32h7xx_hal_gpio.c **** 
 275:Drivers/STM32H7xx_HAL_Driver/Src/stm32h7xx_hal_gpio.c ****         /* Clear Rising Falling edge configuration */
 276:Drivers/STM32H7xx_HAL_Driver/Src/stm32h7xx_hal_gpio.c ****         temp = EXTI->RTSR1;
 100              		.loc 1 276 0
 101 004c 4FF0B045 		mov	r5, #1476395008
 102              	.LVL10:
 103 0050 2D68     		ldr	r5, [r5]
 104              	.LVL11:
 277:Drivers/STM32H7xx_HAL_Driver/Src/stm32h7xx_hal_gpio.c ****         temp &= ~(iocurrent);
 105              		.loc 1 277 0
 106 0052 04EA0506 		and	r6, r4, r5
 107              	.LVL12:
 278:Drivers/STM32H7xx_HAL_Driver/Src/stm32h7xx_hal_gpio.c ****         if ((GPIO_Init->Mode & RISING_EDGE) == RISING_EDGE)
 108              		.loc 1 278 0
 109 0056 4F68     		ldr	r7, [r1, #4]
 110 0058 17F4801F 		tst	r7, #1048576
 111 005c 01D0     		beq	.L10
 279:Drivers/STM32H7xx_HAL_Driver/Src/stm32h7xx_hal_gpio.c ****         {
 280:Drivers/STM32H7xx_HAL_Driver/Src/stm32h7xx_hal_gpio.c ****           temp |= iocurrent;
 112              		.loc 1 280 0
 113 005e 42EA0506 		orr	r6, r2, r5
 114              	.LVL13:
 115              	.L10:
 281:Drivers/STM32H7xx_HAL_Driver/Src/stm32h7xx_hal_gpio.c ****         }
 282:Drivers/STM32H7xx_HAL_Driver/Src/stm32h7xx_hal_gpio.c ****         EXTI->RTSR1 = temp;
 116              		.loc 1 282 0
 117 0062 4FF0B045 		mov	r5, #1476395008
 118 0066 2E60     		str	r6, [r5]
ARM GAS  /tmp/ccuyOoI7.s 			page 8


 283:Drivers/STM32H7xx_HAL_Driver/Src/stm32h7xx_hal_gpio.c **** 
 284:Drivers/STM32H7xx_HAL_Driver/Src/stm32h7xx_hal_gpio.c ****         temp = EXTI->FTSR1;
 119              		.loc 1 284 0
 120 0068 6D68     		ldr	r5, [r5, #4]
 121              	.LVL14:
 285:Drivers/STM32H7xx_HAL_Driver/Src/stm32h7xx_hal_gpio.c ****         temp &= ~(iocurrent);
 122              		.loc 1 285 0
 123 006a 2C40     		ands	r4, r4, r5
 124              	.LVL15:
 286:Drivers/STM32H7xx_HAL_Driver/Src/stm32h7xx_hal_gpio.c ****         if ((GPIO_Init->Mode & FALLING_EDGE) == FALLING_EDGE)
 125              		.loc 1 286 0
 126 006c 4E68     		ldr	r6, [r1, #4]
 127 006e 16F4001F 		tst	r6, #2097152
 128 0072 01D0     		beq	.L11
 287:Drivers/STM32H7xx_HAL_Driver/Src/stm32h7xx_hal_gpio.c ****         {
 288:Drivers/STM32H7xx_HAL_Driver/Src/stm32h7xx_hal_gpio.c ****           temp |= iocurrent;
 129              		.loc 1 288 0
 130 0074 42EA0504 		orr	r4, r2, r5
 131              	.LVL16:
 132              	.L11:
 289:Drivers/STM32H7xx_HAL_Driver/Src/stm32h7xx_hal_gpio.c ****         }
 290:Drivers/STM32H7xx_HAL_Driver/Src/stm32h7xx_hal_gpio.c ****         EXTI->FTSR1 = temp;
 133              		.loc 1 290 0
 134 0078 4FF0B042 		mov	r2, #1476395008
 135              	.LVL17:
 136 007c 5460     		str	r4, [r2, #4]
 137              	.LVL18:
 138              	.L3:
 291:Drivers/STM32H7xx_HAL_Driver/Src/stm32h7xx_hal_gpio.c ****       }
 292:Drivers/STM32H7xx_HAL_Driver/Src/stm32h7xx_hal_gpio.c ****     }
 293:Drivers/STM32H7xx_HAL_Driver/Src/stm32h7xx_hal_gpio.c **** 
 294:Drivers/STM32H7xx_HAL_Driver/Src/stm32h7xx_hal_gpio.c ****     position++;
 139              		.loc 1 294 0
 140 007e 0133     		adds	r3, r3, #1
 141              	.LVL19:
 142              	.L2:
 193:Drivers/STM32H7xx_HAL_Driver/Src/stm32h7xx_hal_gpio.c ****   {
 143              		.loc 1 193 0
 144 0080 0A68     		ldr	r2, [r1]
 145 0082 32FA03F4 		lsrs	r4, r2, r3
 146 0086 00F0A380 		beq	.L24
 196:Drivers/STM32H7xx_HAL_Driver/Src/stm32h7xx_hal_gpio.c **** 
 147              		.loc 1 196 0
 148 008a 0125     		movs	r5, #1
 149 008c 9D40     		lsls	r5, r5, r3
 150              	.LVL20:
 198:Drivers/STM32H7xx_HAL_Driver/Src/stm32h7xx_hal_gpio.c ****     {
 151              		.loc 1 198 0
 152 008e 2A40     		ands	r2, r2, r5
 153              	.LVL21:
 154 0090 F5D0     		beq	.L3
 202:Drivers/STM32H7xx_HAL_Driver/Src/stm32h7xx_hal_gpio.c ****       {
 155              		.loc 1 202 0
 156 0092 4C68     		ldr	r4, [r1, #4]
 157 0094 122C     		cmp	r4, #18
 158 0096 18BF     		it	ne
 159 0098 022C     		cmpne	r4, #2
ARM GAS  /tmp/ccuyOoI7.s 			page 9


 160 009a 12D1     		bne	.L4
 209:Drivers/STM32H7xx_HAL_Driver/Src/stm32h7xx_hal_gpio.c ****         temp &= ~(0xFU << ((position & 0x07U) * 4U));
 161              		.loc 1 209 0
 162 009c 4FEAD30E 		lsr	lr, r3, #3
 163 00a0 0EF1080E 		add	lr, lr, #8
 164 00a4 50F82E40 		ldr	r4, [r0, lr, lsl #2]
 165              	.LVL22:
 210:Drivers/STM32H7xx_HAL_Driver/Src/stm32h7xx_hal_gpio.c ****         temp |= ((GPIO_Init->Alternate) << ((position & 0x07U) * 4U));
 166              		.loc 1 210 0
 167 00a8 03F00706 		and	r6, r3, #7
 168 00ac B600     		lsls	r6, r6, #2
 169 00ae 0F27     		movs	r7, #15
 170 00b0 B740     		lsls	r7, r7, r6
 171 00b2 24EA0704 		bic	r4, r4, r7
 172              	.LVL23:
 211:Drivers/STM32H7xx_HAL_Driver/Src/stm32h7xx_hal_gpio.c ****         GPIOx->AFR[position >> 3U] = temp;
 173              		.loc 1 211 0
 174 00b6 0F69     		ldr	r7, [r1, #16]
 175 00b8 07FA06F6 		lsl	r6, r7, r6
 176 00bc 3443     		orrs	r4, r4, r6
 177              	.LVL24:
 212:Drivers/STM32H7xx_HAL_Driver/Src/stm32h7xx_hal_gpio.c ****       }
 178              		.loc 1 212 0
 179 00be 40F82E40 		str	r4, [r0, lr, lsl #2]
 180              	.LVL25:
 181              	.L4:
 216:Drivers/STM32H7xx_HAL_Driver/Src/stm32h7xx_hal_gpio.c ****       temp &= ~(GPIO_MODER_MODE0 << (position * 2U));
 182              		.loc 1 216 0
 183 00c2 0668     		ldr	r6, [r0]
 184              	.LVL26:
 217:Drivers/STM32H7xx_HAL_Driver/Src/stm32h7xx_hal_gpio.c ****       temp |= ((GPIO_Init->Mode & GPIO_MODE) << (position * 2U));
 185              		.loc 1 217 0
 186 00c4 4FEA430E 		lsl	lr, r3, #1
 187 00c8 0324     		movs	r4, #3
 188 00ca 04FA0EF4 		lsl	r4, r4, lr
 189 00ce E443     		mvns	r4, r4
 190 00d0 2640     		ands	r6, r6, r4
 191              	.LVL27:
 218:Drivers/STM32H7xx_HAL_Driver/Src/stm32h7xx_hal_gpio.c ****       GPIOx->MODER = temp;
 192              		.loc 1 218 0
 193 00d2 4F68     		ldr	r7, [r1, #4]
 194 00d4 07F00307 		and	r7, r7, #3
 195 00d8 07FA0EF7 		lsl	r7, r7, lr
 196 00dc 3E43     		orrs	r6, r6, r7
 197              	.LVL28:
 219:Drivers/STM32H7xx_HAL_Driver/Src/stm32h7xx_hal_gpio.c **** 
 198              		.loc 1 219 0
 199 00de 0660     		str	r6, [r0]
 222:Drivers/STM32H7xx_HAL_Driver/Src/stm32h7xx_hal_gpio.c ****           (GPIO_Init->Mode == GPIO_MODE_OUTPUT_OD) || (GPIO_Init->Mode == GPIO_MODE_AF_OD))
 200              		.loc 1 222 0
 201 00e0 4E68     		ldr	r6, [r1, #4]
 202              	.LVL29:
 203 00e2 771E     		subs	r7, r6, #1
 204 00e4 112E     		cmp	r6, #17
 205 00e6 18BF     		it	ne
 206 00e8 012F     		cmpne	r7, #1
 207 00ea 01D9     		bls	.L5
ARM GAS  /tmp/ccuyOoI7.s 			page 10


 223:Drivers/STM32H7xx_HAL_Driver/Src/stm32h7xx_hal_gpio.c ****       {
 208              		.loc 1 223 0
 209 00ec 122E     		cmp	r6, #18
 210 00ee 0FD1     		bne	.L6
 211              	.L5:
 228:Drivers/STM32H7xx_HAL_Driver/Src/stm32h7xx_hal_gpio.c ****         temp &= ~(GPIO_OSPEEDR_OSPEED0 << (position * 2U));
 212              		.loc 1 228 0
 213 00f0 8668     		ldr	r6, [r0, #8]
 214              	.LVL30:
 229:Drivers/STM32H7xx_HAL_Driver/Src/stm32h7xx_hal_gpio.c ****         temp |= (GPIO_Init->Speed << (position * 2U));
 215              		.loc 1 229 0
 216 00f2 2640     		ands	r6, r6, r4
 217              	.LVL31:
 230:Drivers/STM32H7xx_HAL_Driver/Src/stm32h7xx_hal_gpio.c ****         GPIOx->OSPEEDR = temp;
 218              		.loc 1 230 0
 219 00f4 CF68     		ldr	r7, [r1, #12]
 220 00f6 07FA0EF7 		lsl	r7, r7, lr
 221 00fa 3E43     		orrs	r6, r6, r7
 222              	.LVL32:
 231:Drivers/STM32H7xx_HAL_Driver/Src/stm32h7xx_hal_gpio.c **** 
 223              		.loc 1 231 0
 224 00fc 8660     		str	r6, [r0, #8]
 234:Drivers/STM32H7xx_HAL_Driver/Src/stm32h7xx_hal_gpio.c ****         temp &= ~(GPIO_OTYPER_OT0 << position) ;
 225              		.loc 1 234 0
 226 00fe 4668     		ldr	r6, [r0, #4]
 227              	.LVL33:
 235:Drivers/STM32H7xx_HAL_Driver/Src/stm32h7xx_hal_gpio.c ****         temp |= (((GPIO_Init->Mode & GPIO_OUTPUT_TYPE) >> 4U) << position);
 228              		.loc 1 235 0
 229 0100 26EA0505 		bic	r5, r6, r5
 230              	.LVL34:
 236:Drivers/STM32H7xx_HAL_Driver/Src/stm32h7xx_hal_gpio.c ****         GPIOx->OTYPER = temp;
 231              		.loc 1 236 0
 232 0104 4E68     		ldr	r6, [r1, #4]
 233 0106 C6F30016 		ubfx	r6, r6, #4, #1
 234 010a 9E40     		lsls	r6, r6, r3
 235 010c 3543     		orrs	r5, r5, r6
 236              	.LVL35:
 237:Drivers/STM32H7xx_HAL_Driver/Src/stm32h7xx_hal_gpio.c ****       }
 237              		.loc 1 237 0
 238 010e 4560     		str	r5, [r0, #4]
 239              	.LVL36:
 240              	.L6:
 241:Drivers/STM32H7xx_HAL_Driver/Src/stm32h7xx_hal_gpio.c ****       temp &= ~(GPIO_PUPDR_PUPD0 << (position * 2U));
 241              		.loc 1 241 0
 242 0110 C568     		ldr	r5, [r0, #12]
 243              	.LVL37:
 242:Drivers/STM32H7xx_HAL_Driver/Src/stm32h7xx_hal_gpio.c ****       temp |= ((GPIO_Init->Pull) << (position * 2U));
 244              		.loc 1 242 0
 245 0112 2C40     		ands	r4, r4, r5
 246              	.LVL38:
 243:Drivers/STM32H7xx_HAL_Driver/Src/stm32h7xx_hal_gpio.c ****       GPIOx->PUPDR = temp;
 247              		.loc 1 243 0
 248 0114 8D68     		ldr	r5, [r1, #8]
 249 0116 05FA0EF5 		lsl	r5, r5, lr
 250 011a 2C43     		orrs	r4, r4, r5
 251              	.LVL39:
 244:Drivers/STM32H7xx_HAL_Driver/Src/stm32h7xx_hal_gpio.c **** 
ARM GAS  /tmp/ccuyOoI7.s 			page 11


 252              		.loc 1 244 0
 253 011c C460     		str	r4, [r0, #12]
 248:Drivers/STM32H7xx_HAL_Driver/Src/stm32h7xx_hal_gpio.c ****       {
 254              		.loc 1 248 0
 255 011e 4C68     		ldr	r4, [r1, #4]
 256              	.LVL40:
 257 0120 14F0805F 		tst	r4, #268435456
 258 0124 ABD0     		beq	.L3
 259              	.LBB2:
 251:Drivers/STM32H7xx_HAL_Driver/Src/stm32h7xx_hal_gpio.c **** 
 260              		.loc 1 251 0
 261 0126 2D4C     		ldr	r4, .L26+8
 262 0128 D4F8F450 		ldr	r5, [r4, #244]
 263 012c 45F00205 		orr	r5, r5, #2
 264 0130 C4F8F450 		str	r5, [r4, #244]
 265              	.LVL41:
 266 0134 D4F8F440 		ldr	r4, [r4, #244]
 267 0138 04F00204 		and	r4, r4, #2
 268 013c 0194     		str	r4, [sp, #4]
 269 013e 019C     		ldr	r4, [sp, #4]
 270              	.LBE2:
 253:Drivers/STM32H7xx_HAL_Driver/Src/stm32h7xx_hal_gpio.c ****         temp &= ~(0x0FUL << (4U * (position & 0x03U)));
 271              		.loc 1 253 0
 272 0140 9C08     		lsrs	r4, r3, #2
 273 0142 A61C     		adds	r6, r4, #2
 274 0144 234D     		ldr	r5, .L26
 275 0146 55F82650 		ldr	r5, [r5, r6, lsl #2]
 276              	.LVL42:
 254:Drivers/STM32H7xx_HAL_Driver/Src/stm32h7xx_hal_gpio.c ****         temp |= (GPIO_GET_INDEX(GPIOx) << (4U * (position & 0x03U)));
 277              		.loc 1 254 0
 278 014a 03F00306 		and	r6, r3, #3
 279 014e 4FEA860E 		lsl	lr, r6, #2
 280 0152 0F26     		movs	r6, #15
 281 0154 06FA0EF6 		lsl	r6, r6, lr
 282 0158 25EA0605 		bic	r5, r5, r6
 283              	.LVL43:
 255:Drivers/STM32H7xx_HAL_Driver/Src/stm32h7xx_hal_gpio.c ****         SYSCFG->EXTICR[position >> 2U] = temp;
 284              		.loc 1 255 0
 285 015c 204F     		ldr	r7, .L26+12
 286 015e B842     		cmp	r0, r7
 287 0160 3FF454AF 		beq	.L13
 255:Drivers/STM32H7xx_HAL_Driver/Src/stm32h7xx_hal_gpio.c ****         SYSCFG->EXTICR[position >> 2U] = temp;
 288              		.loc 1 255 0 is_stmt 0 discriminator 1
 289 0164 1F4E     		ldr	r6, .L26+16
 290 0166 B042     		cmp	r0, r6
 291 0168 22D0     		beq	.L14
 255:Drivers/STM32H7xx_HAL_Driver/Src/stm32h7xx_hal_gpio.c ****         SYSCFG->EXTICR[position >> 2U] = temp;
 292              		.loc 1 255 0 discriminator 3
 293 016a 06F58066 		add	r6, r6, #1024
 294 016e B042     		cmp	r0, r6
 295 0170 20D0     		beq	.L15
 255:Drivers/STM32H7xx_HAL_Driver/Src/stm32h7xx_hal_gpio.c ****         SYSCFG->EXTICR[position >> 2U] = temp;
 296              		.loc 1 255 0 discriminator 5
 297 0172 06F58066 		add	r6, r6, #1024
 298 0176 B042     		cmp	r0, r6
 299 0178 1ED0     		beq	.L16
 255:Drivers/STM32H7xx_HAL_Driver/Src/stm32h7xx_hal_gpio.c ****         SYSCFG->EXTICR[position >> 2U] = temp;
ARM GAS  /tmp/ccuyOoI7.s 			page 12


 300              		.loc 1 255 0 discriminator 7
 301 017a 06F58066 		add	r6, r6, #1024
 302 017e B042     		cmp	r0, r6
 303 0180 1CD0     		beq	.L17
 255:Drivers/STM32H7xx_HAL_Driver/Src/stm32h7xx_hal_gpio.c ****         SYSCFG->EXTICR[position >> 2U] = temp;
 304              		.loc 1 255 0 discriminator 9
 305 0182 06F58066 		add	r6, r6, #1024
 306 0186 B042     		cmp	r0, r6
 307 0188 1AD0     		beq	.L18
 255:Drivers/STM32H7xx_HAL_Driver/Src/stm32h7xx_hal_gpio.c ****         SYSCFG->EXTICR[position >> 2U] = temp;
 308              		.loc 1 255 0 discriminator 11
 309 018a 06F58066 		add	r6, r6, #1024
 310 018e B042     		cmp	r0, r6
 311 0190 18D0     		beq	.L19
 255:Drivers/STM32H7xx_HAL_Driver/Src/stm32h7xx_hal_gpio.c ****         SYSCFG->EXTICR[position >> 2U] = temp;
 312              		.loc 1 255 0 discriminator 13
 313 0192 06F58066 		add	r6, r6, #1024
 314 0196 B042     		cmp	r0, r6
 315 0198 16D0     		beq	.L20
 255:Drivers/STM32H7xx_HAL_Driver/Src/stm32h7xx_hal_gpio.c ****         SYSCFG->EXTICR[position >> 2U] = temp;
 316              		.loc 1 255 0 discriminator 15
 317 019a 06F58066 		add	r6, r6, #1024
 318 019e B042     		cmp	r0, r6
 319 01a0 14D0     		beq	.L21
 255:Drivers/STM32H7xx_HAL_Driver/Src/stm32h7xx_hal_gpio.c ****         SYSCFG->EXTICR[position >> 2U] = temp;
 320              		.loc 1 255 0 discriminator 17
 321 01a2 06F58066 		add	r6, r6, #1024
 322 01a6 B042     		cmp	r0, r6
 323 01a8 3FF42EAF 		beq	.L25
 255:Drivers/STM32H7xx_HAL_Driver/Src/stm32h7xx_hal_gpio.c ****         SYSCFG->EXTICR[position >> 2U] = temp;
 324              		.loc 1 255 0
 325 01ac 0A26     		movs	r6, #10
 326 01ae 2EE7     		b	.L7
 327              	.L14:
 328 01b0 0126     		movs	r6, #1
 329 01b2 2CE7     		b	.L7
 330              	.L15:
 331 01b4 0226     		movs	r6, #2
 332 01b6 2AE7     		b	.L7
 333              	.L16:
 334 01b8 0326     		movs	r6, #3
 335 01ba 28E7     		b	.L7
 336              	.L17:
 337 01bc 0426     		movs	r6, #4
 338 01be 26E7     		b	.L7
 339              	.L18:
 340 01c0 0526     		movs	r6, #5
 341 01c2 24E7     		b	.L7
 342              	.L19:
 343 01c4 0626     		movs	r6, #6
 344 01c6 22E7     		b	.L7
 345              	.L20:
 346 01c8 0726     		movs	r6, #7
 347 01ca 20E7     		b	.L7
 348              	.L21:
 349 01cc 0826     		movs	r6, #8
 350 01ce 1EE7     		b	.L7
ARM GAS  /tmp/ccuyOoI7.s 			page 13


 351              	.LVL44:
 352              	.L24:
 295:Drivers/STM32H7xx_HAL_Driver/Src/stm32h7xx_hal_gpio.c ****   }
 296:Drivers/STM32H7xx_HAL_Driver/Src/stm32h7xx_hal_gpio.c **** }
 353              		.loc 1 296 0 is_stmt 1
 354 01d0 03B0     		add	sp, sp, #12
 355              	.LCFI2:
 356              		.cfi_def_cfa_offset 20
 357              		@ sp needed
 358 01d2 F0BD     		pop	{r4, r5, r6, r7, pc}
 359              	.L27:
 360              		.align	2
 361              	.L26:
 362 01d4 00040058 		.word	1476396032
 363 01d8 80000058 		.word	1476395136
 364 01dc 00440258 		.word	1476543488
 365 01e0 00000258 		.word	1476526080
 366 01e4 00040258 		.word	1476527104
 367              		.cfi_endproc
 368              	.LFE141:
 370              		.section	.text.HAL_GPIO_DeInit,"ax",%progbits
 371              		.align	1
 372              		.global	HAL_GPIO_DeInit
 373              		.syntax unified
 374              		.thumb
 375              		.thumb_func
 376              		.fpu fpv5-d16
 378              	HAL_GPIO_DeInit:
 379              	.LFB142:
 297:Drivers/STM32H7xx_HAL_Driver/Src/stm32h7xx_hal_gpio.c **** 
 298:Drivers/STM32H7xx_HAL_Driver/Src/stm32h7xx_hal_gpio.c **** /**
 299:Drivers/STM32H7xx_HAL_Driver/Src/stm32h7xx_hal_gpio.c ****   * @brief  De-initializes the GPIOx peripheral registers to their default reset values.
 300:Drivers/STM32H7xx_HAL_Driver/Src/stm32h7xx_hal_gpio.c ****   * @param  GPIOx: where x can be (A..K) to select the GPIO peripheral.
 301:Drivers/STM32H7xx_HAL_Driver/Src/stm32h7xx_hal_gpio.c ****   * @param  GPIO_Pin: specifies the port bit to be written.
 302:Drivers/STM32H7xx_HAL_Driver/Src/stm32h7xx_hal_gpio.c ****   *          This parameter can be one of GPIO_PIN_x where x can be (0..15).
 303:Drivers/STM32H7xx_HAL_Driver/Src/stm32h7xx_hal_gpio.c ****   * @retval None
 304:Drivers/STM32H7xx_HAL_Driver/Src/stm32h7xx_hal_gpio.c ****   */
 305:Drivers/STM32H7xx_HAL_Driver/Src/stm32h7xx_hal_gpio.c **** void HAL_GPIO_DeInit(GPIO_TypeDef  *GPIOx, uint32_t GPIO_Pin)
 306:Drivers/STM32H7xx_HAL_Driver/Src/stm32h7xx_hal_gpio.c **** {
 380              		.loc 1 306 0
 381              		.cfi_startproc
 382              		@ args = 0, pretend = 0, frame = 0
 383              		@ frame_needed = 0, uses_anonymous_args = 0
 384              	.LVL45:
 307:Drivers/STM32H7xx_HAL_Driver/Src/stm32h7xx_hal_gpio.c ****   uint32_t position = 0x00U;
 385              		.loc 1 307 0
 386 0000 0023     		movs	r3, #0
 387              	.LVL46:
 308:Drivers/STM32H7xx_HAL_Driver/Src/stm32h7xx_hal_gpio.c ****   uint32_t iocurrent;
 309:Drivers/STM32H7xx_HAL_Driver/Src/stm32h7xx_hal_gpio.c ****   uint32_t tmp;
 310:Drivers/STM32H7xx_HAL_Driver/Src/stm32h7xx_hal_gpio.c ****   EXTI_Core_TypeDef *EXTI_CurrentCPU;
 311:Drivers/STM32H7xx_HAL_Driver/Src/stm32h7xx_hal_gpio.c **** 
 312:Drivers/STM32H7xx_HAL_Driver/Src/stm32h7xx_hal_gpio.c **** #if defined(DUAL_CORE) && defined(CORE_CM4)
 313:Drivers/STM32H7xx_HAL_Driver/Src/stm32h7xx_hal_gpio.c ****   EXTI_CurrentCPU = EXTI_D2; /* EXTI for CM4 CPU */
 314:Drivers/STM32H7xx_HAL_Driver/Src/stm32h7xx_hal_gpio.c **** #else
 315:Drivers/STM32H7xx_HAL_Driver/Src/stm32h7xx_hal_gpio.c ****   EXTI_CurrentCPU = EXTI_D1; /* EXTI for CM7 CPU */
 316:Drivers/STM32H7xx_HAL_Driver/Src/stm32h7xx_hal_gpio.c **** #endif
ARM GAS  /tmp/ccuyOoI7.s 			page 14


 317:Drivers/STM32H7xx_HAL_Driver/Src/stm32h7xx_hal_gpio.c **** 
 318:Drivers/STM32H7xx_HAL_Driver/Src/stm32h7xx_hal_gpio.c ****   /* Check the parameters */
 319:Drivers/STM32H7xx_HAL_Driver/Src/stm32h7xx_hal_gpio.c ****   assert_param(IS_GPIO_ALL_INSTANCE(GPIOx));
 320:Drivers/STM32H7xx_HAL_Driver/Src/stm32h7xx_hal_gpio.c ****   assert_param(IS_GPIO_PIN(GPIO_Pin));
 321:Drivers/STM32H7xx_HAL_Driver/Src/stm32h7xx_hal_gpio.c **** 
 322:Drivers/STM32H7xx_HAL_Driver/Src/stm32h7xx_hal_gpio.c ****   /* Configure the port pins */
 323:Drivers/STM32H7xx_HAL_Driver/Src/stm32h7xx_hal_gpio.c ****   while ((GPIO_Pin >> position) != 0x00U)
 388              		.loc 1 323 0
 389 0002 31FA03F2 		lsrs	r2, r1, r3
 390 0006 00F09780 		beq	.L47
 306:Drivers/STM32H7xx_HAL_Driver/Src/stm32h7xx_hal_gpio.c ****   uint32_t position = 0x00U;
 391              		.loc 1 306 0
 392 000a F0B5     		push	{r4, r5, r6, r7, lr}
 393              	.LCFI3:
 394              		.cfi_def_cfa_offset 20
 395              		.cfi_offset 4, -20
 396              		.cfi_offset 5, -16
 397              		.cfi_offset 6, -12
 398              		.cfi_offset 7, -8
 399              		.cfi_offset 14, -4
 400 000c 2CE0     		b	.L33
 401              	.LVL47:
 402              	.L50:
 324:Drivers/STM32H7xx_HAL_Driver/Src/stm32h7xx_hal_gpio.c ****   {
 325:Drivers/STM32H7xx_HAL_Driver/Src/stm32h7xx_hal_gpio.c ****     /* Get current io position */
 326:Drivers/STM32H7xx_HAL_Driver/Src/stm32h7xx_hal_gpio.c ****     iocurrent = GPIO_Pin & (1UL << position) ;
 327:Drivers/STM32H7xx_HAL_Driver/Src/stm32h7xx_hal_gpio.c **** 
 328:Drivers/STM32H7xx_HAL_Driver/Src/stm32h7xx_hal_gpio.c ****     if (iocurrent != 0x00U)
 329:Drivers/STM32H7xx_HAL_Driver/Src/stm32h7xx_hal_gpio.c ****     {
 330:Drivers/STM32H7xx_HAL_Driver/Src/stm32h7xx_hal_gpio.c ****       /*------------------------- EXTI Mode Configuration --------------------*/
 331:Drivers/STM32H7xx_HAL_Driver/Src/stm32h7xx_hal_gpio.c ****       /* Clear the External Interrupt or Event for the current IO */
 332:Drivers/STM32H7xx_HAL_Driver/Src/stm32h7xx_hal_gpio.c ****       tmp = SYSCFG->EXTICR[position >> 2U];
 333:Drivers/STM32H7xx_HAL_Driver/Src/stm32h7xx_hal_gpio.c ****       tmp &= (0x0FUL << (4U * (position & 0x03U)));
 334:Drivers/STM32H7xx_HAL_Driver/Src/stm32h7xx_hal_gpio.c ****       if (tmp == (GPIO_GET_INDEX(GPIOx) << (4U * (position & 0x03U))))
 403              		.loc 1 334 0
 404 000e 0926     		movs	r6, #9
 405 0010 00E0     		b	.L31
 406              	.L34:
 407 0012 0026     		movs	r6, #0
 408              	.L31:
 409              		.loc 1 334 0 is_stmt 0 discriminator 40
 410 0014 06FA04F4 		lsl	r4, r6, r4
 411 0018 A542     		cmp	r5, r4
 412 001a 72D0     		beq	.L48
 413              	.LVL48:
 414              	.L32:
 335:Drivers/STM32H7xx_HAL_Driver/Src/stm32h7xx_hal_gpio.c ****       {
 336:Drivers/STM32H7xx_HAL_Driver/Src/stm32h7xx_hal_gpio.c ****         tmp = 0x0FUL << (4U * (position & 0x03U));
 337:Drivers/STM32H7xx_HAL_Driver/Src/stm32h7xx_hal_gpio.c ****         SYSCFG->EXTICR[position >> 2U] &= ~tmp;
 338:Drivers/STM32H7xx_HAL_Driver/Src/stm32h7xx_hal_gpio.c **** 
 339:Drivers/STM32H7xx_HAL_Driver/Src/stm32h7xx_hal_gpio.c ****         /* Clear EXTI line configuration for Current CPU */
 340:Drivers/STM32H7xx_HAL_Driver/Src/stm32h7xx_hal_gpio.c ****         EXTI_CurrentCPU->IMR1 &= ~(iocurrent);
 341:Drivers/STM32H7xx_HAL_Driver/Src/stm32h7xx_hal_gpio.c ****         EXTI_CurrentCPU->EMR1 &= ~(iocurrent);
 342:Drivers/STM32H7xx_HAL_Driver/Src/stm32h7xx_hal_gpio.c **** 
 343:Drivers/STM32H7xx_HAL_Driver/Src/stm32h7xx_hal_gpio.c ****         /* Clear Rising Falling edge configuration */
 344:Drivers/STM32H7xx_HAL_Driver/Src/stm32h7xx_hal_gpio.c ****         EXTI->RTSR1 &= ~(iocurrent);
 345:Drivers/STM32H7xx_HAL_Driver/Src/stm32h7xx_hal_gpio.c ****         EXTI->FTSR1 &= ~(iocurrent);
ARM GAS  /tmp/ccuyOoI7.s 			page 15


 346:Drivers/STM32H7xx_HAL_Driver/Src/stm32h7xx_hal_gpio.c ****       }
 347:Drivers/STM32H7xx_HAL_Driver/Src/stm32h7xx_hal_gpio.c **** 
 348:Drivers/STM32H7xx_HAL_Driver/Src/stm32h7xx_hal_gpio.c ****       /*------------------------- GPIO Mode Configuration --------------------*/
 349:Drivers/STM32H7xx_HAL_Driver/Src/stm32h7xx_hal_gpio.c ****       /* Configure IO in Analog Mode */
 350:Drivers/STM32H7xx_HAL_Driver/Src/stm32h7xx_hal_gpio.c ****       GPIOx->MODER |= (GPIO_MODER_MODE0 << (position * 2U));
 415              		.loc 1 350 0 is_stmt 1
 416 001c 0568     		ldr	r5, [r0]
 417 001e 5C00     		lsls	r4, r3, #1
 418 0020 0326     		movs	r6, #3
 419 0022 06FA04F4 		lsl	r4, r6, r4
 420 0026 2543     		orrs	r5, r5, r4
 421 0028 0560     		str	r5, [r0]
 351:Drivers/STM32H7xx_HAL_Driver/Src/stm32h7xx_hal_gpio.c **** 
 352:Drivers/STM32H7xx_HAL_Driver/Src/stm32h7xx_hal_gpio.c ****       /* Configure the default Alternate Function in current IO */
 353:Drivers/STM32H7xx_HAL_Driver/Src/stm32h7xx_hal_gpio.c ****       GPIOx->AFR[position >> 3U] &= ~(0xFU << ((position & 0x07U) * 4U)) ;
 422              		.loc 1 353 0
 423 002a 23FA06F5 		lsr	r5, r3, r6
 424 002e 0835     		adds	r5, r5, #8
 425 0030 50F82560 		ldr	r6, [r0, r5, lsl #2]
 426 0034 03F00707 		and	r7, r3, #7
 427              	.LVL49:
 428 0038 4FEA870E 		lsl	lr, r7, #2
 429 003c 0F27     		movs	r7, #15
 430 003e 07FA0EF7 		lsl	r7, r7, lr
 431 0042 26EA0706 		bic	r6, r6, r7
 432 0046 40F82560 		str	r6, [r0, r5, lsl #2]
 354:Drivers/STM32H7xx_HAL_Driver/Src/stm32h7xx_hal_gpio.c **** 
 355:Drivers/STM32H7xx_HAL_Driver/Src/stm32h7xx_hal_gpio.c ****       /* Configure the default value for IO Speed */
 356:Drivers/STM32H7xx_HAL_Driver/Src/stm32h7xx_hal_gpio.c ****       GPIOx->OSPEEDR &= ~(GPIO_OSPEEDR_OSPEED0 << (position * 2U));
 433              		.loc 1 356 0
 434 004a 8568     		ldr	r5, [r0, #8]
 435 004c E443     		mvns	r4, r4
 436 004e 2540     		ands	r5, r5, r4
 437 0050 8560     		str	r5, [r0, #8]
 357:Drivers/STM32H7xx_HAL_Driver/Src/stm32h7xx_hal_gpio.c **** 
 358:Drivers/STM32H7xx_HAL_Driver/Src/stm32h7xx_hal_gpio.c ****       /* Configure the default value IO Output Type */
 359:Drivers/STM32H7xx_HAL_Driver/Src/stm32h7xx_hal_gpio.c ****       GPIOx->OTYPER  &= ~(GPIO_OTYPER_OT0 << position) ;
 438              		.loc 1 359 0
 439 0052 4568     		ldr	r5, [r0, #4]
 440 0054 25EA0202 		bic	r2, r5, r2
 441              	.LVL50:
 442 0058 4260     		str	r2, [r0, #4]
 360:Drivers/STM32H7xx_HAL_Driver/Src/stm32h7xx_hal_gpio.c **** 
 361:Drivers/STM32H7xx_HAL_Driver/Src/stm32h7xx_hal_gpio.c ****       /* Deactivate the Pull-up and Pull-down resistor for the current IO */
 362:Drivers/STM32H7xx_HAL_Driver/Src/stm32h7xx_hal_gpio.c ****       GPIOx->PUPDR &= ~(GPIO_PUPDR_PUPD0 << (position * 2U));
 443              		.loc 1 362 0
 444 005a C268     		ldr	r2, [r0, #12]
 445 005c 1440     		ands	r4, r4, r2
 446 005e C460     		str	r4, [r0, #12]
 447              	.L30:
 363:Drivers/STM32H7xx_HAL_Driver/Src/stm32h7xx_hal_gpio.c ****     }
 364:Drivers/STM32H7xx_HAL_Driver/Src/stm32h7xx_hal_gpio.c **** 
 365:Drivers/STM32H7xx_HAL_Driver/Src/stm32h7xx_hal_gpio.c ****     position++;
 448              		.loc 1 365 0
 449 0060 0133     		adds	r3, r3, #1
 450              	.LVL51:
 323:Drivers/STM32H7xx_HAL_Driver/Src/stm32h7xx_hal_gpio.c ****   {
ARM GAS  /tmp/ccuyOoI7.s 			page 16


 451              		.loc 1 323 0
 452 0062 31FA03F2 		lsrs	r2, r1, r3
 453 0066 66D0     		beq	.L49
 454              	.LVL52:
 455              	.L33:
 326:Drivers/STM32H7xx_HAL_Driver/Src/stm32h7xx_hal_gpio.c **** 
 456              		.loc 1 326 0
 457 0068 0122     		movs	r2, #1
 458 006a 9A40     		lsls	r2, r2, r3
 459              	.LVL53:
 328:Drivers/STM32H7xx_HAL_Driver/Src/stm32h7xx_hal_gpio.c ****     {
 460              		.loc 1 328 0
 461 006c 11EA0207 		ands	r7, r1, r2
 462              	.LVL54:
 463 0070 F6D0     		beq	.L30
 332:Drivers/STM32H7xx_HAL_Driver/Src/stm32h7xx_hal_gpio.c ****       tmp &= (0x0FUL << (4U * (position & 0x03U)));
 464              		.loc 1 332 0
 465 0072 4FEA930E 		lsr	lr, r3, #2
 466 0076 0EF10205 		add	r5, lr, #2
 467 007a 304C     		ldr	r4, .L51
 468 007c 54F82550 		ldr	r5, [r4, r5, lsl #2]
 469              	.LVL55:
 333:Drivers/STM32H7xx_HAL_Driver/Src/stm32h7xx_hal_gpio.c ****       if (tmp == (GPIO_GET_INDEX(GPIOx) << (4U * (position & 0x03U))))
 470              		.loc 1 333 0
 471 0080 03F00304 		and	r4, r3, #3
 472 0084 A400     		lsls	r4, r4, #2
 473 0086 0F26     		movs	r6, #15
 474 0088 06FA04FC 		lsl	ip, r6, r4
 475 008c 05EA0C05 		and	r5, r5, ip
 476              	.LVL56:
 334:Drivers/STM32H7xx_HAL_Driver/Src/stm32h7xx_hal_gpio.c ****       {
 477              		.loc 1 334 0
 478 0090 2B4E     		ldr	r6, .L51+4
 479 0092 B042     		cmp	r0, r6
 480 0094 BDD0     		beq	.L34
 334:Drivers/STM32H7xx_HAL_Driver/Src/stm32h7xx_hal_gpio.c ****       {
 481              		.loc 1 334 0 is_stmt 0 discriminator 1
 482 0096 06F58066 		add	r6, r6, #1024
 483 009a B042     		cmp	r0, r6
 484 009c 21D0     		beq	.L35
 334:Drivers/STM32H7xx_HAL_Driver/Src/stm32h7xx_hal_gpio.c ****       {
 485              		.loc 1 334 0 discriminator 3
 486 009e 06F58066 		add	r6, r6, #1024
 487 00a2 B042     		cmp	r0, r6
 488 00a4 1FD0     		beq	.L36
 334:Drivers/STM32H7xx_HAL_Driver/Src/stm32h7xx_hal_gpio.c ****       {
 489              		.loc 1 334 0 discriminator 5
 490 00a6 06F58066 		add	r6, r6, #1024
 491 00aa B042     		cmp	r0, r6
 492 00ac 1DD0     		beq	.L37
 334:Drivers/STM32H7xx_HAL_Driver/Src/stm32h7xx_hal_gpio.c ****       {
 493              		.loc 1 334 0 discriminator 7
 494 00ae 06F58066 		add	r6, r6, #1024
 495 00b2 B042     		cmp	r0, r6
 496 00b4 1BD0     		beq	.L38
 334:Drivers/STM32H7xx_HAL_Driver/Src/stm32h7xx_hal_gpio.c ****       {
 497              		.loc 1 334 0 discriminator 9
ARM GAS  /tmp/ccuyOoI7.s 			page 17


 498 00b6 06F58066 		add	r6, r6, #1024
 499 00ba B042     		cmp	r0, r6
 500 00bc 19D0     		beq	.L39
 334:Drivers/STM32H7xx_HAL_Driver/Src/stm32h7xx_hal_gpio.c ****       {
 501              		.loc 1 334 0 discriminator 11
 502 00be 06F58066 		add	r6, r6, #1024
 503 00c2 B042     		cmp	r0, r6
 504 00c4 17D0     		beq	.L40
 334:Drivers/STM32H7xx_HAL_Driver/Src/stm32h7xx_hal_gpio.c ****       {
 505              		.loc 1 334 0 discriminator 13
 506 00c6 06F58066 		add	r6, r6, #1024
 507 00ca B042     		cmp	r0, r6
 508 00cc 15D0     		beq	.L41
 334:Drivers/STM32H7xx_HAL_Driver/Src/stm32h7xx_hal_gpio.c ****       {
 509              		.loc 1 334 0 discriminator 15
 510 00ce 06F58066 		add	r6, r6, #1024
 511 00d2 B042     		cmp	r0, r6
 512 00d4 13D0     		beq	.L42
 334:Drivers/STM32H7xx_HAL_Driver/Src/stm32h7xx_hal_gpio.c ****       {
 513              		.loc 1 334 0 discriminator 17
 514 00d6 06F58066 		add	r6, r6, #1024
 515 00da B042     		cmp	r0, r6
 516 00dc 97D0     		beq	.L50
 334:Drivers/STM32H7xx_HAL_Driver/Src/stm32h7xx_hal_gpio.c ****       {
 517              		.loc 1 334 0
 518 00de 0A26     		movs	r6, #10
 519 00e0 98E7     		b	.L31
 520              	.L35:
 521 00e2 0126     		movs	r6, #1
 522 00e4 96E7     		b	.L31
 523              	.L36:
 524 00e6 0226     		movs	r6, #2
 525 00e8 94E7     		b	.L31
 526              	.L37:
 527 00ea 0326     		movs	r6, #3
 528 00ec 92E7     		b	.L31
 529              	.L38:
 530 00ee 0426     		movs	r6, #4
 531 00f0 90E7     		b	.L31
 532              	.L39:
 533 00f2 0526     		movs	r6, #5
 534 00f4 8EE7     		b	.L31
 535              	.L40:
 536 00f6 0626     		movs	r6, #6
 537 00f8 8CE7     		b	.L31
 538              	.L41:
 539 00fa 0726     		movs	r6, #7
 540 00fc 8AE7     		b	.L31
 541              	.L42:
 542 00fe 0826     		movs	r6, #8
 543 0100 88E7     		b	.L31
 544              	.L48:
 545              	.LVL57:
 337:Drivers/STM32H7xx_HAL_Driver/Src/stm32h7xx_hal_gpio.c **** 
 546              		.loc 1 337 0 is_stmt 1
 547 0102 0E4C     		ldr	r4, .L51
 548 0104 0EF10205 		add	r5, lr, #2
ARM GAS  /tmp/ccuyOoI7.s 			page 18


 549 0108 54F82560 		ldr	r6, [r4, r5, lsl #2]
 550 010c 26EA0C06 		bic	r6, r6, ip
 551 0110 44F82560 		str	r6, [r4, r5, lsl #2]
 340:Drivers/STM32H7xx_HAL_Driver/Src/stm32h7xx_hal_gpio.c ****         EXTI_CurrentCPU->EMR1 &= ~(iocurrent);
 552              		.loc 1 340 0
 553 0114 0B4D     		ldr	r5, .L51+8
 554 0116 2E68     		ldr	r6, [r5]
 555 0118 FC43     		mvns	r4, r7
 556 011a 2640     		ands	r6, r6, r4
 557 011c 2E60     		str	r6, [r5]
 341:Drivers/STM32H7xx_HAL_Driver/Src/stm32h7xx_hal_gpio.c **** 
 558              		.loc 1 341 0
 559 011e 6E68     		ldr	r6, [r5, #4]
 560 0120 2640     		ands	r6, r6, r4
 561 0122 6E60     		str	r6, [r5, #4]
 344:Drivers/STM32H7xx_HAL_Driver/Src/stm32h7xx_hal_gpio.c ****         EXTI->FTSR1 &= ~(iocurrent);
 562              		.loc 1 344 0
 563 0124 4FF0B045 		mov	r5, #1476395008
 564 0128 2E68     		ldr	r6, [r5]
 565 012a 2640     		ands	r6, r6, r4
 566 012c 2E60     		str	r6, [r5]
 345:Drivers/STM32H7xx_HAL_Driver/Src/stm32h7xx_hal_gpio.c ****       }
 567              		.loc 1 345 0
 568 012e 6E68     		ldr	r6, [r5, #4]
 569 0130 3440     		ands	r4, r4, r6
 570 0132 6C60     		str	r4, [r5, #4]
 571 0134 72E7     		b	.L32
 572              	.LVL58:
 573              	.L49:
 366:Drivers/STM32H7xx_HAL_Driver/Src/stm32h7xx_hal_gpio.c ****   }
 367:Drivers/STM32H7xx_HAL_Driver/Src/stm32h7xx_hal_gpio.c **** }
 574              		.loc 1 367 0
 575 0136 F0BD     		pop	{r4, r5, r6, r7, pc}
 576              	.LVL59:
 577              	.L47:
 578              	.LCFI4:
 579              		.cfi_def_cfa_offset 0
 580              		.cfi_restore 4
 581              		.cfi_restore 5
 582              		.cfi_restore 6
 583              		.cfi_restore 7
 584              		.cfi_restore 14
 585 0138 7047     		bx	lr
 586              	.L52:
 587 013a 00BF     		.align	2
 588              	.L51:
 589 013c 00040058 		.word	1476396032
 590 0140 00000258 		.word	1476526080
 591 0144 80000058 		.word	1476395136
 592              		.cfi_endproc
 593              	.LFE142:
 595              		.section	.text.HAL_GPIO_ReadPin,"ax",%progbits
 596              		.align	1
 597              		.global	HAL_GPIO_ReadPin
 598              		.syntax unified
 599              		.thumb
 600              		.thumb_func
ARM GAS  /tmp/ccuyOoI7.s 			page 19


 601              		.fpu fpv5-d16
 603              	HAL_GPIO_ReadPin:
 604              	.LFB143:
 368:Drivers/STM32H7xx_HAL_Driver/Src/stm32h7xx_hal_gpio.c **** 
 369:Drivers/STM32H7xx_HAL_Driver/Src/stm32h7xx_hal_gpio.c **** /**
 370:Drivers/STM32H7xx_HAL_Driver/Src/stm32h7xx_hal_gpio.c ****   * @}
 371:Drivers/STM32H7xx_HAL_Driver/Src/stm32h7xx_hal_gpio.c ****   */
 372:Drivers/STM32H7xx_HAL_Driver/Src/stm32h7xx_hal_gpio.c **** 
 373:Drivers/STM32H7xx_HAL_Driver/Src/stm32h7xx_hal_gpio.c **** /** @defgroup GPIO_Exported_Functions_Group2 IO operation functions
 374:Drivers/STM32H7xx_HAL_Driver/Src/stm32h7xx_hal_gpio.c ****  *  @brief GPIO Read, Write, Toggle, Lock and EXTI management functions.
 375:Drivers/STM32H7xx_HAL_Driver/Src/stm32h7xx_hal_gpio.c ****  *
 376:Drivers/STM32H7xx_HAL_Driver/Src/stm32h7xx_hal_gpio.c **** @verbatim
 377:Drivers/STM32H7xx_HAL_Driver/Src/stm32h7xx_hal_gpio.c ****  ===============================================================================
 378:Drivers/STM32H7xx_HAL_Driver/Src/stm32h7xx_hal_gpio.c ****                        ##### IO operation functions #####
 379:Drivers/STM32H7xx_HAL_Driver/Src/stm32h7xx_hal_gpio.c ****  ===============================================================================
 380:Drivers/STM32H7xx_HAL_Driver/Src/stm32h7xx_hal_gpio.c **** 
 381:Drivers/STM32H7xx_HAL_Driver/Src/stm32h7xx_hal_gpio.c **** @endverbatim
 382:Drivers/STM32H7xx_HAL_Driver/Src/stm32h7xx_hal_gpio.c ****   * @{
 383:Drivers/STM32H7xx_HAL_Driver/Src/stm32h7xx_hal_gpio.c ****   */
 384:Drivers/STM32H7xx_HAL_Driver/Src/stm32h7xx_hal_gpio.c **** 
 385:Drivers/STM32H7xx_HAL_Driver/Src/stm32h7xx_hal_gpio.c **** /**
 386:Drivers/STM32H7xx_HAL_Driver/Src/stm32h7xx_hal_gpio.c ****   * @brief  Reads the specified input port pin.
 387:Drivers/STM32H7xx_HAL_Driver/Src/stm32h7xx_hal_gpio.c ****   * @param  GPIOx: where x can be (A..K) to select the GPIO peripheral.
 388:Drivers/STM32H7xx_HAL_Driver/Src/stm32h7xx_hal_gpio.c ****   * @param  GPIO_Pin: specifies the port bit to read.
 389:Drivers/STM32H7xx_HAL_Driver/Src/stm32h7xx_hal_gpio.c ****   *         This parameter can be GPIO_PIN_x where x can be (0..15).
 390:Drivers/STM32H7xx_HAL_Driver/Src/stm32h7xx_hal_gpio.c ****   * @retval The input port pin value.
 391:Drivers/STM32H7xx_HAL_Driver/Src/stm32h7xx_hal_gpio.c ****   */
 392:Drivers/STM32H7xx_HAL_Driver/Src/stm32h7xx_hal_gpio.c **** GPIO_PinState HAL_GPIO_ReadPin(GPIO_TypeDef *GPIOx, uint16_t GPIO_Pin)
 393:Drivers/STM32H7xx_HAL_Driver/Src/stm32h7xx_hal_gpio.c **** {
 605              		.loc 1 393 0
 606              		.cfi_startproc
 607              		@ args = 0, pretend = 0, frame = 0
 608              		@ frame_needed = 0, uses_anonymous_args = 0
 609              		@ link register save eliminated.
 610              	.LVL60:
 394:Drivers/STM32H7xx_HAL_Driver/Src/stm32h7xx_hal_gpio.c ****   GPIO_PinState bitstatus;
 395:Drivers/STM32H7xx_HAL_Driver/Src/stm32h7xx_hal_gpio.c **** 
 396:Drivers/STM32H7xx_HAL_Driver/Src/stm32h7xx_hal_gpio.c ****   /* Check the parameters */
 397:Drivers/STM32H7xx_HAL_Driver/Src/stm32h7xx_hal_gpio.c ****   assert_param(IS_GPIO_PIN(GPIO_Pin));
 398:Drivers/STM32H7xx_HAL_Driver/Src/stm32h7xx_hal_gpio.c **** 
 399:Drivers/STM32H7xx_HAL_Driver/Src/stm32h7xx_hal_gpio.c ****   if ((GPIOx->IDR & GPIO_Pin) != 0x00U)
 611              		.loc 1 399 0
 612 0000 0369     		ldr	r3, [r0, #16]
 613 0002 1942     		tst	r1, r3
 614 0004 01D1     		bne	.L56
 400:Drivers/STM32H7xx_HAL_Driver/Src/stm32h7xx_hal_gpio.c ****   {
 401:Drivers/STM32H7xx_HAL_Driver/Src/stm32h7xx_hal_gpio.c ****     bitstatus = GPIO_PIN_SET;
 402:Drivers/STM32H7xx_HAL_Driver/Src/stm32h7xx_hal_gpio.c ****   }
 403:Drivers/STM32H7xx_HAL_Driver/Src/stm32h7xx_hal_gpio.c ****   else
 404:Drivers/STM32H7xx_HAL_Driver/Src/stm32h7xx_hal_gpio.c ****   {
 405:Drivers/STM32H7xx_HAL_Driver/Src/stm32h7xx_hal_gpio.c ****     bitstatus = GPIO_PIN_RESET;
 615              		.loc 1 405 0
 616 0006 0020     		movs	r0, #0
 617              	.LVL61:
 406:Drivers/STM32H7xx_HAL_Driver/Src/stm32h7xx_hal_gpio.c ****   }
 407:Drivers/STM32H7xx_HAL_Driver/Src/stm32h7xx_hal_gpio.c ****   return bitstatus;
 408:Drivers/STM32H7xx_HAL_Driver/Src/stm32h7xx_hal_gpio.c **** }
ARM GAS  /tmp/ccuyOoI7.s 			page 20


 618              		.loc 1 408 0
 619 0008 7047     		bx	lr
 620              	.LVL62:
 621              	.L56:
 401:Drivers/STM32H7xx_HAL_Driver/Src/stm32h7xx_hal_gpio.c ****   }
 622              		.loc 1 401 0
 623 000a 0120     		movs	r0, #1
 624              	.LVL63:
 625 000c 7047     		bx	lr
 626              		.cfi_endproc
 627              	.LFE143:
 629              		.section	.text.HAL_GPIO_WritePin,"ax",%progbits
 630              		.align	1
 631              		.global	HAL_GPIO_WritePin
 632              		.syntax unified
 633              		.thumb
 634              		.thumb_func
 635              		.fpu fpv5-d16
 637              	HAL_GPIO_WritePin:
 638              	.LFB144:
 409:Drivers/STM32H7xx_HAL_Driver/Src/stm32h7xx_hal_gpio.c **** 
 410:Drivers/STM32H7xx_HAL_Driver/Src/stm32h7xx_hal_gpio.c **** /**
 411:Drivers/STM32H7xx_HAL_Driver/Src/stm32h7xx_hal_gpio.c ****   * @brief  Sets or clears the selected data port bit.
 412:Drivers/STM32H7xx_HAL_Driver/Src/stm32h7xx_hal_gpio.c ****   *
 413:Drivers/STM32H7xx_HAL_Driver/Src/stm32h7xx_hal_gpio.c ****   * @note   This function uses GPIOx_BSRR register to allow atomic read/modify
 414:Drivers/STM32H7xx_HAL_Driver/Src/stm32h7xx_hal_gpio.c ****   *         accesses. In this way, there is no risk of an IRQ occurring between
 415:Drivers/STM32H7xx_HAL_Driver/Src/stm32h7xx_hal_gpio.c ****   *         the read and the modify access.
 416:Drivers/STM32H7xx_HAL_Driver/Src/stm32h7xx_hal_gpio.c ****   *
 417:Drivers/STM32H7xx_HAL_Driver/Src/stm32h7xx_hal_gpio.c ****   * @param  GPIOx: where x can be (A..K) to select the GPIO peripheral.
 418:Drivers/STM32H7xx_HAL_Driver/Src/stm32h7xx_hal_gpio.c ****   * @param  GPIO_Pin: specifies the port bit to be written.
 419:Drivers/STM32H7xx_HAL_Driver/Src/stm32h7xx_hal_gpio.c ****   *          This parameter can be one of GPIO_PIN_x where x can be (0..15).
 420:Drivers/STM32H7xx_HAL_Driver/Src/stm32h7xx_hal_gpio.c ****   * @param  PinState: specifies the value to be written to the selected bit.
 421:Drivers/STM32H7xx_HAL_Driver/Src/stm32h7xx_hal_gpio.c ****   *          This parameter can be one of the GPIO_PinState enum values:
 422:Drivers/STM32H7xx_HAL_Driver/Src/stm32h7xx_hal_gpio.c ****   *            @arg GPIO_PIN_RESET: to clear the port pin
 423:Drivers/STM32H7xx_HAL_Driver/Src/stm32h7xx_hal_gpio.c ****   *            @arg GPIO_PIN_SET: to set the port pin
 424:Drivers/STM32H7xx_HAL_Driver/Src/stm32h7xx_hal_gpio.c ****   * @retval None
 425:Drivers/STM32H7xx_HAL_Driver/Src/stm32h7xx_hal_gpio.c ****   */
 426:Drivers/STM32H7xx_HAL_Driver/Src/stm32h7xx_hal_gpio.c **** void HAL_GPIO_WritePin(GPIO_TypeDef *GPIOx, uint16_t GPIO_Pin, GPIO_PinState PinState)
 427:Drivers/STM32H7xx_HAL_Driver/Src/stm32h7xx_hal_gpio.c **** {
 639              		.loc 1 427 0
 640              		.cfi_startproc
 641              		@ args = 0, pretend = 0, frame = 0
 642              		@ frame_needed = 0, uses_anonymous_args = 0
 643              		@ link register save eliminated.
 644              	.LVL64:
 428:Drivers/STM32H7xx_HAL_Driver/Src/stm32h7xx_hal_gpio.c ****   /* Check the parameters */
 429:Drivers/STM32H7xx_HAL_Driver/Src/stm32h7xx_hal_gpio.c ****   assert_param(IS_GPIO_PIN(GPIO_Pin));
 430:Drivers/STM32H7xx_HAL_Driver/Src/stm32h7xx_hal_gpio.c ****   assert_param(IS_GPIO_PIN_ACTION(PinState));
 431:Drivers/STM32H7xx_HAL_Driver/Src/stm32h7xx_hal_gpio.c **** 
 432:Drivers/STM32H7xx_HAL_Driver/Src/stm32h7xx_hal_gpio.c ****   if (PinState != GPIO_PIN_RESET)
 645              		.loc 1 432 0
 646 0000 12B9     		cbnz	r2, .L60
 433:Drivers/STM32H7xx_HAL_Driver/Src/stm32h7xx_hal_gpio.c ****   {
 434:Drivers/STM32H7xx_HAL_Driver/Src/stm32h7xx_hal_gpio.c ****     GPIOx->BSRR = GPIO_Pin;
 435:Drivers/STM32H7xx_HAL_Driver/Src/stm32h7xx_hal_gpio.c ****   }
 436:Drivers/STM32H7xx_HAL_Driver/Src/stm32h7xx_hal_gpio.c ****   else
 437:Drivers/STM32H7xx_HAL_Driver/Src/stm32h7xx_hal_gpio.c ****   {
ARM GAS  /tmp/ccuyOoI7.s 			page 21


 438:Drivers/STM32H7xx_HAL_Driver/Src/stm32h7xx_hal_gpio.c ****     GPIOx->BSRR = (uint32_t)GPIO_Pin << GPIO_NUMBER;
 647              		.loc 1 438 0
 648 0002 0904     		lsls	r1, r1, #16
 649              	.LVL65:
 650 0004 8161     		str	r1, [r0, #24]
 651 0006 7047     		bx	lr
 652              	.LVL66:
 653              	.L60:
 434:Drivers/STM32H7xx_HAL_Driver/Src/stm32h7xx_hal_gpio.c ****   }
 654              		.loc 1 434 0
 655 0008 8161     		str	r1, [r0, #24]
 656 000a 7047     		bx	lr
 657              		.cfi_endproc
 658              	.LFE144:
 660              		.section	.text.HAL_GPIO_TogglePin,"ax",%progbits
 661              		.align	1
 662              		.global	HAL_GPIO_TogglePin
 663              		.syntax unified
 664              		.thumb
 665              		.thumb_func
 666              		.fpu fpv5-d16
 668              	HAL_GPIO_TogglePin:
 669              	.LFB145:
 439:Drivers/STM32H7xx_HAL_Driver/Src/stm32h7xx_hal_gpio.c ****   }
 440:Drivers/STM32H7xx_HAL_Driver/Src/stm32h7xx_hal_gpio.c **** }
 441:Drivers/STM32H7xx_HAL_Driver/Src/stm32h7xx_hal_gpio.c **** 
 442:Drivers/STM32H7xx_HAL_Driver/Src/stm32h7xx_hal_gpio.c **** /**
 443:Drivers/STM32H7xx_HAL_Driver/Src/stm32h7xx_hal_gpio.c ****   * @brief  Toggles the specified GPIO pins.
 444:Drivers/STM32H7xx_HAL_Driver/Src/stm32h7xx_hal_gpio.c ****   * @param  GPIOx: Where x can be (A..K) to select the GPIO peripheral.
 445:Drivers/STM32H7xx_HAL_Driver/Src/stm32h7xx_hal_gpio.c ****   * @param  GPIO_Pin: Specifies the pins to be toggled.
 446:Drivers/STM32H7xx_HAL_Driver/Src/stm32h7xx_hal_gpio.c ****   * @retval None
 447:Drivers/STM32H7xx_HAL_Driver/Src/stm32h7xx_hal_gpio.c ****   */
 448:Drivers/STM32H7xx_HAL_Driver/Src/stm32h7xx_hal_gpio.c **** void HAL_GPIO_TogglePin(GPIO_TypeDef *GPIOx, uint16_t GPIO_Pin)
 449:Drivers/STM32H7xx_HAL_Driver/Src/stm32h7xx_hal_gpio.c **** {
 670              		.loc 1 449 0
 671              		.cfi_startproc
 672              		@ args = 0, pretend = 0, frame = 0
 673              		@ frame_needed = 0, uses_anonymous_args = 0
 674              		@ link register save eliminated.
 675              	.LVL67:
 450:Drivers/STM32H7xx_HAL_Driver/Src/stm32h7xx_hal_gpio.c ****   /* Check the parameters */
 451:Drivers/STM32H7xx_HAL_Driver/Src/stm32h7xx_hal_gpio.c ****   assert_param(IS_GPIO_PIN(GPIO_Pin));
 452:Drivers/STM32H7xx_HAL_Driver/Src/stm32h7xx_hal_gpio.c **** 
 453:Drivers/STM32H7xx_HAL_Driver/Src/stm32h7xx_hal_gpio.c ****   if ((GPIOx->ODR & GPIO_Pin) == GPIO_Pin)
 676              		.loc 1 453 0
 677 0000 4369     		ldr	r3, [r0, #20]
 678 0002 31EA0303 		bics	r3, r1, r3
 679 0006 01D0     		beq	.L64
 454:Drivers/STM32H7xx_HAL_Driver/Src/stm32h7xx_hal_gpio.c ****   {
 455:Drivers/STM32H7xx_HAL_Driver/Src/stm32h7xx_hal_gpio.c ****     GPIOx->BSRR = (uint32_t)GPIO_Pin << GPIO_NUMBER;
 456:Drivers/STM32H7xx_HAL_Driver/Src/stm32h7xx_hal_gpio.c ****   }
 457:Drivers/STM32H7xx_HAL_Driver/Src/stm32h7xx_hal_gpio.c ****   else
 458:Drivers/STM32H7xx_HAL_Driver/Src/stm32h7xx_hal_gpio.c ****   {
 459:Drivers/STM32H7xx_HAL_Driver/Src/stm32h7xx_hal_gpio.c ****     GPIOx->BSRR = GPIO_Pin;
 680              		.loc 1 459 0
 681 0008 8161     		str	r1, [r0, #24]
 682 000a 7047     		bx	lr
ARM GAS  /tmp/ccuyOoI7.s 			page 22


 683              	.L64:
 455:Drivers/STM32H7xx_HAL_Driver/Src/stm32h7xx_hal_gpio.c ****   }
 684              		.loc 1 455 0
 685 000c 0904     		lsls	r1, r1, #16
 686              	.LVL68:
 687 000e 8161     		str	r1, [r0, #24]
 688 0010 7047     		bx	lr
 689              		.cfi_endproc
 690              	.LFE145:
 692              		.section	.text.HAL_GPIO_LockPin,"ax",%progbits
 693              		.align	1
 694              		.global	HAL_GPIO_LockPin
 695              		.syntax unified
 696              		.thumb
 697              		.thumb_func
 698              		.fpu fpv5-d16
 700              	HAL_GPIO_LockPin:
 701              	.LFB146:
 460:Drivers/STM32H7xx_HAL_Driver/Src/stm32h7xx_hal_gpio.c ****   }
 461:Drivers/STM32H7xx_HAL_Driver/Src/stm32h7xx_hal_gpio.c **** }
 462:Drivers/STM32H7xx_HAL_Driver/Src/stm32h7xx_hal_gpio.c **** 
 463:Drivers/STM32H7xx_HAL_Driver/Src/stm32h7xx_hal_gpio.c **** /**
 464:Drivers/STM32H7xx_HAL_Driver/Src/stm32h7xx_hal_gpio.c ****   * @brief  Locks GPIO Pins configuration registers.
 465:Drivers/STM32H7xx_HAL_Driver/Src/stm32h7xx_hal_gpio.c ****   * @note   The locked registers are GPIOx_MODER, GPIOx_OTYPER, GPIOx_OSPEEDR,
 466:Drivers/STM32H7xx_HAL_Driver/Src/stm32h7xx_hal_gpio.c ****   *         GPIOx_PUPDR, GPIOx_AFRL and GPIOx_AFRH.
 467:Drivers/STM32H7xx_HAL_Driver/Src/stm32h7xx_hal_gpio.c ****   * @note   The configuration of the locked GPIO pins can no longer be modified
 468:Drivers/STM32H7xx_HAL_Driver/Src/stm32h7xx_hal_gpio.c ****   *         until the next reset.
 469:Drivers/STM32H7xx_HAL_Driver/Src/stm32h7xx_hal_gpio.c ****   * @param  GPIOx: where x can be (A..K) to select the GPIO peripheral for STM32H7 family
 470:Drivers/STM32H7xx_HAL_Driver/Src/stm32h7xx_hal_gpio.c ****   * @param  GPIO_Pin: specifies the port bit to be locked.
 471:Drivers/STM32H7xx_HAL_Driver/Src/stm32h7xx_hal_gpio.c ****   *         This parameter can be any combination of GPIO_PIN_x where x can be (0..15).
 472:Drivers/STM32H7xx_HAL_Driver/Src/stm32h7xx_hal_gpio.c ****   * @retval None
 473:Drivers/STM32H7xx_HAL_Driver/Src/stm32h7xx_hal_gpio.c ****   */
 474:Drivers/STM32H7xx_HAL_Driver/Src/stm32h7xx_hal_gpio.c **** HAL_StatusTypeDef HAL_GPIO_LockPin(GPIO_TypeDef *GPIOx, uint16_t GPIO_Pin)
 475:Drivers/STM32H7xx_HAL_Driver/Src/stm32h7xx_hal_gpio.c **** {
 702              		.loc 1 475 0
 703              		.cfi_startproc
 704              		@ args = 0, pretend = 0, frame = 8
 705              		@ frame_needed = 0, uses_anonymous_args = 0
 706              		@ link register save eliminated.
 707              	.LVL69:
 708 0000 82B0     		sub	sp, sp, #8
 709              	.LCFI5:
 710              		.cfi_def_cfa_offset 8
 476:Drivers/STM32H7xx_HAL_Driver/Src/stm32h7xx_hal_gpio.c ****   __IO uint32_t tmp = GPIO_LCKR_LCKK;
 711              		.loc 1 476 0
 712 0002 4FF48033 		mov	r3, #65536
 713 0006 0193     		str	r3, [sp, #4]
 477:Drivers/STM32H7xx_HAL_Driver/Src/stm32h7xx_hal_gpio.c **** 
 478:Drivers/STM32H7xx_HAL_Driver/Src/stm32h7xx_hal_gpio.c ****   /* Check the parameters */
 479:Drivers/STM32H7xx_HAL_Driver/Src/stm32h7xx_hal_gpio.c ****   assert_param(IS_GPIO_LOCK_INSTANCE(GPIOx));
 480:Drivers/STM32H7xx_HAL_Driver/Src/stm32h7xx_hal_gpio.c ****   assert_param(IS_GPIO_PIN(GPIO_Pin));
 481:Drivers/STM32H7xx_HAL_Driver/Src/stm32h7xx_hal_gpio.c **** 
 482:Drivers/STM32H7xx_HAL_Driver/Src/stm32h7xx_hal_gpio.c ****   /* Apply lock key write sequence */
 483:Drivers/STM32H7xx_HAL_Driver/Src/stm32h7xx_hal_gpio.c ****   tmp |= GPIO_Pin;
 714              		.loc 1 483 0
 715 0008 019B     		ldr	r3, [sp, #4]
 716 000a 0B43     		orrs	r3, r3, r1
ARM GAS  /tmp/ccuyOoI7.s 			page 23


 717 000c 0193     		str	r3, [sp, #4]
 484:Drivers/STM32H7xx_HAL_Driver/Src/stm32h7xx_hal_gpio.c ****   /* Set LCKx bit(s): LCKK='1' + LCK[15-0] */
 485:Drivers/STM32H7xx_HAL_Driver/Src/stm32h7xx_hal_gpio.c ****   GPIOx->LCKR = tmp;
 718              		.loc 1 485 0
 719 000e 019B     		ldr	r3, [sp, #4]
 720 0010 C361     		str	r3, [r0, #28]
 486:Drivers/STM32H7xx_HAL_Driver/Src/stm32h7xx_hal_gpio.c ****   /* Reset LCKx bit(s): LCKK='0' + LCK[15-0] */
 487:Drivers/STM32H7xx_HAL_Driver/Src/stm32h7xx_hal_gpio.c ****   GPIOx->LCKR = GPIO_Pin;
 721              		.loc 1 487 0
 722 0012 C161     		str	r1, [r0, #28]
 488:Drivers/STM32H7xx_HAL_Driver/Src/stm32h7xx_hal_gpio.c ****   /* Set LCKx bit(s): LCKK='1' + LCK[15-0] */
 489:Drivers/STM32H7xx_HAL_Driver/Src/stm32h7xx_hal_gpio.c ****   GPIOx->LCKR = tmp;
 723              		.loc 1 489 0
 724 0014 019B     		ldr	r3, [sp, #4]
 725 0016 C361     		str	r3, [r0, #28]
 490:Drivers/STM32H7xx_HAL_Driver/Src/stm32h7xx_hal_gpio.c ****   /* Read LCKK register. This read is mandatory to complete key lock sequence*/
 491:Drivers/STM32H7xx_HAL_Driver/Src/stm32h7xx_hal_gpio.c ****   tmp = GPIOx->LCKR;
 726              		.loc 1 491 0
 727 0018 C369     		ldr	r3, [r0, #28]
 728 001a 0193     		str	r3, [sp, #4]
 492:Drivers/STM32H7xx_HAL_Driver/Src/stm32h7xx_hal_gpio.c **** 
 493:Drivers/STM32H7xx_HAL_Driver/Src/stm32h7xx_hal_gpio.c ****   /* read again in order to confirm lock is active */
 494:Drivers/STM32H7xx_HAL_Driver/Src/stm32h7xx_hal_gpio.c ****   if ((GPIOx->LCKR & GPIO_LCKR_LCKK) != 0x00U)
 729              		.loc 1 494 0
 730 001c C369     		ldr	r3, [r0, #28]
 731 001e 13F4803F 		tst	r3, #65536
 732 0022 02D1     		bne	.L69
 495:Drivers/STM32H7xx_HAL_Driver/Src/stm32h7xx_hal_gpio.c ****   {
 496:Drivers/STM32H7xx_HAL_Driver/Src/stm32h7xx_hal_gpio.c ****     return HAL_OK;
 497:Drivers/STM32H7xx_HAL_Driver/Src/stm32h7xx_hal_gpio.c ****   }
 498:Drivers/STM32H7xx_HAL_Driver/Src/stm32h7xx_hal_gpio.c ****   else
 499:Drivers/STM32H7xx_HAL_Driver/Src/stm32h7xx_hal_gpio.c ****   {
 500:Drivers/STM32H7xx_HAL_Driver/Src/stm32h7xx_hal_gpio.c ****     return HAL_ERROR;
 733              		.loc 1 500 0
 734 0024 0120     		movs	r0, #1
 735              	.LVL70:
 736              	.L66:
 501:Drivers/STM32H7xx_HAL_Driver/Src/stm32h7xx_hal_gpio.c ****   }
 502:Drivers/STM32H7xx_HAL_Driver/Src/stm32h7xx_hal_gpio.c **** }
 737              		.loc 1 502 0
 738 0026 02B0     		add	sp, sp, #8
 739              	.LCFI6:
 740              		.cfi_remember_state
 741              		.cfi_def_cfa_offset 0
 742              		@ sp needed
 743 0028 7047     		bx	lr
 744              	.LVL71:
 745              	.L69:
 746              	.LCFI7:
 747              		.cfi_restore_state
 496:Drivers/STM32H7xx_HAL_Driver/Src/stm32h7xx_hal_gpio.c ****   }
 748              		.loc 1 496 0
 749 002a 0020     		movs	r0, #0
 750              	.LVL72:
 751 002c FBE7     		b	.L66
 752              		.cfi_endproc
 753              	.LFE146:
ARM GAS  /tmp/ccuyOoI7.s 			page 24


 755              		.section	.text.HAL_GPIO_EXTI_Callback,"ax",%progbits
 756              		.align	1
 757              		.weak	HAL_GPIO_EXTI_Callback
 758              		.syntax unified
 759              		.thumb
 760              		.thumb_func
 761              		.fpu fpv5-d16
 763              	HAL_GPIO_EXTI_Callback:
 764              	.LFB148:
 503:Drivers/STM32H7xx_HAL_Driver/Src/stm32h7xx_hal_gpio.c **** 
 504:Drivers/STM32H7xx_HAL_Driver/Src/stm32h7xx_hal_gpio.c **** /**
 505:Drivers/STM32H7xx_HAL_Driver/Src/stm32h7xx_hal_gpio.c ****   * @brief  Handle EXTI interrupt request.
 506:Drivers/STM32H7xx_HAL_Driver/Src/stm32h7xx_hal_gpio.c ****   * @param  GPIO_Pin: Specifies the port pin connected to corresponding EXTI line.
 507:Drivers/STM32H7xx_HAL_Driver/Src/stm32h7xx_hal_gpio.c ****   * @retval None
 508:Drivers/STM32H7xx_HAL_Driver/Src/stm32h7xx_hal_gpio.c ****   */
 509:Drivers/STM32H7xx_HAL_Driver/Src/stm32h7xx_hal_gpio.c **** void HAL_GPIO_EXTI_IRQHandler(uint16_t GPIO_Pin)
 510:Drivers/STM32H7xx_HAL_Driver/Src/stm32h7xx_hal_gpio.c **** {
 511:Drivers/STM32H7xx_HAL_Driver/Src/stm32h7xx_hal_gpio.c **** #if defined(DUAL_CORE) && defined(CORE_CM4)
 512:Drivers/STM32H7xx_HAL_Driver/Src/stm32h7xx_hal_gpio.c ****   if (__HAL_GPIO_EXTID2_GET_IT(GPIO_Pin) != 0x00U)
 513:Drivers/STM32H7xx_HAL_Driver/Src/stm32h7xx_hal_gpio.c ****   {
 514:Drivers/STM32H7xx_HAL_Driver/Src/stm32h7xx_hal_gpio.c ****     __HAL_GPIO_EXTID2_CLEAR_IT(GPIO_Pin);
 515:Drivers/STM32H7xx_HAL_Driver/Src/stm32h7xx_hal_gpio.c ****     HAL_GPIO_EXTI_Callback(GPIO_Pin);
 516:Drivers/STM32H7xx_HAL_Driver/Src/stm32h7xx_hal_gpio.c ****   }
 517:Drivers/STM32H7xx_HAL_Driver/Src/stm32h7xx_hal_gpio.c **** #else
 518:Drivers/STM32H7xx_HAL_Driver/Src/stm32h7xx_hal_gpio.c ****   /* EXTI line interrupt detected */
 519:Drivers/STM32H7xx_HAL_Driver/Src/stm32h7xx_hal_gpio.c ****   if (__HAL_GPIO_EXTI_GET_IT(GPIO_Pin) != 0x00U)
 520:Drivers/STM32H7xx_HAL_Driver/Src/stm32h7xx_hal_gpio.c ****   {
 521:Drivers/STM32H7xx_HAL_Driver/Src/stm32h7xx_hal_gpio.c ****     __HAL_GPIO_EXTI_CLEAR_IT(GPIO_Pin);
 522:Drivers/STM32H7xx_HAL_Driver/Src/stm32h7xx_hal_gpio.c ****     HAL_GPIO_EXTI_Callback(GPIO_Pin);
 523:Drivers/STM32H7xx_HAL_Driver/Src/stm32h7xx_hal_gpio.c ****   }
 524:Drivers/STM32H7xx_HAL_Driver/Src/stm32h7xx_hal_gpio.c **** #endif
 525:Drivers/STM32H7xx_HAL_Driver/Src/stm32h7xx_hal_gpio.c **** }
 526:Drivers/STM32H7xx_HAL_Driver/Src/stm32h7xx_hal_gpio.c **** 
 527:Drivers/STM32H7xx_HAL_Driver/Src/stm32h7xx_hal_gpio.c **** /**
 528:Drivers/STM32H7xx_HAL_Driver/Src/stm32h7xx_hal_gpio.c ****   * @brief  EXTI line detection callback.
 529:Drivers/STM32H7xx_HAL_Driver/Src/stm32h7xx_hal_gpio.c ****   * @param  GPIO_Pin: Specifies the port pin connected to corresponding EXTI line.
 530:Drivers/STM32H7xx_HAL_Driver/Src/stm32h7xx_hal_gpio.c ****   * @retval None
 531:Drivers/STM32H7xx_HAL_Driver/Src/stm32h7xx_hal_gpio.c ****   */
 532:Drivers/STM32H7xx_HAL_Driver/Src/stm32h7xx_hal_gpio.c **** __weak void HAL_GPIO_EXTI_Callback(uint16_t GPIO_Pin)
 533:Drivers/STM32H7xx_HAL_Driver/Src/stm32h7xx_hal_gpio.c **** {
 765              		.loc 1 533 0
 766              		.cfi_startproc
 767              		@ args = 0, pretend = 0, frame = 0
 768              		@ frame_needed = 0, uses_anonymous_args = 0
 769              		@ link register save eliminated.
 770              	.LVL73:
 771 0000 7047     		bx	lr
 772              		.cfi_endproc
 773              	.LFE148:
 775              		.section	.text.HAL_GPIO_EXTI_IRQHandler,"ax",%progbits
 776              		.align	1
 777              		.global	HAL_GPIO_EXTI_IRQHandler
 778              		.syntax unified
 779              		.thumb
 780              		.thumb_func
 781              		.fpu fpv5-d16
 783              	HAL_GPIO_EXTI_IRQHandler:
ARM GAS  /tmp/ccuyOoI7.s 			page 25


 784              	.LFB147:
 510:Drivers/STM32H7xx_HAL_Driver/Src/stm32h7xx_hal_gpio.c **** #if defined(DUAL_CORE) && defined(CORE_CM4)
 785              		.loc 1 510 0
 786              		.cfi_startproc
 787              		@ args = 0, pretend = 0, frame = 0
 788              		@ frame_needed = 0, uses_anonymous_args = 0
 789              	.LVL74:
 510:Drivers/STM32H7xx_HAL_Driver/Src/stm32h7xx_hal_gpio.c **** #if defined(DUAL_CORE) && defined(CORE_CM4)
 790              		.loc 1 510 0
 791 0000 08B5     		push	{r3, lr}
 792              	.LCFI8:
 793              		.cfi_def_cfa_offset 8
 794              		.cfi_offset 3, -8
 795              		.cfi_offset 14, -4
 519:Drivers/STM32H7xx_HAL_Driver/Src/stm32h7xx_hal_gpio.c ****   {
 796              		.loc 1 519 0
 797 0002 054B     		ldr	r3, .L75
 798 0004 9B68     		ldr	r3, [r3, #8]
 799 0006 0342     		tst	r3, r0
 800 0008 00D1     		bne	.L74
 801              	.LVL75:
 802              	.L71:
 803 000a 08BD     		pop	{r3, pc}
 804              	.LVL76:
 805              	.L74:
 521:Drivers/STM32H7xx_HAL_Driver/Src/stm32h7xx_hal_gpio.c ****     HAL_GPIO_EXTI_Callback(GPIO_Pin);
 806              		.loc 1 521 0
 807 000c 024B     		ldr	r3, .L75
 808 000e 9860     		str	r0, [r3, #8]
 522:Drivers/STM32H7xx_HAL_Driver/Src/stm32h7xx_hal_gpio.c ****   }
 809              		.loc 1 522 0
 810 0010 FFF7FEFF 		bl	HAL_GPIO_EXTI_Callback
 811              	.LVL77:
 525:Drivers/STM32H7xx_HAL_Driver/Src/stm32h7xx_hal_gpio.c **** 
 812              		.loc 1 525 0
 813 0014 F9E7     		b	.L71
 814              	.L76:
 815 0016 00BF     		.align	2
 816              	.L75:
 817 0018 80000058 		.word	1476395136
 818              		.cfi_endproc
 819              	.LFE147:
 821              		.text
 822              	.Letext0:
 823              		.file 2 "/usr/include/newlib/machine/_default_types.h"
 824              		.file 3 "/usr/include/newlib/sys/_stdint.h"
 825              		.file 4 "Drivers/CMSIS/Include/core_cm7.h"
 826              		.file 5 "Drivers/CMSIS/Device/ST/STM32H7xx/Include/system_stm32h7xx.h"
 827              		.file 6 "Drivers/CMSIS/Device/ST/STM32H7xx/Include/stm32h743xx.h"
 828              		.file 7 "/usr/include/newlib/sys/lock.h"
 829              		.file 8 "/usr/include/newlib/sys/_types.h"
 830              		.file 9 "/usr/lib/gcc/arm-none-eabi/6.3.1/include/stddef.h"
 831              		.file 10 "/usr/include/newlib/sys/reent.h"
 832              		.file 11 "/usr/include/newlib/math.h"
 833              		.file 12 "Drivers/STM32H7xx_HAL_Driver/Inc/stm32h7xx_hal_def.h"
 834              		.file 13 "Drivers/STM32H7xx_HAL_Driver/Inc/stm32h7xx_hal_gpio.h"
 835              		.file 14 "Drivers/STM32H7xx_HAL_Driver/Inc/stm32h7xx_hal_flash.h"
ARM GAS  /tmp/ccuyOoI7.s 			page 26


 836              		.file 15 "Drivers/STM32H7xx_HAL_Driver/Inc/stm32h7xx_hal.h"
ARM GAS  /tmp/ccuyOoI7.s 			page 27


DEFINED SYMBOLS
                            *ABS*:0000000000000000 stm32h7xx_hal_gpio.c
     /tmp/ccuyOoI7.s:17     .text.HAL_GPIO_Init:0000000000000000 $t
     /tmp/ccuyOoI7.s:24     .text.HAL_GPIO_Init:0000000000000000 HAL_GPIO_Init
     /tmp/ccuyOoI7.s:362    .text.HAL_GPIO_Init:00000000000001d4 $d
     /tmp/ccuyOoI7.s:371    .text.HAL_GPIO_DeInit:0000000000000000 $t
     /tmp/ccuyOoI7.s:378    .text.HAL_GPIO_DeInit:0000000000000000 HAL_GPIO_DeInit
     /tmp/ccuyOoI7.s:589    .text.HAL_GPIO_DeInit:000000000000013c $d
     /tmp/ccuyOoI7.s:596    .text.HAL_GPIO_ReadPin:0000000000000000 $t
     /tmp/ccuyOoI7.s:603    .text.HAL_GPIO_ReadPin:0000000000000000 HAL_GPIO_ReadPin
     /tmp/ccuyOoI7.s:630    .text.HAL_GPIO_WritePin:0000000000000000 $t
     /tmp/ccuyOoI7.s:637    .text.HAL_GPIO_WritePin:0000000000000000 HAL_GPIO_WritePin
     /tmp/ccuyOoI7.s:661    .text.HAL_GPIO_TogglePin:0000000000000000 $t
     /tmp/ccuyOoI7.s:668    .text.HAL_GPIO_TogglePin:0000000000000000 HAL_GPIO_TogglePin
     /tmp/ccuyOoI7.s:693    .text.HAL_GPIO_LockPin:0000000000000000 $t
     /tmp/ccuyOoI7.s:700    .text.HAL_GPIO_LockPin:0000000000000000 HAL_GPIO_LockPin
     /tmp/ccuyOoI7.s:756    .text.HAL_GPIO_EXTI_Callback:0000000000000000 $t
     /tmp/ccuyOoI7.s:763    .text.HAL_GPIO_EXTI_Callback:0000000000000000 HAL_GPIO_EXTI_Callback
     /tmp/ccuyOoI7.s:776    .text.HAL_GPIO_EXTI_IRQHandler:0000000000000000 $t
     /tmp/ccuyOoI7.s:783    .text.HAL_GPIO_EXTI_IRQHandler:0000000000000000 HAL_GPIO_EXTI_IRQHandler
     /tmp/ccuyOoI7.s:817    .text.HAL_GPIO_EXTI_IRQHandler:0000000000000018 $d
                     .debug_frame:0000000000000010 $d

NO UNDEFINED SYMBOLS
