ARM GAS  /tmp/ccTyiAO3.s 			page 1


   1              		.cpu cortex-m7
   2              		.eabi_attribute 28, 1
   3              		.eabi_attribute 20, 1
   4              		.eabi_attribute 21, 1
   5              		.eabi_attribute 23, 3
   6              		.eabi_attribute 24, 1
   7              		.eabi_attribute 25, 1
   8              		.eabi_attribute 26, 1
   9              		.eabi_attribute 30, 1
  10              		.eabi_attribute 34, 1
  11              		.eabi_attribute 18, 4
  12              		.file	"stm32h7xx_hal_msp.c"
  13              		.text
  14              	.Ltext0:
  15              		.cfi_sections	.debug_frame
  16              		.section	.text.HAL_MspInit,"ax",%progbits
  17              		.align	1
  18              		.global	HAL_MspInit
  19              		.syntax unified
  20              		.thumb
  21              		.thumb_func
  22              		.fpu fpv5-d16
  24              	HAL_MspInit:
  25              	.LFB141:
  26              		.file 1 "Src/stm32h7xx_hal_msp.c"
   1:Src/stm32h7xx_hal_msp.c **** /* USER CODE BEGIN Header */
   2:Src/stm32h7xx_hal_msp.c **** /**
   3:Src/stm32h7xx_hal_msp.c ****   ******************************************************************************
   4:Src/stm32h7xx_hal_msp.c ****   * File Name          : stm32h7xx_hal_msp.c
   5:Src/stm32h7xx_hal_msp.c ****   * Description        : This file provides code for the MSP Initialization 
   6:Src/stm32h7xx_hal_msp.c ****   *                      and de-Initialization codes.
   7:Src/stm32h7xx_hal_msp.c ****   ******************************************************************************
   8:Src/stm32h7xx_hal_msp.c ****   * @attention
   9:Src/stm32h7xx_hal_msp.c ****   *
  10:Src/stm32h7xx_hal_msp.c ****   * <h2><center>&copy; Copyright (c) 2019 STMicroelectronics.
  11:Src/stm32h7xx_hal_msp.c ****   * All rights reserved.</center></h2>
  12:Src/stm32h7xx_hal_msp.c ****   *
  13:Src/stm32h7xx_hal_msp.c ****   * This software component is licensed by ST under Ultimate Liberty license
  14:Src/stm32h7xx_hal_msp.c ****   * SLA0044, the "License"; You may not use this file except in compliance with
  15:Src/stm32h7xx_hal_msp.c ****   * the License. You may obtain a copy of the License at:
  16:Src/stm32h7xx_hal_msp.c ****   *                             www.st.com/SLA0044
  17:Src/stm32h7xx_hal_msp.c ****   *
  18:Src/stm32h7xx_hal_msp.c ****   ******************************************************************************
  19:Src/stm32h7xx_hal_msp.c ****   */
  20:Src/stm32h7xx_hal_msp.c **** /* USER CODE END Header */
  21:Src/stm32h7xx_hal_msp.c **** 
  22:Src/stm32h7xx_hal_msp.c **** /* Includes ------------------------------------------------------------------*/
  23:Src/stm32h7xx_hal_msp.c **** #include "main.h"
  24:Src/stm32h7xx_hal_msp.c **** /* USER CODE BEGIN Includes */
  25:Src/stm32h7xx_hal_msp.c **** 
  26:Src/stm32h7xx_hal_msp.c **** /* USER CODE END Includes */
  27:Src/stm32h7xx_hal_msp.c **** 
  28:Src/stm32h7xx_hal_msp.c **** /* Private typedef -----------------------------------------------------------*/
  29:Src/stm32h7xx_hal_msp.c **** /* USER CODE BEGIN TD */
  30:Src/stm32h7xx_hal_msp.c **** 
  31:Src/stm32h7xx_hal_msp.c **** /* USER CODE END TD */
  32:Src/stm32h7xx_hal_msp.c **** 
ARM GAS  /tmp/ccTyiAO3.s 			page 2


  33:Src/stm32h7xx_hal_msp.c **** /* Private define ------------------------------------------------------------*/
  34:Src/stm32h7xx_hal_msp.c **** /* USER CODE BEGIN Define */
  35:Src/stm32h7xx_hal_msp.c ****  
  36:Src/stm32h7xx_hal_msp.c **** /* USER CODE END Define */
  37:Src/stm32h7xx_hal_msp.c **** 
  38:Src/stm32h7xx_hal_msp.c **** /* Private macro -------------------------------------------------------------*/
  39:Src/stm32h7xx_hal_msp.c **** /* USER CODE BEGIN Macro */
  40:Src/stm32h7xx_hal_msp.c **** 
  41:Src/stm32h7xx_hal_msp.c **** /* USER CODE END Macro */
  42:Src/stm32h7xx_hal_msp.c **** 
  43:Src/stm32h7xx_hal_msp.c **** /* Private variables ---------------------------------------------------------*/
  44:Src/stm32h7xx_hal_msp.c **** /* USER CODE BEGIN PV */
  45:Src/stm32h7xx_hal_msp.c **** 
  46:Src/stm32h7xx_hal_msp.c **** /* USER CODE END PV */
  47:Src/stm32h7xx_hal_msp.c **** 
  48:Src/stm32h7xx_hal_msp.c **** /* Private function prototypes -----------------------------------------------*/
  49:Src/stm32h7xx_hal_msp.c **** /* USER CODE BEGIN PFP */
  50:Src/stm32h7xx_hal_msp.c **** 
  51:Src/stm32h7xx_hal_msp.c **** /* USER CODE END PFP */
  52:Src/stm32h7xx_hal_msp.c **** 
  53:Src/stm32h7xx_hal_msp.c **** /* External functions --------------------------------------------------------*/
  54:Src/stm32h7xx_hal_msp.c **** /* USER CODE BEGIN ExternalFunctions */
  55:Src/stm32h7xx_hal_msp.c **** 
  56:Src/stm32h7xx_hal_msp.c **** /* USER CODE END ExternalFunctions */
  57:Src/stm32h7xx_hal_msp.c **** 
  58:Src/stm32h7xx_hal_msp.c **** /* USER CODE BEGIN 0 */
  59:Src/stm32h7xx_hal_msp.c **** 
  60:Src/stm32h7xx_hal_msp.c **** /* USER CODE END 0 */
  61:Src/stm32h7xx_hal_msp.c **** /**
  62:Src/stm32h7xx_hal_msp.c ****   * Initializes the Global MSP.
  63:Src/stm32h7xx_hal_msp.c ****   */
  64:Src/stm32h7xx_hal_msp.c **** void HAL_MspInit(void)
  65:Src/stm32h7xx_hal_msp.c **** {
  27              		.loc 1 65 0
  28              		.cfi_startproc
  29              		@ args = 0, pretend = 0, frame = 8
  30              		@ frame_needed = 0, uses_anonymous_args = 0
  31              		@ link register save eliminated.
  32 0000 82B0     		sub	sp, sp, #8
  33              	.LCFI0:
  34              		.cfi_def_cfa_offset 8
  35              	.LBB2:
  66:Src/stm32h7xx_hal_msp.c ****   /* USER CODE BEGIN MspInit 0 */
  67:Src/stm32h7xx_hal_msp.c **** 
  68:Src/stm32h7xx_hal_msp.c ****   /* USER CODE END MspInit 0 */
  69:Src/stm32h7xx_hal_msp.c **** 
  70:Src/stm32h7xx_hal_msp.c ****   __HAL_RCC_SYSCFG_CLK_ENABLE();
  36              		.loc 1 70 0
  37 0002 074B     		ldr	r3, .L3
  38 0004 D3F8F420 		ldr	r2, [r3, #244]
  39 0008 42F00202 		orr	r2, r2, #2
  40 000c C3F8F420 		str	r2, [r3, #244]
  41 0010 D3F8F430 		ldr	r3, [r3, #244]
  42 0014 03F00203 		and	r3, r3, #2
  43 0018 0193     		str	r3, [sp, #4]
  44 001a 019B     		ldr	r3, [sp, #4]
  45              	.LBE2:
ARM GAS  /tmp/ccTyiAO3.s 			page 3


  71:Src/stm32h7xx_hal_msp.c **** 
  72:Src/stm32h7xx_hal_msp.c ****   /* System interrupt init*/
  73:Src/stm32h7xx_hal_msp.c **** 
  74:Src/stm32h7xx_hal_msp.c ****   /* USER CODE BEGIN MspInit 1 */
  75:Src/stm32h7xx_hal_msp.c **** 
  76:Src/stm32h7xx_hal_msp.c ****   /* USER CODE END MspInit 1 */
  77:Src/stm32h7xx_hal_msp.c **** }
  46              		.loc 1 77 0
  47 001c 02B0     		add	sp, sp, #8
  48              	.LCFI1:
  49              		.cfi_def_cfa_offset 0
  50              		@ sp needed
  51 001e 7047     		bx	lr
  52              	.L4:
  53              		.align	2
  54              	.L3:
  55 0020 00440258 		.word	1476543488
  56              		.cfi_endproc
  57              	.LFE141:
  59              		.section	.text.HAL_TIM_Base_MspInit,"ax",%progbits
  60              		.align	1
  61              		.global	HAL_TIM_Base_MspInit
  62              		.syntax unified
  63              		.thumb
  64              		.thumb_func
  65              		.fpu fpv5-d16
  67              	HAL_TIM_Base_MspInit:
  68              	.LFB142:
  78:Src/stm32h7xx_hal_msp.c **** 
  79:Src/stm32h7xx_hal_msp.c **** /**
  80:Src/stm32h7xx_hal_msp.c **** * @brief TIM_Base MSP Initialization
  81:Src/stm32h7xx_hal_msp.c **** * This function configures the hardware resources used in this example
  82:Src/stm32h7xx_hal_msp.c **** * @param htim_base: TIM_Base handle pointer
  83:Src/stm32h7xx_hal_msp.c **** * @retval None
  84:Src/stm32h7xx_hal_msp.c **** */
  85:Src/stm32h7xx_hal_msp.c **** void HAL_TIM_Base_MspInit(TIM_HandleTypeDef* htim_base)
  86:Src/stm32h7xx_hal_msp.c **** {
  69              		.loc 1 86 0
  70              		.cfi_startproc
  71              		@ args = 0, pretend = 0, frame = 8
  72              		@ frame_needed = 0, uses_anonymous_args = 0
  73              		@ link register save eliminated.
  74              	.LVL0:
  87:Src/stm32h7xx_hal_msp.c ****   if(htim_base->Instance==TIM2)
  75              		.loc 1 87 0
  76 0000 0368     		ldr	r3, [r0]
  77 0002 B3F1804F 		cmp	r3, #1073741824
  78 0006 00D0     		beq	.L12
  79              	.L11:
  88:Src/stm32h7xx_hal_msp.c ****   {
  89:Src/stm32h7xx_hal_msp.c ****   /* USER CODE BEGIN TIM2_MspInit 0 */
  90:Src/stm32h7xx_hal_msp.c **** 
  91:Src/stm32h7xx_hal_msp.c ****   /* USER CODE END TIM2_MspInit 0 */
  92:Src/stm32h7xx_hal_msp.c ****     /* Peripheral clock enable */
  93:Src/stm32h7xx_hal_msp.c ****     __HAL_RCC_TIM2_CLK_ENABLE();
  94:Src/stm32h7xx_hal_msp.c ****   /* USER CODE BEGIN TIM2_MspInit 1 */
  95:Src/stm32h7xx_hal_msp.c **** 
ARM GAS  /tmp/ccTyiAO3.s 			page 4


  96:Src/stm32h7xx_hal_msp.c ****   /* USER CODE END TIM2_MspInit 1 */
  97:Src/stm32h7xx_hal_msp.c ****   }
  98:Src/stm32h7xx_hal_msp.c **** 
  99:Src/stm32h7xx_hal_msp.c **** }
  80              		.loc 1 99 0
  81 0008 7047     		bx	lr
  82              	.L12:
  86:Src/stm32h7xx_hal_msp.c ****   if(htim_base->Instance==TIM2)
  83              		.loc 1 86 0
  84 000a 82B0     		sub	sp, sp, #8
  85              	.LCFI2:
  86              		.cfi_def_cfa_offset 8
  87              	.LBB3:
  93:Src/stm32h7xx_hal_msp.c ****   /* USER CODE BEGIN TIM2_MspInit 1 */
  88              		.loc 1 93 0
  89 000c 074B     		ldr	r3, .L13
  90 000e D3F8E820 		ldr	r2, [r3, #232]
  91 0012 42F00102 		orr	r2, r2, #1
  92 0016 C3F8E820 		str	r2, [r3, #232]
  93 001a D3F8E830 		ldr	r3, [r3, #232]
  94 001e 03F00103 		and	r3, r3, #1
  95 0022 0193     		str	r3, [sp, #4]
  96 0024 019B     		ldr	r3, [sp, #4]
  97              	.LBE3:
  98              		.loc 1 99 0
  99 0026 02B0     		add	sp, sp, #8
 100              	.LCFI3:
 101              		.cfi_def_cfa_offset 0
 102              		@ sp needed
 103 0028 EEE7     		b	.L11
 104              	.L14:
 105 002a 00BF     		.align	2
 106              	.L13:
 107 002c 00440258 		.word	1476543488
 108              		.cfi_endproc
 109              	.LFE142:
 111              		.section	.text.HAL_TIM_Base_MspDeInit,"ax",%progbits
 112              		.align	1
 113              		.global	HAL_TIM_Base_MspDeInit
 114              		.syntax unified
 115              		.thumb
 116              		.thumb_func
 117              		.fpu fpv5-d16
 119              	HAL_TIM_Base_MspDeInit:
 120              	.LFB143:
 100:Src/stm32h7xx_hal_msp.c **** 
 101:Src/stm32h7xx_hal_msp.c **** /**
 102:Src/stm32h7xx_hal_msp.c **** * @brief TIM_Base MSP De-Initialization
 103:Src/stm32h7xx_hal_msp.c **** * This function freeze the hardware resources used in this example
 104:Src/stm32h7xx_hal_msp.c **** * @param htim_base: TIM_Base handle pointer
 105:Src/stm32h7xx_hal_msp.c **** * @retval None
 106:Src/stm32h7xx_hal_msp.c **** */
 107:Src/stm32h7xx_hal_msp.c **** void HAL_TIM_Base_MspDeInit(TIM_HandleTypeDef* htim_base)
 108:Src/stm32h7xx_hal_msp.c **** {
 121              		.loc 1 108 0
 122              		.cfi_startproc
 123              		@ args = 0, pretend = 0, frame = 0
ARM GAS  /tmp/ccTyiAO3.s 			page 5


 124              		@ frame_needed = 0, uses_anonymous_args = 0
 125              		@ link register save eliminated.
 126              	.LVL1:
 109:Src/stm32h7xx_hal_msp.c ****   if(htim_base->Instance==TIM2)
 127              		.loc 1 109 0
 128 0000 0368     		ldr	r3, [r0]
 129 0002 B3F1804F 		cmp	r3, #1073741824
 130 0006 00D0     		beq	.L17
 131              	.L15:
 132 0008 7047     		bx	lr
 133              	.L17:
 110:Src/stm32h7xx_hal_msp.c ****   {
 111:Src/stm32h7xx_hal_msp.c ****   /* USER CODE BEGIN TIM2_MspDeInit 0 */
 112:Src/stm32h7xx_hal_msp.c **** 
 113:Src/stm32h7xx_hal_msp.c ****   /* USER CODE END TIM2_MspDeInit 0 */
 114:Src/stm32h7xx_hal_msp.c ****     /* Peripheral clock disable */
 115:Src/stm32h7xx_hal_msp.c ****     __HAL_RCC_TIM2_CLK_DISABLE();
 134              		.loc 1 115 0
 135 000a 044A     		ldr	r2, .L18
 136 000c D2F8E830 		ldr	r3, [r2, #232]
 137 0010 23F00103 		bic	r3, r3, #1
 138 0014 C2F8E830 		str	r3, [r2, #232]
 116:Src/stm32h7xx_hal_msp.c ****   /* USER CODE BEGIN TIM2_MspDeInit 1 */
 117:Src/stm32h7xx_hal_msp.c **** 
 118:Src/stm32h7xx_hal_msp.c ****   /* USER CODE END TIM2_MspDeInit 1 */
 119:Src/stm32h7xx_hal_msp.c ****   }
 120:Src/stm32h7xx_hal_msp.c **** 
 121:Src/stm32h7xx_hal_msp.c **** }
 139              		.loc 1 121 0
 140 0018 F6E7     		b	.L15
 141              	.L19:
 142 001a 00BF     		.align	2
 143              	.L18:
 144 001c 00440258 		.word	1476543488
 145              		.cfi_endproc
 146              	.LFE143:
 148              		.section	.text.HAL_PCD_MspInit,"ax",%progbits
 149              		.align	1
 150              		.global	HAL_PCD_MspInit
 151              		.syntax unified
 152              		.thumb
 153              		.thumb_func
 154              		.fpu fpv5-d16
 156              	HAL_PCD_MspInit:
 157              	.LFB144:
 122:Src/stm32h7xx_hal_msp.c **** 
 123:Src/stm32h7xx_hal_msp.c **** /**
 124:Src/stm32h7xx_hal_msp.c **** * @brief PCD MSP Initialization
 125:Src/stm32h7xx_hal_msp.c **** * This function configures the hardware resources used in this example
 126:Src/stm32h7xx_hal_msp.c **** * @param hpcd: PCD handle pointer
 127:Src/stm32h7xx_hal_msp.c **** * @retval None
 128:Src/stm32h7xx_hal_msp.c **** */
 129:Src/stm32h7xx_hal_msp.c **** void HAL_PCD_MspInit(PCD_HandleTypeDef* hpcd)
 130:Src/stm32h7xx_hal_msp.c **** {
 158              		.loc 1 130 0
 159              		.cfi_startproc
 160              		@ args = 0, pretend = 0, frame = 32
ARM GAS  /tmp/ccTyiAO3.s 			page 6


 161              		@ frame_needed = 0, uses_anonymous_args = 0
 162              	.LVL2:
 163 0000 10B5     		push	{r4, lr}
 164              	.LCFI4:
 165              		.cfi_def_cfa_offset 8
 166              		.cfi_offset 4, -8
 167              		.cfi_offset 14, -4
 168 0002 88B0     		sub	sp, sp, #32
 169              	.LCFI5:
 170              		.cfi_def_cfa_offset 40
 131:Src/stm32h7xx_hal_msp.c ****   GPIO_InitTypeDef GPIO_InitStruct = {0};
 171              		.loc 1 131 0
 172 0004 0023     		movs	r3, #0
 173 0006 0393     		str	r3, [sp, #12]
 174 0008 0493     		str	r3, [sp, #16]
 175 000a 0593     		str	r3, [sp, #20]
 176 000c 0693     		str	r3, [sp, #24]
 177 000e 0793     		str	r3, [sp, #28]
 132:Src/stm32h7xx_hal_msp.c ****   if(hpcd->Instance==USB_OTG_FS)
 178              		.loc 1 132 0
 179 0010 0268     		ldr	r2, [r0]
 180 0012 154B     		ldr	r3, .L24
 181 0014 9A42     		cmp	r2, r3
 182 0016 01D0     		beq	.L23
 183              	.LVL3:
 184              	.L20:
 133:Src/stm32h7xx_hal_msp.c ****   {
 134:Src/stm32h7xx_hal_msp.c ****   /* USER CODE BEGIN USB_OTG_FS_MspInit 0 */
 135:Src/stm32h7xx_hal_msp.c **** 
 136:Src/stm32h7xx_hal_msp.c ****   /* USER CODE END USB_OTG_FS_MspInit 0 */
 137:Src/stm32h7xx_hal_msp.c ****   
 138:Src/stm32h7xx_hal_msp.c ****     __HAL_RCC_GPIOA_CLK_ENABLE();
 139:Src/stm32h7xx_hal_msp.c ****     /**USB_OTG_FS GPIO Configuration    
 140:Src/stm32h7xx_hal_msp.c ****     PA11     ------> USB_OTG_FS_DM
 141:Src/stm32h7xx_hal_msp.c ****     PA12     ------> USB_OTG_FS_DP 
 142:Src/stm32h7xx_hal_msp.c ****     */
 143:Src/stm32h7xx_hal_msp.c ****     GPIO_InitStruct.Pin = GPIO_PIN_11|GPIO_PIN_12;
 144:Src/stm32h7xx_hal_msp.c ****     GPIO_InitStruct.Mode = GPIO_MODE_AF_PP;
 145:Src/stm32h7xx_hal_msp.c ****     GPIO_InitStruct.Pull = GPIO_NOPULL;
 146:Src/stm32h7xx_hal_msp.c ****     GPIO_InitStruct.Speed = GPIO_SPEED_FREQ_LOW;
 147:Src/stm32h7xx_hal_msp.c ****     GPIO_InitStruct.Alternate = GPIO_AF10_OTG1_FS;
 148:Src/stm32h7xx_hal_msp.c ****     HAL_GPIO_Init(GPIOA, &GPIO_InitStruct);
 149:Src/stm32h7xx_hal_msp.c **** 
 150:Src/stm32h7xx_hal_msp.c ****     /* Peripheral clock enable */
 151:Src/stm32h7xx_hal_msp.c ****     __HAL_RCC_USB_OTG_FS_CLK_ENABLE();
 152:Src/stm32h7xx_hal_msp.c ****   /* USER CODE BEGIN USB_OTG_FS_MspInit 1 */
 153:Src/stm32h7xx_hal_msp.c **** 
 154:Src/stm32h7xx_hal_msp.c ****   /* USER CODE END USB_OTG_FS_MspInit 1 */
 155:Src/stm32h7xx_hal_msp.c ****   }
 156:Src/stm32h7xx_hal_msp.c **** 
 157:Src/stm32h7xx_hal_msp.c **** }
 185              		.loc 1 157 0
 186 0018 08B0     		add	sp, sp, #32
 187              	.LCFI6:
 188              		.cfi_remember_state
 189              		.cfi_def_cfa_offset 8
 190              		@ sp needed
ARM GAS  /tmp/ccTyiAO3.s 			page 7


 191 001a 10BD     		pop	{r4, pc}
 192              	.LVL4:
 193              	.L23:
 194              	.LCFI7:
 195              		.cfi_restore_state
 196              	.LBB4:
 138:Src/stm32h7xx_hal_msp.c ****     /**USB_OTG_FS GPIO Configuration    
 197              		.loc 1 138 0
 198 001c 134C     		ldr	r4, .L24+4
 199 001e D4F8E030 		ldr	r3, [r4, #224]
 200 0022 43F00103 		orr	r3, r3, #1
 201 0026 C4F8E030 		str	r3, [r4, #224]
 202 002a D4F8E030 		ldr	r3, [r4, #224]
 203 002e 03F00103 		and	r3, r3, #1
 204 0032 0193     		str	r3, [sp, #4]
 205 0034 019B     		ldr	r3, [sp, #4]
 206              	.LBE4:
 143:Src/stm32h7xx_hal_msp.c ****     GPIO_InitStruct.Mode = GPIO_MODE_AF_PP;
 207              		.loc 1 143 0
 208 0036 4FF4C053 		mov	r3, #6144
 209 003a 0393     		str	r3, [sp, #12]
 144:Src/stm32h7xx_hal_msp.c ****     GPIO_InitStruct.Pull = GPIO_NOPULL;
 210              		.loc 1 144 0
 211 003c 0223     		movs	r3, #2
 212 003e 0493     		str	r3, [sp, #16]
 147:Src/stm32h7xx_hal_msp.c ****     HAL_GPIO_Init(GPIOA, &GPIO_InitStruct);
 213              		.loc 1 147 0
 214 0040 0A23     		movs	r3, #10
 215 0042 0793     		str	r3, [sp, #28]
 148:Src/stm32h7xx_hal_msp.c **** 
 216              		.loc 1 148 0
 217 0044 03A9     		add	r1, sp, #12
 218 0046 0A48     		ldr	r0, .L24+8
 219              	.LVL5:
 220 0048 FFF7FEFF 		bl	HAL_GPIO_Init
 221              	.LVL6:
 222              	.LBB5:
 151:Src/stm32h7xx_hal_msp.c ****   /* USER CODE BEGIN USB_OTG_FS_MspInit 1 */
 223              		.loc 1 151 0
 224 004c D4F8D830 		ldr	r3, [r4, #216]
 225 0050 43F00063 		orr	r3, r3, #134217728
 226 0054 C4F8D830 		str	r3, [r4, #216]
 227 0058 D4F8D830 		ldr	r3, [r4, #216]
 228 005c 03F00063 		and	r3, r3, #134217728
 229 0060 0293     		str	r3, [sp, #8]
 230 0062 029B     		ldr	r3, [sp, #8]
 231              	.LBE5:
 232              		.loc 1 157 0
 233 0064 D8E7     		b	.L20
 234              	.L25:
 235 0066 00BF     		.align	2
 236              	.L24:
 237 0068 00000840 		.word	1074266112
 238 006c 00440258 		.word	1476543488
 239 0070 00000258 		.word	1476526080
 240              		.cfi_endproc
 241              	.LFE144:
ARM GAS  /tmp/ccTyiAO3.s 			page 8


 243              		.section	.text.HAL_PCD_MspDeInit,"ax",%progbits
 244              		.align	1
 245              		.global	HAL_PCD_MspDeInit
 246              		.syntax unified
 247              		.thumb
 248              		.thumb_func
 249              		.fpu fpv5-d16
 251              	HAL_PCD_MspDeInit:
 252              	.LFB145:
 158:Src/stm32h7xx_hal_msp.c **** 
 159:Src/stm32h7xx_hal_msp.c **** /**
 160:Src/stm32h7xx_hal_msp.c **** * @brief PCD MSP De-Initialization
 161:Src/stm32h7xx_hal_msp.c **** * This function freeze the hardware resources used in this example
 162:Src/stm32h7xx_hal_msp.c **** * @param hpcd: PCD handle pointer
 163:Src/stm32h7xx_hal_msp.c **** * @retval None
 164:Src/stm32h7xx_hal_msp.c **** */
 165:Src/stm32h7xx_hal_msp.c **** void HAL_PCD_MspDeInit(PCD_HandleTypeDef* hpcd)
 166:Src/stm32h7xx_hal_msp.c **** {
 253              		.loc 1 166 0
 254              		.cfi_startproc
 255              		@ args = 0, pretend = 0, frame = 0
 256              		@ frame_needed = 0, uses_anonymous_args = 0
 257              	.LVL7:
 258 0000 08B5     		push	{r3, lr}
 259              	.LCFI8:
 260              		.cfi_def_cfa_offset 8
 261              		.cfi_offset 3, -8
 262              		.cfi_offset 14, -4
 167:Src/stm32h7xx_hal_msp.c ****   if(hpcd->Instance==USB_OTG_FS)
 263              		.loc 1 167 0
 264 0002 0268     		ldr	r2, [r0]
 265 0004 084B     		ldr	r3, .L30
 266 0006 9A42     		cmp	r2, r3
 267 0008 00D0     		beq	.L29
 268              	.LVL8:
 269              	.L26:
 270 000a 08BD     		pop	{r3, pc}
 271              	.LVL9:
 272              	.L29:
 168:Src/stm32h7xx_hal_msp.c ****   {
 169:Src/stm32h7xx_hal_msp.c ****   /* USER CODE BEGIN USB_OTG_FS_MspDeInit 0 */
 170:Src/stm32h7xx_hal_msp.c **** 
 171:Src/stm32h7xx_hal_msp.c ****   /* USER CODE END USB_OTG_FS_MspDeInit 0 */
 172:Src/stm32h7xx_hal_msp.c ****     /* Peripheral clock disable */
 173:Src/stm32h7xx_hal_msp.c ****     __HAL_RCC_USB_OTG_FS_CLK_DISABLE();
 273              		.loc 1 173 0
 274 000c 074A     		ldr	r2, .L30+4
 275 000e D2F8D830 		ldr	r3, [r2, #216]
 276 0012 23F00063 		bic	r3, r3, #134217728
 277 0016 C2F8D830 		str	r3, [r2, #216]
 174:Src/stm32h7xx_hal_msp.c ****   
 175:Src/stm32h7xx_hal_msp.c ****     /**USB_OTG_FS GPIO Configuration    
 176:Src/stm32h7xx_hal_msp.c ****     PA11     ------> USB_OTG_FS_DM
 177:Src/stm32h7xx_hal_msp.c ****     PA12     ------> USB_OTG_FS_DP 
 178:Src/stm32h7xx_hal_msp.c ****     */
 179:Src/stm32h7xx_hal_msp.c ****     HAL_GPIO_DeInit(GPIOA, GPIO_PIN_11|GPIO_PIN_12);
 278              		.loc 1 179 0
ARM GAS  /tmp/ccTyiAO3.s 			page 9


 279 001a 4FF4C051 		mov	r1, #6144
 280 001e 0448     		ldr	r0, .L30+8
 281              	.LVL10:
 282 0020 FFF7FEFF 		bl	HAL_GPIO_DeInit
 283              	.LVL11:
 180:Src/stm32h7xx_hal_msp.c **** 
 181:Src/stm32h7xx_hal_msp.c ****   /* USER CODE BEGIN USB_OTG_FS_MspDeInit 1 */
 182:Src/stm32h7xx_hal_msp.c **** 
 183:Src/stm32h7xx_hal_msp.c ****   /* USER CODE END USB_OTG_FS_MspDeInit 1 */
 184:Src/stm32h7xx_hal_msp.c ****   }
 185:Src/stm32h7xx_hal_msp.c **** 
 186:Src/stm32h7xx_hal_msp.c **** }
 284              		.loc 1 186 0
 285 0024 F1E7     		b	.L26
 286              	.L31:
 287 0026 00BF     		.align	2
 288              	.L30:
 289 0028 00000840 		.word	1074266112
 290 002c 00440258 		.word	1476543488
 291 0030 00000258 		.word	1476526080
 292              		.cfi_endproc
 293              	.LFE145:
 295              		.text
 296              	.Letext0:
 297              		.file 2 "/usr/include/newlib/machine/_default_types.h"
 298              		.file 3 "/usr/include/newlib/sys/_stdint.h"
 299              		.file 4 "Drivers/CMSIS/Include/core_cm7.h"
 300              		.file 5 "Drivers/CMSIS/Device/ST/STM32H7xx/Include/system_stm32h7xx.h"
 301              		.file 6 "Drivers/CMSIS/Device/ST/STM32H7xx/Include/stm32h743xx.h"
 302              		.file 7 "/usr/include/newlib/sys/lock.h"
 303              		.file 8 "/usr/include/newlib/sys/_types.h"
 304              		.file 9 "/usr/lib/gcc/arm-none-eabi/6.3.1/include/stddef.h"
 305              		.file 10 "/usr/include/newlib/sys/reent.h"
 306              		.file 11 "/usr/include/newlib/math.h"
 307              		.file 12 "Drivers/STM32H7xx_HAL_Driver/Inc/stm32h7xx_hal_def.h"
 308              		.file 13 "Drivers/STM32H7xx_HAL_Driver/Inc/stm32h7xx_hal_gpio.h"
 309              		.file 14 "Drivers/STM32H7xx_HAL_Driver/Inc/stm32h7xx_hal_dma.h"
 310              		.file 15 "Drivers/STM32H7xx_HAL_Driver/Inc/stm32h7xx_hal_flash.h"
 311              		.file 16 "Drivers/STM32H7xx_HAL_Driver/Inc/stm32h7xx_hal_tim.h"
 312              		.file 17 "Drivers/STM32H7xx_HAL_Driver/Inc/stm32h7xx_ll_usb.h"
 313              		.file 18 "Drivers/STM32H7xx_HAL_Driver/Inc/stm32h7xx_hal_pcd.h"
 314              		.file 19 "Drivers/STM32H7xx_HAL_Driver/Inc/stm32h7xx_hal.h"
ARM GAS  /tmp/ccTyiAO3.s 			page 10


DEFINED SYMBOLS
                            *ABS*:0000000000000000 stm32h7xx_hal_msp.c
     /tmp/ccTyiAO3.s:17     .text.HAL_MspInit:0000000000000000 $t
     /tmp/ccTyiAO3.s:24     .text.HAL_MspInit:0000000000000000 HAL_MspInit
     /tmp/ccTyiAO3.s:55     .text.HAL_MspInit:0000000000000020 $d
     /tmp/ccTyiAO3.s:60     .text.HAL_TIM_Base_MspInit:0000000000000000 $t
     /tmp/ccTyiAO3.s:67     .text.HAL_TIM_Base_MspInit:0000000000000000 HAL_TIM_Base_MspInit
     /tmp/ccTyiAO3.s:107    .text.HAL_TIM_Base_MspInit:000000000000002c $d
     /tmp/ccTyiAO3.s:112    .text.HAL_TIM_Base_MspDeInit:0000000000000000 $t
     /tmp/ccTyiAO3.s:119    .text.HAL_TIM_Base_MspDeInit:0000000000000000 HAL_TIM_Base_MspDeInit
     /tmp/ccTyiAO3.s:144    .text.HAL_TIM_Base_MspDeInit:000000000000001c $d
     /tmp/ccTyiAO3.s:149    .text.HAL_PCD_MspInit:0000000000000000 $t
     /tmp/ccTyiAO3.s:156    .text.HAL_PCD_MspInit:0000000000000000 HAL_PCD_MspInit
     /tmp/ccTyiAO3.s:237    .text.HAL_PCD_MspInit:0000000000000068 $d
     /tmp/ccTyiAO3.s:244    .text.HAL_PCD_MspDeInit:0000000000000000 $t
     /tmp/ccTyiAO3.s:251    .text.HAL_PCD_MspDeInit:0000000000000000 HAL_PCD_MspDeInit
     /tmp/ccTyiAO3.s:289    .text.HAL_PCD_MspDeInit:0000000000000028 $d
                     .debug_frame:0000000000000010 $d

UNDEFINED SYMBOLS
HAL_GPIO_Init
HAL_GPIO_DeInit
